{"numFailedTestSuites":9,"numFailedTests":9,"numPassedTestSuites":17,"numPassedTests":107,"numPendingTestSuites":0,"numPendingTests":0,"numRuntimeErrorTestSuites":5,"numTodoTests":0,"numTotalTestSuites":26,"numTotalTests":116,"openHandles":[],"snapshot":{"added":0,"didUpdate":false,"failure":false,"filesAdded":0,"filesRemoved":0,"filesRemovedList":[],"filesUnmatched":0,"filesUpdated":0,"matched":0,"total":0,"unchecked":0,"uncheckedKeysByFile":[],"unmatched":0,"updated":0},"startTime":1771795600983,"success":false,"testResults":[{"assertionResults":[{"ancestorTitles":["Revenue Optimization Integration Suite","Scenario 1: New Product Launch Decision Flow"],"duration":10,"failing":false,"failureDetails":[],"failureMessages":[],"fullName":"Revenue Optimization Integration Suite Scenario 1: New Product Launch Decision Flow should validate product survivability through all gatekeepers","invocations":1,"location":null,"numPassingAsserts":7,"retryReasons":[],"startAt":1771795614950,"status":"passed","title":"should validate product survivability through all gatekeepers"},{"ancestorTitles":["Revenue Optimization Integration Suite","Scenario 2: Underperforming Product Optimization"],"duration":12,"failing":false,"failureDetails":[{"matcherResult":{"actual":"interest","expected":"awareness","message":"\u001b[2mexpect(\u001b[22m\u001b[31mreceived\u001b[39m\u001b[2m).\u001b[22mtoBe\u001b[2m(\u001b[22m\u001b[32mexpected\u001b[39m\u001b[2m) // Object.is equality\u001b[22m\n\nExpected: \u001b[32m\"awareness\"\u001b[39m\nReceived: \u001b[31m\"interest\"\u001b[39m","name":"toBe","pass":false}}],"failureMessages":["Error: \u001b[2mexpect(\u001b[22m\u001b[31mreceived\u001b[39m\u001b[2m).\u001b[22mtoBe\u001b[2m(\u001b[22m\u001b[32mexpected\u001b[39m\u001b[2m) // Object.is equality\u001b[22m\n\nExpected: \u001b[32m\"awareness\"\u001b[39m\nReceived: \u001b[31m\"interest\"\u001b[39m\n    at Object.toBe (C:\\Projects\\avatar-g-frontend-v3\\__tests__\\revenue-optimization\\integration.test.ts:113:35)\n    at Promise.finally.completed (C:\\Projects\\avatar-g-frontend-v3\\node_modules\\jest-circus\\build\\jestAdapterInit.js:1557:28)\n    at new Promise (<anonymous>)\n    at callAsyncCircusFn (C:\\Projects\\avatar-g-frontend-v3\\node_modules\\jest-circus\\build\\jestAdapterInit.js:1497:10)\n    at _callCircusTest (C:\\Projects\\avatar-g-frontend-v3\\node_modules\\jest-circus\\build\\jestAdapterInit.js:1007:40)\n    at _runTest (C:\\Projects\\avatar-g-frontend-v3\\node_modules\\jest-circus\\build\\jestAdapterInit.js:947:3)\n    at C:\\Projects\\avatar-g-frontend-v3\\node_modules\\jest-circus\\build\\jestAdapterInit.js:849:7\n    at _runTestsForDescribeBlock (C:\\Projects\\avatar-g-frontend-v3\\node_modules\\jest-circus\\build\\jestAdapterInit.js:862:11)\n    at _runTestsForDescribeBlock (C:\\Projects\\avatar-g-frontend-v3\\node_modules\\jest-circus\\build\\jestAdapterInit.js:857:11)\n    at _runTestsForDescribeBlock (C:\\Projects\\avatar-g-frontend-v3\\node_modules\\jest-circus\\build\\jestAdapterInit.js:857:11)\n    at run (C:\\Projects\\avatar-g-frontend-v3\\node_modules\\jest-circus\\build\\jestAdapterInit.js:761:3)\n    at runAndTransformResultsToJestFormat (C:\\Projects\\avatar-g-frontend-v3\\node_modules\\jest-circus\\build\\jestAdapterInit.js:1918:21)\n    at jestAdapter (C:\\Projects\\avatar-g-frontend-v3\\node_modules\\jest-circus\\build\\runner.js:101:19)\n    at runTestInternal (C:\\Projects\\avatar-g-frontend-v3\\node_modules\\jest-runner\\build\\index.js:275:16)\n    at runTest (C:\\Projects\\avatar-g-frontend-v3\\node_modules\\jest-runner\\build\\index.js:343:7)"],"fullName":"Revenue Optimization Integration Suite Scenario 2: Underperforming Product Optimization should diagnose low conversion and apply correction flow","invocations":1,"location":null,"numPassingAsserts":1,"retryReasons":[],"startAt":1771795614989,"status":"failed","title":"should diagnose low conversion and apply correction flow"},{"ancestorTitles":["Revenue Optimization Integration Suite","Scenario 3: High-Margin Premium Product Strategy"],"duration":2,"failing":false,"failureDetails":[{"matcherResult":{"message":"\u001b[2mexpect(\u001b[22m\u001b[31mreceived\u001b[39m\u001b[2m).\u001b[22mtoBeGreaterThan\u001b[2m(\u001b[22m\u001b[32mexpected\u001b[39m\u001b[2m)\u001b[22m\n\nExpected: > \u001b[32m7000\u001b[39m\nReceived:   \u001b[31m1828\u001b[39m","pass":false}}],"failureMessages":["Error: \u001b[2mexpect(\u001b[22m\u001b[31mreceived\u001b[39m\u001b[2m).\u001b[22mtoBeGreaterThan\u001b[2m(\u001b[22m\u001b[32mexpected\u001b[39m\u001b[2m)\u001b[22m\n\nExpected: > \u001b[32m7000\u001b[39m\nReceived:   \u001b[31m1828\u001b[39m\n    at Object.toBeGreaterThan (C:\\Projects\\avatar-g-frontend-v3\\__tests__\\revenue-optimization\\integration.test.ts:183:49)\n    at Promise.finally.completed (C:\\Projects\\avatar-g-frontend-v3\\node_modules\\jest-circus\\build\\jestAdapterInit.js:1557:28)\n    at new Promise (<anonymous>)\n    at callAsyncCircusFn (C:\\Projects\\avatar-g-frontend-v3\\node_modules\\jest-circus\\build\\jestAdapterInit.js:1497:10)\n    at _callCircusTest (C:\\Projects\\avatar-g-frontend-v3\\node_modules\\jest-circus\\build\\jestAdapterInit.js:1007:40)\n    at _runTest (C:\\Projects\\avatar-g-frontend-v3\\node_modules\\jest-circus\\build\\jestAdapterInit.js:947:3)\n    at C:\\Projects\\avatar-g-frontend-v3\\node_modules\\jest-circus\\build\\jestAdapterInit.js:849:7\n    at _runTestsForDescribeBlock (C:\\Projects\\avatar-g-frontend-v3\\node_modules\\jest-circus\\build\\jestAdapterInit.js:862:11)\n    at _runTestsForDescribeBlock (C:\\Projects\\avatar-g-frontend-v3\\node_modules\\jest-circus\\build\\jestAdapterInit.js:857:11)\n    at _runTestsForDescribeBlock (C:\\Projects\\avatar-g-frontend-v3\\node_modules\\jest-circus\\build\\jestAdapterInit.js:857:11)\n    at run (C:\\Projects\\avatar-g-frontend-v3\\node_modules\\jest-circus\\build\\jestAdapterInit.js:761:3)\n    at runAndTransformResultsToJestFormat (C:\\Projects\\avatar-g-frontend-v3\\node_modules\\jest-circus\\build\\jestAdapterInit.js:1918:21)\n    at jestAdapter (C:\\Projects\\avatar-g-frontend-v3\\node_modules\\jest-circus\\build\\runner.js:101:19)\n    at runTestInternal (C:\\Projects\\avatar-g-frontend-v3\\node_modules\\jest-runner\\build\\index.js:275:16)\n    at runTest (C:\\Projects\\avatar-g-frontend-v3\\node_modules\\jest-runner\\build\\index.js:343:7)"],"fullName":"Revenue Optimization Integration Suite Scenario 3: High-Margin Premium Product Strategy should maximize revenue for premium tier offerings","invocations":1,"location":null,"numPassingAsserts":1,"retryReasons":[],"startAt":1771795615033,"status":"failed","title":"should maximize revenue for premium tier offerings"},{"ancestorTitles":["Revenue Optimization Integration Suite","Scenario 4: Risk Mitigation for Volatile Markets"],"duration":2,"failing":false,"failureDetails":[],"failureMessages":[],"fullName":"Revenue Optimization Integration Suite Scenario 4: Risk Mitigation for Volatile Markets should add safety buffers for high-uncertainty products","invocations":1,"location":null,"numPassingAsserts":0,"retryReasons":[],"startAt":1771795615040,"status":"passed","title":"should add safety buffers for high-uncertainty products"},{"ancestorTitles":["Revenue Optimization Integration Suite","Scenario 5: Multi-Product Portfolio Optimization"],"duration":2,"failing":false,"failureDetails":[{"matcherResult":{"actual":false,"expected":true,"message":"\u001b[2mexpect(\u001b[22m\u001b[31mreceived\u001b[39m\u001b[2m).\u001b[22mtoBe\u001b[2m(\u001b[22m\u001b[32mexpected\u001b[39m\u001b[2m) // Object.is equality\u001b[22m\n\nExpected: \u001b[32mtrue\u001b[39m\nReceived: \u001b[31mfalse\u001b[39m","name":"toBe","pass":false}}],"failureMessages":["Error: \u001b[2mexpect(\u001b[22m\u001b[31mreceived\u001b[39m\u001b[2m).\u001b[22mtoBe\u001b[2m(\u001b[22m\u001b[32mexpected\u001b[39m\u001b[2m) // Object.is equality\u001b[22m\n\nExpected: \u001b[32mtrue\u001b[39m\nReceived: \u001b[31mfalse\u001b[39m\n    at Object.toBe (C:\\Projects\\avatar-g-frontend-v3\\__tests__\\revenue-optimization\\integration.test.ts:338:36)\n    at Promise.finally.completed (C:\\Projects\\avatar-g-frontend-v3\\node_modules\\jest-circus\\build\\jestAdapterInit.js:1557:28)\n    at new Promise (<anonymous>)\n    at callAsyncCircusFn (C:\\Projects\\avatar-g-frontend-v3\\node_modules\\jest-circus\\build\\jestAdapterInit.js:1497:10)\n    at _callCircusTest (C:\\Projects\\avatar-g-frontend-v3\\node_modules\\jest-circus\\build\\jestAdapterInit.js:1007:40)\n    at _runTest (C:\\Projects\\avatar-g-frontend-v3\\node_modules\\jest-circus\\build\\jestAdapterInit.js:947:3)\n    at C:\\Projects\\avatar-g-frontend-v3\\node_modules\\jest-circus\\build\\jestAdapterInit.js:849:7\n    at _runTestsForDescribeBlock (C:\\Projects\\avatar-g-frontend-v3\\node_modules\\jest-circus\\build\\jestAdapterInit.js:862:11)\n    at _runTestsForDescribeBlock (C:\\Projects\\avatar-g-frontend-v3\\node_modules\\jest-circus\\build\\jestAdapterInit.js:857:11)\n    at _runTestsForDescribeBlock (C:\\Projects\\avatar-g-frontend-v3\\node_modules\\jest-circus\\build\\jestAdapterInit.js:857:11)\n    at run (C:\\Projects\\avatar-g-frontend-v3\\node_modules\\jest-circus\\build\\jestAdapterInit.js:761:3)\n    at runAndTransformResultsToJestFormat (C:\\Projects\\avatar-g-frontend-v3\\node_modules\\jest-circus\\build\\jestAdapterInit.js:1918:21)\n    at jestAdapter (C:\\Projects\\avatar-g-frontend-v3\\node_modules\\jest-circus\\build\\runner.js:101:19)\n    at runTestInternal (C:\\Projects\\avatar-g-frontend-v3\\node_modules\\jest-runner\\build\\index.js:275:16)\n    at runTest (C:\\Projects\\avatar-g-frontend-v3\\node_modules\\jest-runner\\build\\index.js:343:7)"],"fullName":"Revenue Optimization Integration Suite Scenario 5: Multi-Product Portfolio Optimization should optimize portfolio with mixed margin profiles","invocations":1,"location":null,"numPassingAsserts":0,"retryReasons":[],"startAt":1771795615101,"status":"failed","title":"should optimize portfolio with mixed margin profiles"}],"endTime":1771795615206,"message":"\u001b[1m\u001b[31m  \u001b[1m● \u001b[22m\u001b[1mRevenue Optimization Integration Suite › Scenario 2: Underperforming Product Optimization › should diagnose low conversion and apply correction flow\u001b[39m\u001b[22m\n\n    \u001b[2mexpect(\u001b[22m\u001b[31mreceived\u001b[39m\u001b[2m).\u001b[22mtoBe\u001b[2m(\u001b[22m\u001b[32mexpected\u001b[39m\u001b[2m) // Object.is equality\u001b[22m\n\n    Expected: \u001b[32m\"awareness\"\u001b[39m\n    Received: \u001b[31m\"interest\"\u001b[39m\n\u001b[2m\u001b[22m\n\u001b[2m    \u001b[0m \u001b[90m 111 |\u001b[39m\u001b[22m\n\u001b[2m     \u001b[90m 112 |\u001b[39m       expect(analysis\u001b[33m.\u001b[39mconversionRate)\u001b[33m.\u001b[39mtoBeLessThan(\u001b[35m1\u001b[39m)\u001b[33m;\u001b[39m\u001b[22m\n\u001b[2m    \u001b[31m\u001b[1m>\u001b[22m\u001b[2m\u001b[39m\u001b[90m 113 |\u001b[39m       expect(analysis\u001b[33m.\u001b[39mbottleneck)\u001b[33m.\u001b[39mtoBe(\u001b[32m'awareness'\u001b[39m)\u001b[33m;\u001b[39m \u001b[90m// CTR is only 3%\u001b[39m\u001b[22m\n\u001b[2m     \u001b[90m     |\u001b[39m                                   \u001b[31m\u001b[1m^\u001b[22m\u001b[2m\u001b[39m\u001b[22m\n\u001b[2m     \u001b[90m 114 |\u001b[39m\u001b[22m\n\u001b[2m     \u001b[90m 115 |\u001b[39m       \u001b[90m// PHASE 2: Get specific suggestions\u001b[39m\u001b[22m\n\u001b[2m     \u001b[90m 116 |\u001b[39m       expect(analysis\u001b[33m.\u001b[39msuggestions)\u001b[33m.\u001b[39mtoHaveLength(\u001b[35m3\u001b[39m)\u001b[33m;\u001b[39m\u001b[0m\u001b[22m\n\u001b[2m\u001b[22m\n\u001b[2m      \u001b[2mat Object.toBe (\u001b[22m\u001b[2m\u001b[0m\u001b[36m__tests__/revenue-optimization/integration.test.ts\u001b[39m\u001b[0m\u001b[2m:113:35)\u001b[22m\u001b[2m\u001b[22m\n\n\u001b[1m\u001b[31m  \u001b[1m● \u001b[22m\u001b[1mRevenue Optimization Integration Suite › Scenario 3: High-Margin Premium Product Strategy › should maximize revenue for premium tier offerings\u001b[39m\u001b[22m\n\n    \u001b[2mexpect(\u001b[22m\u001b[31mreceived\u001b[39m\u001b[2m).\u001b[22mtoBeGreaterThan\u001b[2m(\u001b[22m\u001b[32mexpected\u001b[39m\u001b[2m)\u001b[22m\n\n    Expected: > \u001b[32m7000\u001b[39m\n    Received:   \u001b[31m1828\u001b[39m\n\u001b[2m\u001b[22m\n\u001b[2m    \u001b[0m \u001b[90m 181 |\u001b[39m\u001b[22m\n\u001b[2m     \u001b[90m 182 |\u001b[39m       expect(premiumMargins\u001b[33m.\u001b[39misApproved)\u001b[33m.\u001b[39mtoBe(\u001b[36mtrue\u001b[39m)\u001b[33m;\u001b[39m\u001b[22m\n\u001b[2m    \u001b[31m\u001b[1m>\u001b[22m\u001b[2m\u001b[39m\u001b[90m 183 |\u001b[39m       expect(premiumMargins\u001b[33m.\u001b[39mworstCaseMarginBps)\u001b[33m.\u001b[39mtoBeGreaterThan(\u001b[35m7000\u001b[39m)\u001b[33m;\u001b[39m \u001b[90m// At least 70%\u001b[39m\u001b[22m\n\u001b[2m     \u001b[90m     |\u001b[39m                                                 \u001b[31m\u001b[1m^\u001b[22m\u001b[2m\u001b[39m\u001b[22m\n\u001b[2m     \u001b[90m 184 |\u001b[39m\u001b[22m\n\u001b[2m     \u001b[90m 185 |\u001b[39m       \u001b[90m// PHASE 2: Optimize pricing for high demand\u001b[39m\u001b[22m\n\u001b[2m     \u001b[90m 186 |\u001b[39m       \u001b[36mconst\u001b[39m optimized \u001b[33m=\u001b[39m computeDynamicPrice(\u001b[0m\u001b[22m\n\u001b[2m\u001b[22m\n\u001b[2m      \u001b[2mat Object.toBeGreaterThan (\u001b[22m\u001b[2m\u001b[0m\u001b[36m__tests__/revenue-optimization/integration.test.ts\u001b[39m\u001b[0m\u001b[2m:183:49)\u001b[22m\u001b[2m\u001b[22m\n\n\u001b[1m\u001b[31m  \u001b[1m● \u001b[22m\u001b[1mRevenue Optimization Integration Suite › Scenario 5: Multi-Product Portfolio Optimization › should optimize portfolio with mixed margin profiles\u001b[39m\u001b[22m\n\n    \u001b[2mexpect(\u001b[22m\u001b[31mreceived\u001b[39m\u001b[2m).\u001b[22mtoBe\u001b[2m(\u001b[22m\u001b[32mexpected\u001b[39m\u001b[2m) // Object.is equality\u001b[22m\n\n    Expected: \u001b[32mtrue\u001b[39m\n    Received: \u001b[31mfalse\u001b[39m\n\u001b[2m\u001b[22m\n\u001b[2m    \u001b[0m \u001b[90m 336 |\u001b[39m         }\u001b[33m;\u001b[39m\u001b[22m\n\u001b[2m     \u001b[90m 337 |\u001b[39m\u001b[22m\n\u001b[2m    \u001b[31m\u001b[1m>\u001b[22m\u001b[2m\u001b[39m\u001b[90m 338 |\u001b[39m         expect(margins\u001b[33m.\u001b[39misApproved)\u001b[33m.\u001b[39mtoBe(\u001b[36mtrue\u001b[39m)\u001b[33m;\u001b[39m\u001b[22m\n\u001b[2m     \u001b[90m     |\u001b[39m                                    \u001b[31m\u001b[1m^\u001b[22m\u001b[2m\u001b[39m\u001b[22m\n\u001b[2m     \u001b[90m 339 |\u001b[39m       }\u001b[22m\n\u001b[2m     \u001b[90m 340 |\u001b[39m\u001b[22m\n\u001b[2m     \u001b[90m 341 |\u001b[39m       \u001b[90m// All products should be approved and optimized\u001b[39m\u001b[0m\u001b[22m\n\u001b[2m\u001b[22m\n\u001b[2m      \u001b[2mat Object.toBe (\u001b[22m\u001b[2m\u001b[0m\u001b[36m__tests__/revenue-optimization/integration.test.ts\u001b[39m\u001b[0m\u001b[2m:338:36)\u001b[22m\u001b[2m\u001b[22m\n","name":"C:\\Projects\\avatar-g-frontend-v3\\__tests__\\revenue-optimization\\integration.test.ts","startTime":1771795609586,"status":"failed","summary":""},{"assertionResults":[{"ancestorTitles":["/api/agent-g/telegram/webhook voice path"],"duration":139,"failing":false,"failureDetails":[],"failureMessages":[],"fullName":"/api/agent-g/telegram/webhook voice path transcribes voice and sends audio response","invocations":1,"location":null,"numPassingAsserts":6,"retryReasons":[],"startAt":1771795618198,"status":"passed","title":"transcribes voice and sends audio response"}],"endTime":1771795618516,"message":"","name":"C:\\Projects\\avatar-g-frontend-v3\\__tests__\\api\\agent-g-telegram-voice-webhook.test.ts","startTime":1771795615455,"status":"passed","summary":""},{"assertionResults":[{"ancestorTitles":["Edge Cases: Dynamic Pricing Engine"],"duration":2,"failing":false,"failureDetails":[],"failureMessages":[],"fullName":"Edge Cases: Dynamic Pricing Engine should handle zero price gracefully","invocations":1,"location":null,"numPassingAsserts":1,"retryReasons":[],"startAt":1771795620753,"status":"passed","title":"should handle zero price gracefully"},{"ancestorTitles":["Edge Cases: Dynamic Pricing Engine"],"duration":1,"failing":false,"failureDetails":[],"failureMessages":[],"fullName":"Edge Cases: Dynamic Pricing Engine should handle extreme inventory levels","invocations":1,"location":null,"numPassingAsserts":2,"retryReasons":[],"startAt":1771795620764,"status":"passed","title":"should handle extreme inventory levels"},{"ancestorTitles":["Edge Cases: Dynamic Pricing Engine"],"duration":1,"failing":false,"failureDetails":[],"failureMessages":[],"fullName":"Edge Cases: Dynamic Pricing Engine should handle zero conversion rate","invocations":1,"location":null,"numPassingAsserts":1,"retryReasons":[],"startAt":1771795620766,"status":"passed","title":"should handle zero conversion rate"},{"ancestorTitles":["Edge Cases: Dynamic Pricing Engine"],"duration":1,"failing":false,"failureDetails":[],"failureMessages":[],"fullName":"Edge Cases: Dynamic Pricing Engine should handle extremely high conversion rates","invocations":1,"location":null,"numPassingAsserts":1,"retryReasons":[],"startAt":1771795620767,"status":"passed","title":"should handle extremely high conversion rates"},{"ancestorTitles":["Edge Cases: Dynamic Pricing Engine"],"duration":0,"failing":false,"failureDetails":[],"failureMessages":[],"fullName":"Edge Cases: Dynamic Pricing Engine should estimate non-negative conversion after price change","invocations":1,"location":null,"numPassingAsserts":1,"retryReasons":[],"startAt":1771795620769,"status":"passed","title":"should estimate non-negative conversion after price change"},{"ancestorTitles":["Edge Cases: Dynamic Pricing Engine"],"duration":2,"failing":false,"failureDetails":[],"failureMessages":[],"fullName":"Edge Cases: Dynamic Pricing Engine should batch process multiple products","invocations":1,"location":null,"numPassingAsserts":4,"retryReasons":[],"startAt":1771795620770,"status":"passed","title":"should batch process multiple products"},{"ancestorTitles":["Edge Cases: Conversion Optimization"],"duration":5,"failing":false,"failureDetails":[],"failureMessages":[],"fullName":"Edge Cases: Conversion Optimization should handle funnel with zero traffic","invocations":1,"location":null,"numPassingAsserts":2,"retryReasons":[],"startAt":1771795620772,"status":"passed","title":"should handle funnel with zero traffic"},{"ancestorTitles":["Edge Cases: Conversion Optimization"],"duration":1,"failing":false,"failureDetails":[],"failureMessages":[],"fullName":"Edge Cases: Conversion Optimization should handle funnel with incomplete data","invocations":1,"location":null,"numPassingAsserts":1,"retryReasons":[],"startAt":1771795620780,"status":"passed","title":"should handle funnel with incomplete data"},{"ancestorTitles":["Edge Cases: Conversion Optimization"],"duration":2,"failing":false,"failureDetails":[],"failureMessages":[],"fullName":"Edge Cases: Conversion Optimization should recommend appropriate test duration for low traffic","invocations":1,"location":null,"numPassingAsserts":2,"retryReasons":[],"startAt":1771795620783,"status":"passed","title":"should recommend appropriate test duration for low traffic"},{"ancestorTitles":["Edge Cases: Conversion Optimization"],"duration":1,"failing":false,"failureDetails":[{"matcherResult":{"message":"\u001b[2mexpect(\u001b[22m\u001b[31mreceived\u001b[39m\u001b[2m).\u001b[22mtoBeGreaterThan\u001b[2m(\u001b[22m\u001b[32mexpected\u001b[39m\u001b[2m)\u001b[22m\n\nExpected: > \u001b[32m100\u001b[39m\nReceived:   \u001b[31m100\u001b[39m","pass":false}}],"failureMessages":["Error: \u001b[2mexpect(\u001b[22m\u001b[31mreceived\u001b[39m\u001b[2m).\u001b[22mtoBeGreaterThan\u001b[2m(\u001b[22m\u001b[32mexpected\u001b[39m\u001b[2m)\u001b[22m\n\nExpected: > \u001b[32m100\u001b[39m\nReceived:   \u001b[31m100\u001b[39m\n    at Object.toBeGreaterThan (C:\\Projects\\avatar-g-frontend-v3\\__tests__\\revenue-optimization\\edge-cases.test.ts:164:39)\n    at Promise.finally.completed (C:\\Projects\\avatar-g-frontend-v3\\node_modules\\jest-circus\\build\\jestAdapterInit.js:1557:28)\n    at new Promise (<anonymous>)\n    at callAsyncCircusFn (C:\\Projects\\avatar-g-frontend-v3\\node_modules\\jest-circus\\build\\jestAdapterInit.js:1497:10)\n    at _callCircusTest (C:\\Projects\\avatar-g-frontend-v3\\node_modules\\jest-circus\\build\\jestAdapterInit.js:1007:40)\n    at _runTest (C:\\Projects\\avatar-g-frontend-v3\\node_modules\\jest-circus\\build\\jestAdapterInit.js:947:3)\n    at C:\\Projects\\avatar-g-frontend-v3\\node_modules\\jest-circus\\build\\jestAdapterInit.js:849:7\n    at _runTestsForDescribeBlock (C:\\Projects\\avatar-g-frontend-v3\\node_modules\\jest-circus\\build\\jestAdapterInit.js:862:11)\n    at _runTestsForDescribeBlock (C:\\Projects\\avatar-g-frontend-v3\\node_modules\\jest-circus\\build\\jestAdapterInit.js:857:11)\n    at run (C:\\Projects\\avatar-g-frontend-v3\\node_modules\\jest-circus\\build\\jestAdapterInit.js:761:3)\n    at runAndTransformResultsToJestFormat (C:\\Projects\\avatar-g-frontend-v3\\node_modules\\jest-circus\\build\\jestAdapterInit.js:1918:21)\n    at jestAdapter (C:\\Projects\\avatar-g-frontend-v3\\node_modules\\jest-circus\\build\\runner.js:101:19)\n    at runTestInternal (C:\\Projects\\avatar-g-frontend-v3\\node_modules\\jest-runner\\build\\index.js:275:16)\n    at runTest (C:\\Projects\\avatar-g-frontend-v3\\node_modules\\jest-runner\\build\\index.js:343:7)"],"fullName":"Edge Cases: Conversion Optimization should recommend test for excellent funnel (for incremental gains)","invocations":1,"location":null,"numPassingAsserts":1,"retryReasons":[],"startAt":1771795620786,"status":"failed","title":"should recommend test for excellent funnel (for incremental gains)"},{"ancestorTitles":["Edge Cases: Shipping Intelligence"],"duration":1,"failing":false,"failureDetails":[],"failureMessages":[],"fullName":"Edge Cases: Shipping Intelligence should handle next-day delivery (extreme speed)","invocations":1,"location":null,"numPassingAsserts":2,"retryReasons":[],"startAt":1771795620818,"status":"passed","title":"should handle next-day delivery (extreme speed)"},{"ancestorTitles":["Edge Cases: Shipping Intelligence"],"duration":1,"failing":false,"failureDetails":[],"failureMessages":[],"fullName":"Edge Cases: Shipping Intelligence should handle worst-case slow delivery","invocations":1,"location":null,"numPassingAsserts":2,"retryReasons":[],"startAt":1771795620819,"status":"passed","title":"should handle worst-case slow delivery"},{"ancestorTitles":["Edge Cases: Shipping Intelligence"],"duration":0,"failing":false,"failureDetails":[],"failureMessages":[],"fullName":"Edge Cases: Shipping Intelligence should handle zero refund rate","invocations":1,"location":null,"numPassingAsserts":1,"retryReasons":[],"startAt":1771795620821,"status":"passed","title":"should handle zero refund rate"},{"ancestorTitles":["Edge Cases: Auto-Margin Guard"],"duration":1,"failing":false,"failureDetails":[],"failureMessages":[],"fullName":"Edge Cases: Auto-Margin Guard should reject product with negative margin potential","invocations":1,"location":null,"numPassingAsserts":2,"retryReasons":[],"startAt":1771795620855,"status":"passed","title":"should reject product with negative margin potential"},{"ancestorTitles":["Edge Cases: Auto-Margin Guard"],"duration":6,"failing":false,"failureDetails":[{"matcherResult":{"actual":false,"expected":true,"message":"\u001b[2mexpect(\u001b[22m\u001b[31mreceived\u001b[39m\u001b[2m).\u001b[22mtoBe\u001b[2m(\u001b[22m\u001b[32mexpected\u001b[39m\u001b[2m) // Object.is equality\u001b[22m\n\nExpected: \u001b[32mtrue\u001b[39m\nReceived: \u001b[31mfalse\u001b[39m","name":"toBe","pass":false}}],"failureMessages":["Error: \u001b[2mexpect(\u001b[22m\u001b[31mreceived\u001b[39m\u001b[2m).\u001b[22mtoBe\u001b[2m(\u001b[22m\u001b[32mexpected\u001b[39m\u001b[2m) // Object.is equality\u001b[22m\n\nExpected: \u001b[32mtrue\u001b[39m\nReceived: \u001b[31mfalse\u001b[39m\n    at Object.toBe (C:\\Projects\\avatar-g-frontend-v3\\__tests__\\revenue-optimization\\edge-cases.test.ts:244:35)\n    at Promise.finally.completed (C:\\Projects\\avatar-g-frontend-v3\\node_modules\\jest-circus\\build\\jestAdapterInit.js:1557:28)\n    at new Promise (<anonymous>)\n    at callAsyncCircusFn (C:\\Projects\\avatar-g-frontend-v3\\node_modules\\jest-circus\\build\\jestAdapterInit.js:1497:10)\n    at _callCircusTest (C:\\Projects\\avatar-g-frontend-v3\\node_modules\\jest-circus\\build\\jestAdapterInit.js:1007:40)\n    at _runTest (C:\\Projects\\avatar-g-frontend-v3\\node_modules\\jest-circus\\build\\jestAdapterInit.js:947:3)\n    at C:\\Projects\\avatar-g-frontend-v3\\node_modules\\jest-circus\\build\\jestAdapterInit.js:849:7\n    at _runTestsForDescribeBlock (C:\\Projects\\avatar-g-frontend-v3\\node_modules\\jest-circus\\build\\jestAdapterInit.js:862:11)\n    at _runTestsForDescribeBlock (C:\\Projects\\avatar-g-frontend-v3\\node_modules\\jest-circus\\build\\jestAdapterInit.js:857:11)\n    at run (C:\\Projects\\avatar-g-frontend-v3\\node_modules\\jest-circus\\build\\jestAdapterInit.js:761:3)\n    at runAndTransformResultsToJestFormat (C:\\Projects\\avatar-g-frontend-v3\\node_modules\\jest-circus\\build\\jestAdapterInit.js:1918:21)\n    at jestAdapter (C:\\Projects\\avatar-g-frontend-v3\\node_modules\\jest-circus\\build\\runner.js:101:19)\n    at runTestInternal (C:\\Projects\\avatar-g-frontend-v3\\node_modules\\jest-runner\\build\\index.js:275:16)\n    at runTest (C:\\Projects\\avatar-g-frontend-v3\\node_modules\\jest-runner\\build\\index.js:343:7)"],"fullName":"Edge Cases: Auto-Margin Guard should handle high-value products correctly","invocations":1,"location":null,"numPassingAsserts":0,"retryReasons":[],"startAt":1771795620856,"status":"failed","title":"should handle high-value products correctly"},{"ancestorTitles":["Edge Cases: Auto-Margin Guard"],"duration":1,"failing":false,"failureDetails":[],"failureMessages":[],"fullName":"Edge Cases: Auto-Margin Guard should provide accurate sensitivity for critical factors","invocations":1,"location":null,"numPassingAsserts":5,"retryReasons":[],"startAt":1771795620869,"status":"passed","title":"should provide accurate sensitivity for critical factors"},{"ancestorTitles":["Edge Cases: Auto-Margin Guard"],"duration":41,"failing":false,"failureDetails":[],"failureMessages":[],"fullName":"Edge Cases: Auto-Margin Guard should calculate min price correctly for extreme scenarios","invocations":1,"location":null,"numPassingAsserts":1,"retryReasons":[],"startAt":1771795620871,"status":"passed","title":"should calculate min price correctly for extreme scenarios"},{"ancestorTitles":["Edge Cases: Auto-Margin Guard"],"duration":4,"failing":false,"failureDetails":[],"failureMessages":[],"fullName":"Edge Cases: Auto-Margin Guard should round min price to nearest 50 cents","invocations":1,"location":null,"numPassingAsserts":1,"retryReasons":[],"startAt":1771795620921,"status":"passed","title":"should round min price to nearest 50 cents"},{"ancestorTitles":["Boundary Conditions: Cross-Module"],"duration":1,"failing":false,"failureDetails":[],"failureMessages":[],"fullName":"Boundary Conditions: Cross-Module should handle products at minimum viable margin threshold","invocations":1,"location":null,"numPassingAsserts":1,"retryReasons":[],"startAt":1771795621420,"status":"passed","title":"should handle products at minimum viable margin threshold"},{"ancestorTitles":["Boundary Conditions: Cross-Module"],"duration":9,"failing":false,"failureDetails":[],"failureMessages":[],"fullName":"Boundary Conditions: Cross-Module should handle products at maximum complexity","invocations":1,"location":null,"numPassingAsserts":4,"retryReasons":[],"startAt":1771795621543,"status":"passed","title":"should handle products at maximum complexity"}],"endTime":1771795621599,"message":"\u001b[1m\u001b[31m  \u001b[1m● \u001b[22m\u001b[1mEdge Cases: Conversion Optimization › should recommend test for excellent funnel (for incremental gains)\u001b[39m\u001b[22m\n\n    \u001b[2mexpect(\u001b[22m\u001b[31mreceived\u001b[39m\u001b[2m).\u001b[22mtoBeGreaterThan\u001b[2m(\u001b[22m\u001b[32mexpected\u001b[39m\u001b[2m)\u001b[22m\n\n    Expected: > \u001b[32m100\u001b[39m\n    Received:   \u001b[31m100\u001b[39m\n\u001b[2m\u001b[22m\n\u001b[2m    \u001b[0m \u001b[90m 162 |\u001b[39m\u001b[22m\n\u001b[2m     \u001b[90m 163 |\u001b[39m     expect(test\u001b[33m.\u001b[39mrecommendedDurationDays)\u001b[33m.\u001b[39mtoBeGreaterThan(\u001b[35m0\u001b[39m)\u001b[33m;\u001b[39m\u001b[22m\n\u001b[2m    \u001b[31m\u001b[1m>\u001b[22m\u001b[2m\u001b[39m\u001b[90m 164 |\u001b[39m     expect(test\u001b[33m.\u001b[39mminConversionsNeeded)\u001b[33m.\u001b[39mtoBeGreaterThan(\u001b[35m100\u001b[39m)\u001b[33m;\u001b[39m\u001b[22m\n\u001b[2m     \u001b[90m     |\u001b[39m                                       \u001b[31m\u001b[1m^\u001b[22m\u001b[2m\u001b[39m\u001b[22m\n\u001b[2m     \u001b[90m 165 |\u001b[39m   })\u001b[33m;\u001b[39m\u001b[22m\n\u001b[2m     \u001b[90m 166 |\u001b[39m })\u001b[33m;\u001b[39m\u001b[22m\n\u001b[2m     \u001b[90m 167 |\u001b[39m\u001b[0m\u001b[22m\n\u001b[2m\u001b[22m\n\u001b[2m      \u001b[2mat Object.toBeGreaterThan (\u001b[22m\u001b[2m\u001b[0m\u001b[36m__tests__/revenue-optimization/edge-cases.test.ts\u001b[39m\u001b[0m\u001b[2m:164:39)\u001b[22m\u001b[2m\u001b[22m\n\n\u001b[1m\u001b[31m  \u001b[1m● \u001b[22m\u001b[1mEdge Cases: Auto-Margin Guard › should handle high-value products correctly\u001b[39m\u001b[22m\n\n    \u001b[2mexpect(\u001b[22m\u001b[31mreceived\u001b[39m\u001b[2m).\u001b[22mtoBe\u001b[2m(\u001b[22m\u001b[32mexpected\u001b[39m\u001b[2m) // Object.is equality\u001b[22m\n\n    Expected: \u001b[32mtrue\u001b[39m\n    Received: \u001b[31mfalse\u001b[39m\n\u001b[2m\u001b[22m\n\u001b[2m    \u001b[0m \u001b[90m 242 |\u001b[39m     )\u001b[33m;\u001b[39m\u001b[22m\n\u001b[2m     \u001b[90m 243 |\u001b[39m\u001b[22m\n\u001b[2m    \u001b[31m\u001b[1m>\u001b[22m\u001b[2m\u001b[39m\u001b[90m 244 |\u001b[39m     expect(simulation\u001b[33m.\u001b[39misApproved)\u001b[33m.\u001b[39mtoBe(\u001b[36mtrue\u001b[39m)\u001b[33m;\u001b[39m\u001b[22m\n\u001b[2m     \u001b[90m     |\u001b[39m                                   \u001b[31m\u001b[1m^\u001b[22m\u001b[2m\u001b[39m\u001b[22m\n\u001b[2m     \u001b[90m 245 |\u001b[39m     expect(simulation\u001b[33m.\u001b[39mworstCaseMarginBps)\u001b[33m.\u001b[39mtoBeGreaterThan(\u001b[35m5000\u001b[39m)\u001b[33m;\u001b[39m\u001b[22m\n\u001b[2m     \u001b[90m 246 |\u001b[39m   })\u001b[33m;\u001b[39m\u001b[22m\n\u001b[2m     \u001b[90m 247 |\u001b[39m\u001b[0m\u001b[22m\n\u001b[2m\u001b[22m\n\u001b[2m      \u001b[2mat Object.toBe (\u001b[22m\u001b[2m\u001b[0m\u001b[36m__tests__/revenue-optimization/edge-cases.test.ts\u001b[39m\u001b[0m\u001b[2m:244:35)\u001b[22m\u001b[2m\u001b[22m\n","name":"C:\\Projects\\avatar-g-frontend-v3\\__tests__\\revenue-optimization\\edge-cases.test.ts","startTime":1771795620438,"status":"failed","summary":""},{"assertionResults":[{"ancestorTitles":["Dynamic Pricing Engine"],"duration":2,"failing":false,"failureDetails":[{"matcherResult":{"actual":"maintain","expected":"increase","message":"\u001b[2mexpect(\u001b[22m\u001b[31mreceived\u001b[39m\u001b[2m).\u001b[22mtoBe\u001b[2m(\u001b[22m\u001b[32mexpected\u001b[39m\u001b[2m) // Object.is equality\u001b[22m\n\nExpected: \u001b[32m\"increase\"\u001b[39m\nReceived: \u001b[31m\"maintain\"\u001b[39m","name":"toBe","pass":false}}],"failureMessages":["Error: \u001b[2mexpect(\u001b[22m\u001b[31mreceived\u001b[39m\u001b[2m).\u001b[22mtoBe\u001b[2m(\u001b[22m\u001b[32mexpected\u001b[39m\u001b[2m) // Object.is equality\u001b[22m\n\nExpected: \u001b[32m\"increase\"\u001b[39m\nReceived: \u001b[31m\"maintain\"\u001b[39m\n    at Object.toBe (C:\\Projects\\avatar-g-frontend-v3\\__tests__\\revenue-optimization\\revenuOptimization.test.ts:25:38)\n    at Promise.finally.completed (C:\\Projects\\avatar-g-frontend-v3\\node_modules\\jest-circus\\build\\jestAdapterInit.js:1557:28)\n    at new Promise (<anonymous>)\n    at callAsyncCircusFn (C:\\Projects\\avatar-g-frontend-v3\\node_modules\\jest-circus\\build\\jestAdapterInit.js:1497:10)\n    at _callCircusTest (C:\\Projects\\avatar-g-frontend-v3\\node_modules\\jest-circus\\build\\jestAdapterInit.js:1007:40)\n    at _runTest (C:\\Projects\\avatar-g-frontend-v3\\node_modules\\jest-circus\\build\\jestAdapterInit.js:947:3)\n    at C:\\Projects\\avatar-g-frontend-v3\\node_modules\\jest-circus\\build\\jestAdapterInit.js:849:7\n    at _runTestsForDescribeBlock (C:\\Projects\\avatar-g-frontend-v3\\node_modules\\jest-circus\\build\\jestAdapterInit.js:862:11)\n    at _runTestsForDescribeBlock (C:\\Projects\\avatar-g-frontend-v3\\node_modules\\jest-circus\\build\\jestAdapterInit.js:857:11)\n    at run (C:\\Projects\\avatar-g-frontend-v3\\node_modules\\jest-circus\\build\\jestAdapterInit.js:761:3)\n    at runAndTransformResultsToJestFormat (C:\\Projects\\avatar-g-frontend-v3\\node_modules\\jest-circus\\build\\jestAdapterInit.js:1918:21)\n    at jestAdapter (C:\\Projects\\avatar-g-frontend-v3\\node_modules\\jest-circus\\build\\runner.js:101:19)\n    at runTestInternal (C:\\Projects\\avatar-g-frontend-v3\\node_modules\\jest-runner\\build\\index.js:275:16)\n    at runTest (C:\\Projects\\avatar-g-frontend-v3\\node_modules\\jest-runner\\build\\index.js:343:7)"],"fullName":"Dynamic Pricing Engine should increase price when margin below target","invocations":1,"location":null,"numPassingAsserts":0,"retryReasons":[],"startAt":1771795621966,"status":"failed","title":"should increase price when margin below target"},{"ancestorTitles":["Dynamic Pricing Engine"],"duration":1,"failing":false,"failureDetails":[],"failureMessages":[],"fullName":"Dynamic Pricing Engine should decrease price when inventory high","invocations":1,"location":null,"numPassingAsserts":2,"retryReasons":[],"startAt":1771795621997,"status":"passed","title":"should decrease price when inventory high"},{"ancestorTitles":["Dynamic Pricing Engine"],"duration":2,"failing":false,"failureDetails":[],"failureMessages":[],"fullName":"Dynamic Pricing Engine should decrease price for low conversion","invocations":1,"location":null,"numPassingAsserts":2,"retryReasons":[],"startAt":1771795622001,"status":"passed","title":"should decrease price for low conversion"},{"ancestorTitles":["Dynamic Pricing Engine"],"duration":1,"failing":false,"failureDetails":[],"failureMessages":[],"fullName":"Dynamic Pricing Engine should respect minimum margin floor","invocations":1,"location":null,"numPassingAsserts":2,"retryReasons":[],"startAt":1771795622003,"status":"passed","title":"should respect minimum margin floor"},{"ancestorTitles":["Dynamic Pricing Engine"],"duration":0,"failing":false,"failureDetails":[],"failureMessages":[],"fullName":"Dynamic Pricing Engine should estimate conversion after price change","invocations":1,"location":null,"numPassingAsserts":1,"retryReasons":[],"startAt":1771795622005,"status":"passed","title":"should estimate conversion after price change"},{"ancestorTitles":["Dynamic Pricing Engine"],"duration":1,"failing":false,"failureDetails":[],"failureMessages":[],"fullName":"Dynamic Pricing Engine should match competitor price when beneficial","invocations":1,"location":null,"numPassingAsserts":1,"retryReasons":[],"startAt":1771795622010,"status":"passed","title":"should match competitor price when beneficial"},{"ancestorTitles":["Conversion Optimization"],"duration":1,"failing":false,"failureDetails":[],"failureMessages":[],"fullName":"Conversion Optimization should identify awareness bottleneck when CTR low","invocations":1,"location":null,"numPassingAsserts":3,"retryReasons":[],"startAt":1771795622012,"status":"passed","title":"should identify awareness bottleneck when CTR low"},{"ancestorTitles":["Conversion Optimization"],"duration":2,"failing":false,"failureDetails":[],"failureMessages":[],"fullName":"Conversion Optimization should identify interest bottleneck when click-to-cart low","invocations":1,"location":null,"numPassingAsserts":2,"retryReasons":[],"startAt":1771795622013,"status":"passed","title":"should identify interest bottleneck when click-to-cart low"},{"ancestorTitles":["Conversion Optimization"],"duration":1,"failing":false,"failureDetails":[],"failureMessages":[],"fullName":"Conversion Optimization should identify decision bottleneck when cart-to-order low","invocations":1,"location":null,"numPassingAsserts":2,"retryReasons":[],"startAt":1771795622016,"status":"passed","title":"should identify decision bottleneck when cart-to-order low"},{"ancestorTitles":["Conversion Optimization"],"duration":0,"failing":false,"failureDetails":[],"failureMessages":[],"fullName":"Conversion Optimization should diagnose conversion health correctly","invocations":1,"location":null,"numPassingAsserts":2,"retryReasons":[],"startAt":1771795622018,"status":"passed","title":"should diagnose conversion health correctly"},{"ancestorTitles":["Conversion Optimization"],"duration":1,"failing":false,"failureDetails":[],"failureMessages":[],"fullName":"Conversion Optimization should estimate revenue impact of optimization","invocations":1,"location":null,"numPassingAsserts":1,"retryReasons":[],"startAt":1771795622019,"status":"passed","title":"should estimate revenue impact of optimization"},{"ancestorTitles":["Shipping Intelligence"],"duration":1,"failing":false,"failureDetails":[],"failureMessages":[],"fullName":"Shipping Intelligence should score shipping risk correctly","invocations":1,"location":null,"numPassingAsserts":2,"retryReasons":[],"startAt":1771795622020,"status":"passed","title":"should score shipping risk correctly"},{"ancestorTitles":["Shipping Intelligence"],"duration":1,"failing":false,"failureDetails":[],"failureMessages":[],"fullName":"Shipping Intelligence should penalize long delivery times","invocations":1,"location":null,"numPassingAsserts":3,"retryReasons":[],"startAt":1771795622022,"status":"passed","title":"should penalize long delivery times"},{"ancestorTitles":["Shipping Intelligence"],"duration":1,"failing":false,"failureDetails":[{"matcherResult":{"message":"\u001b[2mexpect(\u001b[22m\u001b[31mreceived\u001b[39m\u001b[2m).\u001b[22mtoBeLessThan\u001b[2m(\u001b[22m\u001b[32mexpected\u001b[39m\u001b[2m)\u001b[22m\n\nExpected: < \u001b[32m70\u001b[39m\nReceived:   \u001b[31m77\u001b[39m","pass":false}}],"failureMessages":["Error: \u001b[2mexpect(\u001b[22m\u001b[31mreceived\u001b[39m\u001b[2m).\u001b[22mtoBeLessThan\u001b[2m(\u001b[22m\u001b[32mexpected\u001b[39m\u001b[2m)\u001b[22m\n\nExpected: < \u001b[32m70\u001b[39m\nReceived:   \u001b[31m77\u001b[39m\n    at Object.toBeLessThan (C:\\Projects\\avatar-g-frontend-v3\\__tests__\\revenue-optimization\\revenuOptimization.test.ts:207:18)\n    at Promise.finally.completed (C:\\Projects\\avatar-g-frontend-v3\\node_modules\\jest-circus\\build\\jestAdapterInit.js:1557:28)\n    at new Promise (<anonymous>)\n    at callAsyncCircusFn (C:\\Projects\\avatar-g-frontend-v3\\node_modules\\jest-circus\\build\\jestAdapterInit.js:1497:10)\n    at _callCircusTest (C:\\Projects\\avatar-g-frontend-v3\\node_modules\\jest-circus\\build\\jestAdapterInit.js:1007:40)\n    at _runTest (C:\\Projects\\avatar-g-frontend-v3\\node_modules\\jest-circus\\build\\jestAdapterInit.js:947:3)\n    at C:\\Projects\\avatar-g-frontend-v3\\node_modules\\jest-circus\\build\\jestAdapterInit.js:849:7\n    at _runTestsForDescribeBlock (C:\\Projects\\avatar-g-frontend-v3\\node_modules\\jest-circus\\build\\jestAdapterInit.js:862:11)\n    at _runTestsForDescribeBlock (C:\\Projects\\avatar-g-frontend-v3\\node_modules\\jest-circus\\build\\jestAdapterInit.js:857:11)\n    at run (C:\\Projects\\avatar-g-frontend-v3\\node_modules\\jest-circus\\build\\jestAdapterInit.js:761:3)\n    at runAndTransformResultsToJestFormat (C:\\Projects\\avatar-g-frontend-v3\\node_modules\\jest-circus\\build\\jestAdapterInit.js:1918:21)\n    at jestAdapter (C:\\Projects\\avatar-g-frontend-v3\\node_modules\\jest-circus\\build\\runner.js:101:19)\n    at runTestInternal (C:\\Projects\\avatar-g-frontend-v3\\node_modules\\jest-runner\\build\\index.js:275:16)\n    at runTest (C:\\Projects\\avatar-g-frontend-v3\\node_modules\\jest-runner\\build\\index.js:343:7)"],"fullName":"Shipping Intelligence should calculate carrier reliability score","invocations":1,"location":null,"numPassingAsserts":1,"retryReasons":[],"startAt":1771795622053,"status":"failed","title":"should calculate carrier reliability score"},{"ancestorTitles":["Shipping Intelligence"],"duration":1,"failing":false,"failureDetails":[],"failureMessages":[],"fullName":"Shipping Intelligence should optimize shipping strategy","invocations":1,"location":null,"numPassingAsserts":3,"retryReasons":[],"startAt":1771795622085,"status":"passed","title":"should optimize shipping strategy"},{"ancestorTitles":["Auto-Margin Guard"],"duration":2,"failing":false,"failureDetails":[],"failureMessages":[],"fullName":"Auto-Margin Guard should simulate worst-case margin correctly","invocations":1,"location":null,"numPassingAsserts":4,"retryReasons":[],"startAt":1771795622087,"status":"passed","title":"should simulate worst-case margin correctly"},{"ancestorTitles":["Auto-Margin Guard"],"duration":1,"failing":false,"failureDetails":[],"failureMessages":[],"fullName":"Auto-Margin Guard should approve when worst-case margin acceptable","invocations":1,"location":null,"numPassingAsserts":2,"retryReasons":[],"startAt":1771795622100,"status":"passed","title":"should approve when worst-case margin acceptable"},{"ancestorTitles":["Auto-Margin Guard"],"duration":1,"failing":false,"failureDetails":[],"failureMessages":[],"fullName":"Auto-Margin Guard should reject when worst-case margin unacceptable","invocations":1,"location":null,"numPassingAsserts":2,"retryReasons":[],"startAt":1771795622101,"status":"passed","title":"should reject when worst-case margin unacceptable"},{"ancestorTitles":["Auto-Margin Guard"],"duration":8,"failing":false,"failureDetails":[],"failureMessages":[],"fullName":"Auto-Margin Guard should calculate minimum price for worst-case survival","invocations":1,"location":null,"numPassingAsserts":2,"retryReasons":[],"startAt":1771795622103,"status":"passed","title":"should calculate minimum price for worst-case survival"},{"ancestorTitles":["Auto-Margin Guard"],"duration":1,"failing":false,"failureDetails":[],"failureMessages":[],"fullName":"Auto-Margin Guard should provide margin sensitivity analysis","invocations":1,"location":null,"numPassingAsserts":4,"retryReasons":[],"startAt":1771795622113,"status":"passed","title":"should provide margin sensitivity analysis"},{"ancestorTitles":["Integration: Combined Revenue Optimization"],"duration":1,"failing":false,"failureDetails":[{"matcherResult":{"actual":"interest","expected":"awareness","message":"\u001b[2mexpect(\u001b[22m\u001b[31mreceived\u001b[39m\u001b[2m).\u001b[22mtoBe\u001b[2m(\u001b[22m\u001b[32mexpected\u001b[39m\u001b[2m) // Object.is equality\u001b[22m\n\nExpected: \u001b[32m\"awareness\"\u001b[39m\nReceived: \u001b[31m\"interest\"\u001b[39m","name":"toBe","pass":false}}],"failureMessages":["Error: \u001b[2mexpect(\u001b[22m\u001b[31mreceived\u001b[39m\u001b[2m).\u001b[22mtoBe\u001b[2m(\u001b[22m\u001b[32mexpected\u001b[39m\u001b[2m) // Object.is equality\u001b[22m\n\nExpected: \u001b[32m\"awareness\"\u001b[39m\nReceived: \u001b[31m\"interest\"\u001b[39m\n    at Object.toBe (C:\\Projects\\avatar-g-frontend-v3\\__tests__\\revenue-optimization\\revenuOptimization.test.ts:347:33)\n    at Promise.finally.completed (C:\\Projects\\avatar-g-frontend-v3\\node_modules\\jest-circus\\build\\jestAdapterInit.js:1557:28)\n    at new Promise (<anonymous>)\n    at callAsyncCircusFn (C:\\Projects\\avatar-g-frontend-v3\\node_modules\\jest-circus\\build\\jestAdapterInit.js:1497:10)\n    at _callCircusTest (C:\\Projects\\avatar-g-frontend-v3\\node_modules\\jest-circus\\build\\jestAdapterInit.js:1007:40)\n    at _runTest (C:\\Projects\\avatar-g-frontend-v3\\node_modules\\jest-circus\\build\\jestAdapterInit.js:947:3)\n    at C:\\Projects\\avatar-g-frontend-v3\\node_modules\\jest-circus\\build\\jestAdapterInit.js:849:7\n    at _runTestsForDescribeBlock (C:\\Projects\\avatar-g-frontend-v3\\node_modules\\jest-circus\\build\\jestAdapterInit.js:862:11)\n    at _runTestsForDescribeBlock (C:\\Projects\\avatar-g-frontend-v3\\node_modules\\jest-circus\\build\\jestAdapterInit.js:857:11)\n    at run (C:\\Projects\\avatar-g-frontend-v3\\node_modules\\jest-circus\\build\\jestAdapterInit.js:761:3)\n    at runAndTransformResultsToJestFormat (C:\\Projects\\avatar-g-frontend-v3\\node_modules\\jest-circus\\build\\jestAdapterInit.js:1918:21)\n    at jestAdapter (C:\\Projects\\avatar-g-frontend-v3\\node_modules\\jest-circus\\build\\runner.js:101:19)\n    at runTestInternal (C:\\Projects\\avatar-g-frontend-v3\\node_modules\\jest-runner\\build\\index.js:275:16)\n    at runTest (C:\\Projects\\avatar-g-frontend-v3\\node_modules\\jest-runner\\build\\index.js:343:7)"],"fullName":"Integration: Combined Revenue Optimization should flow: evaluate → price dynamically → monitor conversion → guard margins","invocations":1,"location":null,"numPassingAsserts":1,"retryReasons":[],"startAt":1771795622115,"status":"failed","title":"should flow: evaluate → price dynamically → monitor conversion → guard margins"}],"endTime":1771795622166,"message":"\u001b[1m\u001b[31m  \u001b[1m● \u001b[22m\u001b[1mDynamic Pricing Engine › should increase price when margin below target\u001b[39m\u001b[22m\n\n    \u001b[2mexpect(\u001b[22m\u001b[31mreceived\u001b[39m\u001b[2m).\u001b[22mtoBe\u001b[2m(\u001b[22m\u001b[32mexpected\u001b[39m\u001b[2m) // Object.is equality\u001b[22m\n\n    Expected: \u001b[32m\"increase\"\u001b[39m\n    Received: \u001b[31m\"maintain\"\u001b[39m\n\u001b[2m\u001b[22m\n\u001b[2m    \u001b[0m \u001b[90m 23 |\u001b[39m     )\u001b[33m;\u001b[39m\u001b[22m\n\u001b[2m     \u001b[90m 24 |\u001b[39m\u001b[22m\n\u001b[2m    \u001b[31m\u001b[1m>\u001b[22m\u001b[2m\u001b[39m\u001b[90m 25 |\u001b[39m     expect(result\u001b[33m.\u001b[39mrecommendedAction)\u001b[33m.\u001b[39mtoBe(\u001b[32m'increase'\u001b[39m)\u001b[33m;\u001b[39m\u001b[22m\n\u001b[2m     \u001b[90m    |\u001b[39m                                      \u001b[31m\u001b[1m^\u001b[22m\u001b[2m\u001b[39m\u001b[22m\n\u001b[2m     \u001b[90m 26 |\u001b[39m     expect(result\u001b[33m.\u001b[39mnewPriceCents)\u001b[33m.\u001b[39mtoBeGreaterThan(\u001b[35m10000\u001b[39m)\u001b[33m;\u001b[39m\u001b[22m\n\u001b[2m     \u001b[90m 27 |\u001b[39m     expect(result\u001b[33m.\u001b[39mreason)\u001b[33m.\u001b[39mtoContain(\u001b[32m'below target'\u001b[39m)\u001b[33m;\u001b[39m\u001b[22m\n\u001b[2m     \u001b[90m 28 |\u001b[39m   })\u001b[33m;\u001b[39m\u001b[0m\u001b[22m\n\u001b[2m\u001b[22m\n\u001b[2m      \u001b[2mat Object.toBe (\u001b[22m\u001b[2m\u001b[0m\u001b[36m__tests__/revenue-optimization/revenuOptimization.test.ts\u001b[39m\u001b[0m\u001b[2m:25:38)\u001b[22m\u001b[2m\u001b[22m\n\n\u001b[1m\u001b[31m  \u001b[1m● \u001b[22m\u001b[1mShipping Intelligence › should calculate carrier reliability score\u001b[39m\u001b[22m\n\n    \u001b[2mexpect(\u001b[22m\u001b[31mreceived\u001b[39m\u001b[2m).\u001b[22mtoBeLessThan\u001b[2m(\u001b[22m\u001b[32mexpected\u001b[39m\u001b[2m)\u001b[22m\n\n    Expected: < \u001b[32m70\u001b[39m\n    Received:   \u001b[31m77\u001b[39m\n\u001b[2m\u001b[22m\n\u001b[2m    \u001b[0m \u001b[90m 205 |\u001b[39m\u001b[22m\n\u001b[2m     \u001b[90m 206 |\u001b[39m     \u001b[36mconst\u001b[39m poor \u001b[33m=\u001b[39m carrierReliabilityScore(\u001b[35m0.80\u001b[39m\u001b[33m,\u001b[39m \u001b[35m0.1\u001b[39m\u001b[33m,\u001b[39m \u001b[35m0.15\u001b[39m)\u001b[33m;\u001b[39m\u001b[22m\n\u001b[2m    \u001b[31m\u001b[1m>\u001b[22m\u001b[2m\u001b[39m\u001b[90m 207 |\u001b[39m     expect(poor)\u001b[33m.\u001b[39mtoBeLessThan(\u001b[35m70\u001b[39m)\u001b[33m;\u001b[39m\u001b[22m\n\u001b[2m     \u001b[90m     |\u001b[39m                  \u001b[31m\u001b[1m^\u001b[22m\u001b[2m\u001b[39m\u001b[22m\n\u001b[2m     \u001b[90m 208 |\u001b[39m   })\u001b[33m;\u001b[39m\u001b[22m\n\u001b[2m     \u001b[90m 209 |\u001b[39m\u001b[22m\n\u001b[2m     \u001b[90m 210 |\u001b[39m   test(\u001b[32m'should optimize shipping strategy'\u001b[39m\u001b[33m,\u001b[39m () \u001b[33m=>\u001b[39m {\u001b[0m\u001b[22m\n\u001b[2m\u001b[22m\n\u001b[2m      \u001b[2mat Object.toBeLessThan (\u001b[22m\u001b[2m\u001b[0m\u001b[36m__tests__/revenue-optimization/revenuOptimization.test.ts\u001b[39m\u001b[0m\u001b[2m:207:18)\u001b[22m\u001b[2m\u001b[22m\n\n\u001b[1m\u001b[31m  \u001b[1m● \u001b[22m\u001b[1mIntegration: Combined Revenue Optimization › should flow: evaluate → price dynamically → monitor conversion → guard margins\u001b[39m\u001b[22m\n\n    \u001b[2mexpect(\u001b[22m\u001b[31mreceived\u001b[39m\u001b[2m).\u001b[22mtoBe\u001b[2m(\u001b[22m\u001b[32mexpected\u001b[39m\u001b[2m) // Object.is equality\u001b[22m\n\n    Expected: \u001b[32m\"awareness\"\u001b[39m\n    Received: \u001b[31m\"interest\"\u001b[39m\n\u001b[2m\u001b[22m\n\u001b[2m    \u001b[0m \u001b[90m 345 |\u001b[39m\u001b[22m\n\u001b[2m     \u001b[90m 346 |\u001b[39m     \u001b[36mconst\u001b[39m analysis \u001b[33m=\u001b[39m analyzeConversionFunnel(conversionMetrics)\u001b[33m;\u001b[39m\u001b[22m\n\u001b[2m    \u001b[31m\u001b[1m>\u001b[22m\u001b[2m\u001b[39m\u001b[90m 347 |\u001b[39m     expect(analysis\u001b[33m.\u001b[39mbottleneck)\u001b[33m.\u001b[39mtoBe(\u001b[32m'awareness'\u001b[39m)\u001b[33m;\u001b[39m\u001b[22m\n\u001b[2m     \u001b[90m     |\u001b[39m                                 \u001b[31m\u001b[1m^\u001b[22m\u001b[2m\u001b[39m\u001b[22m\n\u001b[2m     \u001b[90m 348 |\u001b[39m\u001b[22m\n\u001b[2m     \u001b[90m 349 |\u001b[39m     \u001b[90m// 3. Dynamic pricing suggests adjustment\u001b[39m\u001b[22m\n\u001b[2m     \u001b[90m 350 |\u001b[39m     \u001b[36mconst\u001b[39m priceResult \u001b[33m=\u001b[39m computeDynamicPrice(\u001b[0m\u001b[22m\n\u001b[2m\u001b[22m\n\u001b[2m      \u001b[2mat Object.toBe (\u001b[22m\u001b[2m\u001b[0m\u001b[36m__tests__/revenue-optimization/revenuOptimization.test.ts\u001b[39m\u001b[0m\u001b[2m:347:33)\u001b[22m\u001b[2m\u001b[22m\n","name":"C:\\Projects\\avatar-g-frontend-v3\\__tests__\\revenue-optimization\\revenuOptimization.test.ts","startTime":1771795621720,"status":"failed","summary":""},{"assertionResults":[{"ancestorTitles":["Decision Engine"],"duration":3,"failing":false,"failureDetails":[],"failureMessages":[],"fullName":"Decision Engine publish profitable standard product","invocations":1,"location":null,"numPassingAsserts":3,"retryReasons":[],"startAt":1771795622695,"status":"passed","title":"publish profitable standard product"},{"ancestorTitles":["Decision Engine"],"duration":2,"failing":false,"failureDetails":[],"failureMessages":[],"fullName":"Decision Engine reject unprofitable product","invocations":1,"location":null,"numPassingAsserts":3,"retryReasons":[],"startAt":1771795622703,"status":"passed","title":"reject unprofitable product"},{"ancestorTitles":["Decision Engine"],"duration":2,"failing":false,"failureDetails":[],"failureMessages":[],"fullName":"Decision Engine reject low-margin product below standard threshold","invocations":1,"location":null,"numPassingAsserts":2,"retryReasons":[],"startAt":1771795622706,"status":"passed","title":"reject low-margin product below standard threshold"},{"ancestorTitles":["Decision Engine"],"duration":1,"failing":false,"failureDetails":[],"failureMessages":[],"fullName":"Decision Engine reject digital product below 70% margin","invocations":1,"location":null,"numPassingAsserts":2,"retryReasons":[],"startAt":1771795622709,"status":"passed","title":"reject digital product below 70% margin"},{"ancestorTitles":["Decision Engine"],"duration":1,"failing":false,"failureDetails":[],"failureMessages":[],"fullName":"Decision Engine provide price recommendation when rejected for margin","invocations":1,"location":null,"numPassingAsserts":3,"retryReasons":[],"startAt":1771795622710,"status":"passed","title":"provide price recommendation when rejected for margin"},{"ancestorTitles":["Decision Engine"],"duration":1,"failing":false,"failureDetails":[],"failureMessages":[],"fullName":"Decision Engine warn on high shipping days","invocations":1,"location":null,"numPassingAsserts":1,"retryReasons":[],"startAt":1771795622713,"status":"passed","title":"warn on high shipping days"},{"ancestorTitles":["Decision Engine"],"duration":1,"failing":false,"failureDetails":[],"failureMessages":[],"fullName":"Decision Engine warn on low refund reserve","invocations":1,"location":null,"numPassingAsserts":1,"retryReasons":[],"startAt":1771795622715,"status":"passed","title":"warn on low refund reserve"},{"ancestorTitles":["Decision Engine"],"duration":1,"failing":false,"failureDetails":[{"matcherResult":{"actual":"reject","expected":"publish","message":"\u001b[2mexpect(\u001b[22m\u001b[31mreceived\u001b[39m\u001b[2m).\u001b[22mtoBe\u001b[2m(\u001b[22m\u001b[32mexpected\u001b[39m\u001b[2m) // Object.is equality\u001b[22m\n\nExpected: \u001b[32m\"publish\"\u001b[39m\nReceived: \u001b[31m\"reject\"\u001b[39m","name":"toBe","pass":false}}],"failureMessages":["Error: \u001b[2mexpect(\u001b[22m\u001b[31mreceived\u001b[39m\u001b[2m).\u001b[22mtoBe\u001b[2m(\u001b[22m\u001b[32mexpected\u001b[39m\u001b[2m) // Object.is equality\u001b[22m\n\nExpected: \u001b[32m\"publish\"\u001b[39m\nReceived: \u001b[31m\"reject\"\u001b[39m\n    at Object.toBe (C:\\Projects\\avatar-g-frontend-v3\\__tests__\\decision-engine\\decisionEngine.test.ts:135:29)\n    at Promise.finally.completed (C:\\Projects\\avatar-g-frontend-v3\\node_modules\\jest-circus\\build\\jestAdapterInit.js:1557:28)\n    at new Promise (<anonymous>)\n    at callAsyncCircusFn (C:\\Projects\\avatar-g-frontend-v3\\node_modules\\jest-circus\\build\\jestAdapterInit.js:1497:10)\n    at _callCircusTest (C:\\Projects\\avatar-g-frontend-v3\\node_modules\\jest-circus\\build\\jestAdapterInit.js:1007:40)\n    at _runTest (C:\\Projects\\avatar-g-frontend-v3\\node_modules\\jest-circus\\build\\jestAdapterInit.js:947:3)\n    at C:\\Projects\\avatar-g-frontend-v3\\node_modules\\jest-circus\\build\\jestAdapterInit.js:849:7\n    at _runTestsForDescribeBlock (C:\\Projects\\avatar-g-frontend-v3\\node_modules\\jest-circus\\build\\jestAdapterInit.js:862:11)\n    at _runTestsForDescribeBlock (C:\\Projects\\avatar-g-frontend-v3\\node_modules\\jest-circus\\build\\jestAdapterInit.js:857:11)\n    at run (C:\\Projects\\avatar-g-frontend-v3\\node_modules\\jest-circus\\build\\jestAdapterInit.js:761:3)\n    at runAndTransformResultsToJestFormat (C:\\Projects\\avatar-g-frontend-v3\\node_modules\\jest-circus\\build\\jestAdapterInit.js:1918:21)\n    at jestAdapter (C:\\Projects\\avatar-g-frontend-v3\\node_modules\\jest-circus\\build\\runner.js:101:19)\n    at runTestInternal (C:\\Projects\\avatar-g-frontend-v3\\node_modules\\jest-runner\\build\\index.js:275:16)\n    at runTest (C:\\Projects\\avatar-g-frontend-v3\\node_modules\\jest-runner\\build\\index.js:343:7)"],"fullName":"Decision Engine accept dropshipping with 25% margin","invocations":1,"location":null,"numPassingAsserts":0,"retryReasons":[],"startAt":1771795622717,"status":"failed","title":"accept dropshipping with 25% margin"}],"endTime":1771795622759,"message":"\u001b[1m\u001b[31m  \u001b[1m● \u001b[22m\u001b[1mDecision Engine › accept dropshipping with 25% margin\u001b[39m\u001b[22m\n\n    \u001b[2mexpect(\u001b[22m\u001b[31mreceived\u001b[39m\u001b[2m).\u001b[22mtoBe\u001b[2m(\u001b[22m\u001b[32mexpected\u001b[39m\u001b[2m) // Object.is equality\u001b[22m\n\n    Expected: \u001b[32m\"publish\"\u001b[39m\n    Received: \u001b[31m\"reject\"\u001b[39m\n\u001b[2m\u001b[22m\n\u001b[2m    \u001b[0m \u001b[90m 133 |\u001b[39m\u001b[22m\n\u001b[2m     \u001b[90m 134 |\u001b[39m     \u001b[90m// Should pass dropshipping 25% threshold\u001b[39m\u001b[22m\n\u001b[2m    \u001b[31m\u001b[1m>\u001b[22m\u001b[2m\u001b[39m\u001b[90m 135 |\u001b[39m     expect(result\u001b[33m.\u001b[39mdecision)\u001b[33m.\u001b[39mtoBe(\u001b[32m'publish'\u001b[39m)\u001b[33m;\u001b[39m\u001b[22m\n\u001b[2m     \u001b[90m     |\u001b[39m                             \u001b[31m\u001b[1m^\u001b[22m\u001b[2m\u001b[39m\u001b[22m\n\u001b[2m     \u001b[90m 136 |\u001b[39m   })\u001b[33m;\u001b[39m\u001b[22m\n\u001b[2m     \u001b[90m 137 |\u001b[39m })\u001b[33m;\u001b[39m\u001b[22m\n\u001b[2m     \u001b[90m 138 |\u001b[39m\u001b[0m\u001b[22m\n\u001b[2m\u001b[22m\n\u001b[2m      \u001b[2mat Object.toBe (\u001b[22m\u001b[2m\u001b[0m\u001b[36m__tests__/decision-engine/decisionEngine.test.ts\u001b[39m\u001b[0m\u001b[2m:135:29)\u001b[22m\u001b[2m\u001b[22m\n","name":"C:\\Projects\\avatar-g-frontend-v3\\__tests__\\decision-engine\\decisionEngine.test.ts","startTime":1771795622412,"status":"failed","summary":""},{"assertionResults":[{"ancestorTitles":["finance simulator"],"duration":3,"failing":false,"failureDetails":[],"failureMessages":[],"fullName":"finance simulator simulateScenario returns basic projections","invocations":1,"location":null,"numPassingAsserts":4,"retryReasons":[],"startAt":1771795623183,"status":"passed","title":"simulateScenario returns basic projections"},{"ancestorTitles":["finance simulator"],"duration":1,"failing":false,"failureDetails":[],"failureMessages":[],"fullName":"finance simulator simulateScenario calculates break-even orders","invocations":1,"location":null,"numPassingAsserts":1,"retryReasons":[],"startAt":1771795623196,"status":"passed","title":"simulateScenario calculates break-even orders"},{"ancestorTitles":["finance simulator"],"duration":0,"failing":false,"failureDetails":[],"failureMessages":[],"fullName":"finance simulator simulateScenario returns null break-even on negative margin","invocations":1,"location":null,"numPassingAsserts":1,"retryReasons":[],"startAt":1771795623203,"status":"passed","title":"simulateScenario returns null break-even on negative margin"},{"ancestorTitles":["finance simulator"],"duration":1,"failing":false,"failureDetails":[],"failureMessages":[],"fullName":"finance simulator simulateScenario daily profit calculation","invocations":1,"location":null,"numPassingAsserts":2,"retryReasons":[],"startAt":1771795623217,"status":"passed","title":"simulateScenario daily profit calculation"},{"ancestorTitles":["finance simulator"],"duration":0,"failing":false,"failureDetails":[],"failureMessages":[],"fullName":"finance simulator simulateScenario with zero ad spend","invocations":1,"location":null,"numPassingAsserts":1,"retryReasons":[],"startAt":1771795623219,"status":"passed","title":"simulateScenario with zero ad spend"}],"endTime":1771795623222,"message":"","name":"C:\\Projects\\avatar-g-frontend-v3\\__tests__\\finance\\simulator.test.ts","startTime":1771795622906,"status":"passed","summary":""},{"assertionResults":[{"ancestorTitles":["/api/agent-g/telegram/webhook"],"duration":3,"failing":false,"failureDetails":[],"failureMessages":[],"fullName":"/api/agent-g/telegram/webhook returns 403 when webhook secret is invalid","invocations":1,"location":null,"numPassingAsserts":1,"retryReasons":[],"startAt":1771795623631,"status":"passed","title":"returns 403 when webhook secret is invalid"},{"ancestorTitles":["/api/agent-g/telegram/webhook"],"duration":34,"failing":false,"failureDetails":[],"failureMessages":[],"fullName":"/api/agent-g/telegram/webhook returns 200 and schedules sendMessage on valid request","invocations":1,"location":null,"numPassingAsserts":4,"retryReasons":[],"startAt":1771795623636,"status":"passed","title":"returns 200 and schedules sendMessage on valid request"}],"endTime":1771795623673,"message":"","name":"C:\\Projects\\avatar-g-frontend-v3\\__tests__\\api\\agent-g-telegram-webhook.test.ts","startTime":1771795623247,"status":"passed","summary":""},{"assertionResults":[{"ancestorTitles":["money helpers"],"duration":1,"failing":false,"failureDetails":[],"failureMessages":[],"fullName":"money helpers toCents and fromCents round correctly","invocations":1,"location":null,"numPassingAsserts":3,"retryReasons":[],"startAt":1771795624637,"status":"passed","title":"toCents and fromCents round correctly"},{"ancestorTitles":["money helpers"],"duration":1,"failing":false,"failureDetails":[],"failureMessages":[],"fullName":"money helpers percentageOf uses basis points","invocations":1,"location":null,"numPassingAsserts":2,"retryReasons":[],"startAt":1771795625336,"status":"passed","title":"percentageOf uses basis points"},{"ancestorTitles":["money helpers"],"duration":1,"failing":false,"failureDetails":[],"failureMessages":[],"fullName":"money helpers safeRound rounds to nearest int","invocations":1,"location":null,"numPassingAsserts":2,"retryReasons":[],"startAt":1771795625803,"status":"passed","title":"safeRound rounds to nearest int"}],"endTime":1771795625817,"message":"","name":"C:\\Projects\\avatar-g-frontend-v3\\__tests__\\finance\\money.test.ts","startTime":1771795623780,"status":"passed","summary":""},{"assertionResults":[{"ancestorTitles":["/api/webhooks/whatsapp"],"duration":5,"failing":false,"failureDetails":[],"failureMessages":[],"fullName":"/api/webhooks/whatsapp returns challenge for valid verify token","invocations":1,"location":null,"numPassingAsserts":2,"retryReasons":[],"startAt":1771795626482,"status":"passed","title":"returns challenge for valid verify token"},{"ancestorTitles":["/api/webhooks/whatsapp"],"duration":1,"failing":false,"failureDetails":[],"failureMessages":[],"fullName":"/api/webhooks/whatsapp returns 403 for invalid token","invocations":1,"location":null,"numPassingAsserts":2,"retryReasons":[],"startAt":1771795626495,"status":"passed","title":"returns 403 for invalid token"},{"ancestorTitles":["/api/webhooks/whatsapp"],"duration":17,"failing":false,"failureDetails":[],"failureMessages":[],"fullName":"/api/webhooks/whatsapp POST returns { ok: true } even for unexpected payload","invocations":1,"location":null,"numPassingAsserts":2,"retryReasons":[],"startAt":1771795626497,"status":"passed","title":"POST returns { ok: true } even for unexpected payload"}],"endTime":1771795626516,"message":"","name":"C:\\Projects\\avatar-g-frontend-v3\\__tests__\\api\\whatsapp-webhook-route.test.ts","startTime":1771795625864,"status":"passed","summary":""},{"assertionResults":[{"ancestorTitles":["/api/agent-g/chat"],"duration":38,"failing":false,"failureDetails":[],"failureMessages":[],"fullName":"/api/agent-g/chat returns reply, tone and meta payload","invocations":1,"location":null,"numPassingAsserts":6,"retryReasons":[],"startAt":1771795628015,"status":"passed","title":"returns reply, tone and meta payload"}],"endTime":1771795628070,"message":"","name":"C:\\Projects\\avatar-g-frontend-v3\\__tests__\\api\\agent-g-chat.test.ts","startTime":1771795626636,"status":"passed","summary":""},{"assertionResults":[{"ancestorTitles":["Agent G memory feature flag safety"],"duration":2,"failing":false,"failureDetails":[],"failureMessages":[],"fullName":"Agent G memory feature flag safety defaults to disabled when env is missing","invocations":1,"location":null,"numPassingAsserts":1,"retryReasons":[],"startAt":1771795628665,"status":"passed","title":"defaults to disabled when env is missing"},{"ancestorTitles":["Agent G memory feature flag safety"],"duration":1,"failing":false,"failureDetails":[],"failureMessages":[],"fullName":"Agent G memory feature flag safety enables only on truthy flag values","invocations":1,"location":null,"numPassingAsserts":2,"retryReasons":[],"startAt":1771795628704,"status":"passed","title":"enables only on truthy flag values"},{"ancestorTitles":["Agent G memory feature flag safety"],"duration":18,"failing":false,"failureDetails":[],"failureMessages":[],"fullName":"Agent G memory feature flag safety safe wrappers short-circuit when disabled","invocations":1,"location":null,"numPassingAsserts":3,"retryReasons":[],"startAt":1771795628721,"status":"passed","title":"safe wrappers short-circuit when disabled"}],"endTime":1771795628804,"message":"","name":"C:\\Projects\\avatar-g-frontend-v3\\__tests__\\lib\\agentg.memory.test.ts","startTime":1771795628170,"status":"passed","summary":""},{"assertionResults":[{"ancestorTitles":["OTP routes"],"duration":2,"failing":false,"failureDetails":[],"failureMessages":[],"fullName":"OTP routes send route validates phone and returns 400 for invalid input","invocations":1,"location":null,"numPassingAsserts":1,"retryReasons":[],"startAt":1771795629729,"status":"passed","title":"send route validates phone and returns 400 for invalid input"},{"ancestorTitles":["OTP routes"],"duration":3,"failing":false,"failureDetails":[],"failureMessages":[],"fullName":"OTP routes check route returns approved and triggers telegram notification","invocations":1,"location":null,"numPassingAsserts":8,"retryReasons":[],"startAt":1771795629765,"status":"passed","title":"check route returns approved and triggers telegram notification"}],"endTime":1771795629885,"message":"","name":"C:\\Projects\\avatar-g-frontend-v3\\__tests__\\api\\auth-otp-routes.test.ts","startTime":1771795629115,"status":"passed","summary":""},{"assertionResults":[{"ancestorTitles":["getOpenAIReply"],"duration":24,"failing":false,"failureDetails":[],"failureMessages":[],"fullName":"getOpenAIReply throws clear error when OPENAI_API_KEY is missing","invocations":1,"location":null,"numPassingAsserts":1,"retryReasons":[],"startAt":1771795630554,"status":"passed","title":"throws clear error when OPENAI_API_KEY is missing"},{"ancestorTitles":["getOpenAIReply"],"duration":2,"failing":false,"failureDetails":[],"failureMessages":[],"fullName":"getOpenAIReply returns concise trimmed response up to 1500 chars","invocations":1,"location":null,"numPassingAsserts":2,"retryReasons":[],"startAt":1771795630582,"status":"passed","title":"returns concise trimmed response up to 1500 chars"},{"ancestorTitles":["getOpenAIReply"],"duration":0,"failing":false,"failureDetails":[],"failureMessages":[],"fullName":"getOpenAIReply returns fallback text when OpenAI returns empty content","invocations":1,"location":null,"numPassingAsserts":1,"retryReasons":[],"startAt":1771795630585,"status":"passed","title":"returns fallback text when OpenAI returns empty content"}],"endTime":1771795630587,"message":"","name":"C:\\Projects\\avatar-g-frontend-v3\\__tests__\\lib\\openai.test.ts","startTime":1771795630201,"status":"passed","summary":""},{"assertionResults":[{"ancestorTitles":["/api/telegram/send"],"duration":2,"failing":false,"failureDetails":[],"failureMessages":[],"fullName":"/api/telegram/send returns 401 when admin key is missing","invocations":1,"location":null,"numPassingAsserts":1,"retryReasons":[],"startAt":1771795631099,"status":"passed","title":"returns 401 when admin key is missing"},{"ancestorTitles":["/api/telegram/send"],"duration":3,"failing":false,"failureDetails":[],"failureMessages":[],"fullName":"/api/telegram/send sends telegram message with valid admin key","invocations":1,"location":null,"numPassingAsserts":3,"retryReasons":[],"startAt":1771795631112,"status":"passed","title":"sends telegram message with valid admin key"}],"endTime":1771795631116,"message":"","name":"C:\\Projects\\avatar-g-frontend-v3\\__tests__\\api\\telegram-send-route.test.ts","startTime":1771795630719,"status":"passed","summary":""},{"assertionResults":[{"ancestorTitles":["agent-g voice feature flag"],"duration":1,"failing":false,"failureDetails":[],"failureMessages":[],"fullName":"agent-g voice feature flag defaults to disabled","invocations":1,"location":null,"numPassingAsserts":1,"retryReasons":[],"startAt":1771795631463,"status":"passed","title":"defaults to disabled"},{"ancestorTitles":["agent-g voice feature flag"],"duration":1,"failing":false,"failureDetails":[],"failureMessages":[],"fullName":"agent-g voice feature flag enabled only when true","invocations":1,"location":null,"numPassingAsserts":2,"retryReasons":[],"startAt":1771795631466,"status":"passed","title":"enabled only when true"}],"endTime":1771795631468,"message":"","name":"C:\\Projects\\avatar-g-frontend-v3\\__tests__\\lib\\agent-g.voice-flag.test.ts","startTime":1771795631199,"status":"passed","summary":""},{"assertionResults":[{"ancestorTitles":["Tax Profile"],"duration":2,"failing":false,"failureDetails":[],"failureMessages":[],"fullName":"Tax Profile should create default non-VAT profile for new store","invocations":1,"location":null,"numPassingAsserts":5,"retryReasons":[],"startAt":1771795631900,"status":"passed","title":"should create default non-VAT profile for new store"},{"ancestorTitles":["Tax Profile"],"duration":1,"failing":false,"failureDetails":[],"failureMessages":[],"fullName":"Tax Profile should validate VAT payer status consistency","invocations":1,"location":null,"numPassingAsserts":2,"retryReasons":[],"startAt":1771795631946,"status":"passed","title":"should validate VAT payer status consistency"},{"ancestorTitles":["Tax Profile"],"duration":0,"failing":false,"failureDetails":[],"failureMessages":[],"fullName":"Tax Profile should reject VAT payer without vat_enabled","invocations":1,"location":null,"numPassingAsserts":2,"retryReasons":[],"startAt":1771795631948,"status":"passed","title":"should reject VAT payer without vat_enabled"},{"ancestorTitles":["Tax Profile"],"duration":0,"failing":false,"failureDetails":[],"failureMessages":[],"fullName":"Tax Profile should reject non-VAT payer with vat_enabled","invocations":1,"location":null,"numPassingAsserts":1,"retryReasons":[],"startAt":1771795631949,"status":"passed","title":"should reject non-VAT payer with vat_enabled"},{"ancestorTitles":["Tax Profile"],"duration":1,"failing":false,"failureDetails":[],"failureMessages":[],"fullName":"Tax Profile should return true for isVatEnabled when tax_status is vat_payer","invocations":1,"location":null,"numPassingAsserts":2,"retryReasons":[],"startAt":1771795631950,"status":"passed","title":"should return true for isVatEnabled when tax_status is vat_payer"},{"ancestorTitles":["Order Calculation: VAT Payer"],"duration":4,"failing":false,"failureDetails":[],"failureMessages":[],"fullName":"Order Calculation: VAT Payer should compute VAT when selling to Georgian buyer (VAT payer)","invocations":1,"location":null,"numPassingAsserts":5,"retryReasons":[],"startAt":1771795631951,"status":"passed","title":"should compute VAT when selling to Georgian buyer (VAT payer)"},{"ancestorTitles":["Order Calculation: VAT Payer"],"duration":1,"failing":false,"failureDetails":[],"failureMessages":[],"fullName":"Order Calculation: VAT Payer should compute correct VAT amount for standard 18% rate","invocations":1,"location":null,"numPassingAsserts":1,"retryReasons":[],"startAt":1771795631960,"status":"passed","title":"should compute correct VAT amount for standard 18% rate"},{"ancestorTitles":["Order Calculation: VAT Payer"],"duration":0,"failing":false,"failureDetails":[],"failureMessages":[],"fullName":"Order Calculation: VAT Payer should NOT compute VAT for non-Georgian buyer even if VAT payer","invocations":1,"location":null,"numPassingAsserts":2,"retryReasons":[],"startAt":1771795631962,"status":"passed","title":"should NOT compute VAT for non-Georgian buyer even if VAT payer"},{"ancestorTitles":["Order Calculation: VAT Payer"],"duration":0,"failing":false,"failureDetails":[],"failureMessages":[],"fullName":"Order Calculation: VAT Payer should correctly compute total with all fees for VAT payer","invocations":1,"location":null,"numPassingAsserts":3,"retryReasons":[],"startAt":1771795631963,"status":"passed","title":"should correctly compute total with all fees for VAT payer"},{"ancestorTitles":["Order Calculation: Non-VAT Payer"],"duration":1,"failing":false,"failureDetails":[],"failureMessages":[],"fullName":"Order Calculation: Non-VAT Payer should NOT compute VAT for non-VAT payer (even GE buyer)","invocations":1,"location":null,"numPassingAsserts":3,"retryReasons":[],"startAt":1771795631964,"status":"passed","title":"should NOT compute VAT for non-VAT payer (even GE buyer)"},{"ancestorTitles":["Order Calculation: Non-VAT Payer"],"duration":0,"failing":false,"failureDetails":[],"failureMessages":[],"fullName":"Order Calculation: Non-VAT Payer should still charge fees for non-VAT payer","invocations":1,"location":null,"numPassingAsserts":3,"retryReasons":[],"startAt":1771795631966,"status":"passed","title":"should still charge fees for non-VAT payer"},{"ancestorTitles":["Order Calculation: Edge Cases"],"duration":1,"failing":false,"failureDetails":[],"failureMessages":[],"fullName":"Order Calculation: Edge Cases should handle zero subtotal","invocations":1,"location":null,"numPassingAsserts":4,"retryReasons":[],"startAt":1771795631967,"status":"passed","title":"should handle zero subtotal"},{"ancestorTitles":["Order Calculation: Edge Cases"],"duration":1,"failing":false,"failureDetails":[],"failureMessages":[],"fullName":"Order Calculation: Edge Cases should handle very high subtotal","invocations":1,"location":null,"numPassingAsserts":3,"retryReasons":[],"startAt":1771795631969,"status":"passed","title":"should handle very high subtotal"},{"ancestorTitles":["Order Calculation: Edge Cases"],"duration":2,"failing":false,"failureDetails":[],"failureMessages":[],"fullName":"Order Calculation: Edge Cases should handle negative inputs gracefully (convert to 0)","invocations":1,"location":null,"numPassingAsserts":3,"retryReasons":[],"startAt":1771795631970,"status":"passed","title":"should handle negative inputs gracefully (convert to 0)"},{"ancestorTitles":["Order Calculation: Validation"],"duration":0,"failing":false,"failureDetails":[],"failureMessages":[],"fullName":"Order Calculation: Validation should validate successful calculation","invocations":1,"location":null,"numPassingAsserts":2,"retryReasons":[],"startAt":1771795632017,"status":"passed","title":"should validate successful calculation"},{"ancestorTitles":["Order Calculation: Validation"],"duration":1,"failing":false,"failureDetails":[],"failureMessages":[],"fullName":"Order Calculation: Validation should reject calculation with negative values","invocations":1,"location":null,"numPassingAsserts":2,"retryReasons":[],"startAt":1771795632018,"status":"passed","title":"should reject calculation with negative values"},{"ancestorTitles":["Order Calculation: Formatting"],"duration":1,"failing":false,"failureDetails":[],"failureMessages":[],"fullName":"Order Calculation: Formatting should format totals with currency symbol","invocations":1,"location":null,"numPassingAsserts":3,"retryReasons":[],"startAt":1771795632019,"status":"passed","title":"should format totals with currency symbol"},{"ancestorTitles":["Standard VAT Included Rounding"],"duration":1,"failing":false,"failureDetails":[],"failureMessages":[],"fullName":"Standard VAT Included Rounding should properly round VAT amount using included formula","invocations":1,"location":null,"numPassingAsserts":2,"retryReasons":[],"startAt":1771795632021,"status":"passed","title":"should properly round VAT amount using included formula"},{"ancestorTitles":["Standard VAT Included Rounding"],"duration":13,"failing":false,"failureDetails":[],"failureMessages":[],"fullName":"Standard VAT Included Rounding should handle VAT rounding for various amounts","invocations":1,"location":null,"numPassingAsserts":4,"retryReasons":[],"startAt":1771795632022,"status":"passed","title":"should handle VAT rounding for various amounts"}],"endTime":1771795632038,"message":"","name":"C:\\Projects\\avatar-g-frontend-v3\\__tests__\\finance\\taxStatus.test.ts","startTime":1771795631516,"status":"passed","summary":""},{"assertionResults":[{"ancestorTitles":["vat helpers"],"duration":3,"failing":false,"failureDetails":[],"failureMessages":[],"fullName":"vat helpers computeVatInclusive for 18% uses floor","invocations":1,"location":null,"numPassingAsserts":2,"retryReasons":[],"startAt":1771795632326,"status":"passed","title":"computeVatInclusive for 18% uses floor"},{"ancestorTitles":["vat helpers"],"duration":0,"failing":false,"failureDetails":[],"failureMessages":[],"fullName":"vat helpers computeVatInclusive handles zero rate","invocations":1,"location":null,"numPassingAsserts":2,"retryReasons":[],"startAt":1771795632333,"status":"passed","title":"computeVatInclusive handles zero rate"}],"endTime":1771795632335,"message":"","name":"C:\\Projects\\avatar-g-frontend-v3\\__tests__\\finance\\vat.test.ts","startTime":1771795632083,"status":"passed","summary":""},{"assertionResults":[{"ancestorTitles":["detectTone"],"duration":1,"failing":false,"failureDetails":[],"failureMessages":[],"fullName":"detectTone detects stressed tone from georgian keyword","invocations":1,"location":null,"numPassingAsserts":2,"retryReasons":[],"startAt":1771795632813,"status":"passed","title":"detects stressed tone from georgian keyword"},{"ancestorTitles":["detectTone"],"duration":0,"failing":false,"failureDetails":[],"failureMessages":[],"fullName":"detectTone detects happy tone from gratitude keyword","invocations":1,"location":null,"numPassingAsserts":1,"retryReasons":[],"startAt":1771795632853,"status":"passed","title":"detects happy tone from gratitude keyword"},{"ancestorTitles":["detectTone"],"duration":1,"failing":false,"failureDetails":[],"failureMessages":[],"fullName":"detectTone detects angry tone from punctuation and caps","invocations":1,"location":null,"numPassingAsserts":1,"retryReasons":[],"startAt":1771795632854,"status":"passed","title":"detects angry tone from punctuation and caps"},{"ancestorTitles":["detectTone"],"duration":1,"failing":false,"failureDetails":[],"failureMessages":[],"fullName":"detectTone falls back to neutral for plain text","invocations":1,"location":null,"numPassingAsserts":1,"retryReasons":[],"startAt":1771795632857,"status":"passed","title":"falls back to neutral for plain text"}],"endTime":1771795632859,"message":"","name":"C:\\Projects\\avatar-g-frontend-v3\\__tests__\\lib\\agent-g.tone.test.ts","startTime":1771795632499,"status":"passed","summary":""},{"assertionResults":[{"ancestorTitles":["margin calculation"],"duration":5,"failing":false,"failureDetails":[],"failureMessages":[],"fullName":"margin calculation computeMargin with VAT enabled calculates fees on net of VAT","invocations":1,"location":null,"numPassingAsserts":4,"retryReasons":[],"startAt":1771795633520,"status":"passed","title":"computeMargin with VAT enabled calculates fees on net of VAT"},{"ancestorTitles":["margin calculation"],"duration":1,"failing":false,"failureDetails":[],"failureMessages":[],"fullName":"margin calculation computeMargin with VAT disabled","invocations":1,"location":null,"numPassingAsserts":3,"retryReasons":[],"startAt":1771795633543,"status":"passed","title":"computeMargin with VAT disabled"},{"ancestorTitles":["margin calculation"],"duration":0,"failing":false,"failureDetails":[],"failureMessages":[],"fullName":"margin calculation computeMargin zero affiliate fee","invocations":1,"location":null,"numPassingAsserts":1,"retryReasons":[],"startAt":1771795633548,"status":"passed","title":"computeMargin zero affiliate fee"},{"ancestorTitles":["margin calculation"],"duration":24,"failing":false,"failureDetails":[],"failureMessages":[],"fullName":"margin calculation assertPositiveMargin throws on negative profit","invocations":1,"location":null,"numPassingAsserts":1,"retryReasons":[],"startAt":1771795633552,"status":"passed","title":"assertPositiveMargin throws on negative profit"},{"ancestorTitles":["margin calculation"],"duration":1,"failing":false,"failureDetails":[],"failureMessages":[],"fullName":"margin calculation assertPositiveMargin succeeds on positive profit","invocations":1,"location":null,"numPassingAsserts":1,"retryReasons":[],"startAt":1771795633580,"status":"passed","title":"assertPositiveMargin succeeds on positive profit"}],"endTime":1771795633582,"message":"","name":"C:\\Projects\\avatar-g-frontend-v3\\__tests__\\finance\\margin.test.ts","startTime":1771795633271,"status":"passed","summary":""},{"assertionResults":[{"ancestorTitles":["agent-g memory feature flag"],"duration":1,"failing":false,"failureDetails":[],"failureMessages":[],"fullName":"agent-g memory feature flag is disabled by default","invocations":1,"location":null,"numPassingAsserts":1,"retryReasons":[],"startAt":1771795633833,"status":"passed","title":"is disabled by default"},{"ancestorTitles":["agent-g memory feature flag"],"duration":1,"failing":false,"failureDetails":[],"failureMessages":[],"fullName":"agent-g memory feature flag short-circuits reads and writes when disabled","invocations":1,"location":null,"numPassingAsserts":4,"retryReasons":[],"startAt":1771795633843,"status":"passed","title":"short-circuits reads and writes when disabled"}],"endTime":1771795633845,"message":"","name":"C:\\Projects\\avatar-g-frontend-v3\\__tests__\\lib\\agent-g.memory-flag.test.ts","startTime":1771795633608,"status":"passed","summary":""},{"assertionResults":[{"ancestorTitles":["Agent G personality emotion detection"],"duration":3,"failing":false,"failureDetails":[],"failureMessages":[],"fullName":"Agent G personality emotion detection maps stressed georgian text to calm tone","invocations":1,"location":null,"numPassingAsserts":3,"retryReasons":[],"startAt":1771795634100,"status":"passed","title":"maps stressed georgian text to calm tone"},{"ancestorTitles":["Agent G personality emotion detection"],"duration":1,"failing":false,"failureDetails":[],"failureMessages":[],"fullName":"Agent G personality emotion detection maps excited text to excited tone","invocations":1,"location":null,"numPassingAsserts":3,"retryReasons":[],"startAt":1771795634112,"status":"passed","title":"maps excited text to excited tone"},{"ancestorTitles":["Agent G personality emotion detection"],"duration":1,"failing":false,"failureDetails":[],"failureMessages":[],"fullName":"Agent G personality emotion detection maps neutral text to friendly tone","invocations":1,"location":null,"numPassingAsserts":2,"retryReasons":[],"startAt":1771795634116,"status":"passed","title":"maps neutral text to friendly tone"}],"endTime":1771795634118,"message":"","name":"C:\\Projects\\avatar-g-frontend-v3\\__tests__\\lib\\agentg.personality.test.ts","startTime":1771795633870,"status":"passed","summary":""},{"assertionResults":[],"coverage":{},"endTime":1771795641646,"message":"  \u001b[1m● \u001b[22mTest suite failed to run\n\n    Cannot find module '@testing-library/dom' from 'node_modules/@testing-library/react/dist/pure.js'\n\n    Require stack:\n      node_modules/@testing-library/react/dist/pure.js\n      node_modules/@testing-library/react/dist/index.js\n      __tests__/utils/render.tsx\n      __tests__/integration/identity-flow.test.tsx\n\n    \u001b[0m \u001b[90m 10 |\u001b[39m       \u001b[33m<\u001b[39m\u001b[33mLanguageProvider\u001b[39m\u001b[33m>\u001b[39m\n     \u001b[90m 11 |\u001b[39m         \u001b[33m<\u001b[39m\u001b[33mToastProvider\u001b[39m\u001b[33m>\u001b[39m\n    \u001b[31m\u001b[1m>\u001b[22m\u001b[39m\u001b[90m 12 |\u001b[39m           {children}\n     \u001b[90m    |\u001b[39m                     \u001b[31m\u001b[1m^\u001b[22m\u001b[39m\n     \u001b[90m 13 |\u001b[39m         \u001b[33m<\u001b[39m\u001b[33m/\u001b[39m\u001b[33mToastProvider\u001b[39m\u001b[33m>\u001b[39m\n     \u001b[90m 14 |\u001b[39m       \u001b[33m<\u001b[39m\u001b[33m/\u001b[39m\u001b[33mLanguageProvider\u001b[39m\u001b[33m>\u001b[39m\n     \u001b[90m 15 |\u001b[39m     \u001b[33m<\u001b[39m\u001b[33m/\u001b[39m\u001b[33mIdentityProvider\u001b[39m\u001b[33m>\u001b[39m\u001b[0m\n\n      \u001b[2mat Resolver._throwModNotFoundError (\u001b[22mnode_modules/jest-resolve/build/index.js\u001b[2m:863:11)\u001b[22m\n      \u001b[2mat Object.<anonymous> (\u001b[22mnode_modules/@testing-library/react/dist/pure.js\u001b[2m:46:12)\u001b[22m\n      \u001b[2mat Object.<anonymous> (\u001b[22mnode_modules/@testing-library/react/dist/index.js\u001b[2m:7:13)\u001b[22m\n      \u001b[2mat Object.<anonymous> (\u001b[22m__tests__/utils/render.tsx\u001b[2m:12:29)\u001b[22m\n      \u001b[2mat Object.<anonymous> (\u001b[22m\u001b[0m\u001b[36m__tests__/integration/identity-flow.test.tsx\u001b[39m\u001b[0m\u001b[2m:6:17)\u001b[22m\n","name":"C:\\Projects\\avatar-g-frontend-v3\\__tests__\\integration\\identity-flow.test.tsx","startTime":1771795641646,"status":"failed","summary":""},{"assertionResults":[],"coverage":{},"endTime":1771795641646,"message":"  \u001b[1m● \u001b[22mTest suite failed to run\n\n    Cannot find module '@testing-library/dom' from 'node_modules/@testing-library/react/dist/pure.js'\n\n    Require stack:\n      node_modules/@testing-library/react/dist/pure.js\n      node_modules/@testing-library/react/dist/index.js\n      __tests__/utils/render.tsx\n      __tests__/components/Navigation.test.tsx\n\n    \u001b[0m \u001b[90m 10 |\u001b[39m       \u001b[33m<\u001b[39m\u001b[33mLanguageProvider\u001b[39m\u001b[33m>\u001b[39m\n     \u001b[90m 11 |\u001b[39m         \u001b[33m<\u001b[39m\u001b[33mToastProvider\u001b[39m\u001b[33m>\u001b[39m\n    \u001b[31m\u001b[1m>\u001b[22m\u001b[39m\u001b[90m 12 |\u001b[39m           {children}\n     \u001b[90m    |\u001b[39m                     \u001b[31m\u001b[1m^\u001b[22m\u001b[39m\n     \u001b[90m 13 |\u001b[39m         \u001b[33m<\u001b[39m\u001b[33m/\u001b[39m\u001b[33mToastProvider\u001b[39m\u001b[33m>\u001b[39m\n     \u001b[90m 14 |\u001b[39m       \u001b[33m<\u001b[39m\u001b[33m/\u001b[39m\u001b[33mLanguageProvider\u001b[39m\u001b[33m>\u001b[39m\n     \u001b[90m 15 |\u001b[39m     \u001b[33m<\u001b[39m\u001b[33m/\u001b[39m\u001b[33mIdentityProvider\u001b[39m\u001b[33m>\u001b[39m\u001b[0m\n\n      \u001b[2mat Resolver._throwModNotFoundError (\u001b[22mnode_modules/jest-resolve/build/index.js\u001b[2m:863:11)\u001b[22m\n      \u001b[2mat Object.<anonymous> (\u001b[22mnode_modules/@testing-library/react/dist/pure.js\u001b[2m:46:12)\u001b[22m\n      \u001b[2mat Object.<anonymous> (\u001b[22mnode_modules/@testing-library/react/dist/index.js\u001b[2m:7:13)\u001b[22m\n      \u001b[2mat Object.<anonymous> (\u001b[22m__tests__/utils/render.tsx\u001b[2m:12:29)\u001b[22m\n      \u001b[2mat Object.<anonymous> (\u001b[22m\u001b[0m\u001b[36m__tests__/components/Navigation.test.tsx\u001b[39m\u001b[0m\u001b[2m:6:17)\u001b[22m\n","name":"C:\\Projects\\avatar-g-frontend-v3\\__tests__\\components\\Navigation.test.tsx","startTime":1771795641646,"status":"failed","summary":""},{"assertionResults":[],"coverage":{},"endTime":1771795641646,"message":"  \u001b[1m● \u001b[22mTest suite failed to run\n\n    Cannot find module '@testing-library/dom' from 'node_modules/@testing-library/react/dist/pure.js'\n\n    Require stack:\n      node_modules/@testing-library/react/dist/pure.js\n      node_modules/@testing-library/react/dist/index.js\n      __tests__/utils/render.tsx\n      __tests__/components/GlobalChatbot.test.tsx\n\n    \u001b[0m \u001b[90m 10 |\u001b[39m       \u001b[33m<\u001b[39m\u001b[33mLanguageProvider\u001b[39m\u001b[33m>\u001b[39m\n     \u001b[90m 11 |\u001b[39m         \u001b[33m<\u001b[39m\u001b[33mToastProvider\u001b[39m\u001b[33m>\u001b[39m\n    \u001b[31m\u001b[1m>\u001b[22m\u001b[39m\u001b[90m 12 |\u001b[39m           {children}\n     \u001b[90m    |\u001b[39m                     \u001b[31m\u001b[1m^\u001b[22m\u001b[39m\n     \u001b[90m 13 |\u001b[39m         \u001b[33m<\u001b[39m\u001b[33m/\u001b[39m\u001b[33mToastProvider\u001b[39m\u001b[33m>\u001b[39m\n     \u001b[90m 14 |\u001b[39m       \u001b[33m<\u001b[39m\u001b[33m/\u001b[39m\u001b[33mLanguageProvider\u001b[39m\u001b[33m>\u001b[39m\n     \u001b[90m 15 |\u001b[39m     \u001b[33m<\u001b[39m\u001b[33m/\u001b[39m\u001b[33mIdentityProvider\u001b[39m\u001b[33m>\u001b[39m\u001b[0m\n\n      \u001b[2mat Resolver._throwModNotFoundError (\u001b[22mnode_modules/jest-resolve/build/index.js\u001b[2m:863:11)\u001b[22m\n      \u001b[2mat Object.<anonymous> (\u001b[22mnode_modules/@testing-library/react/dist/pure.js\u001b[2m:46:12)\u001b[22m\n      \u001b[2mat Object.<anonymous> (\u001b[22mnode_modules/@testing-library/react/dist/index.js\u001b[2m:7:13)\u001b[22m\n      \u001b[2mat Object.<anonymous> (\u001b[22m__tests__/utils/render.tsx\u001b[2m:12:29)\u001b[22m\n      \u001b[2mat Object.<anonymous> (\u001b[22m\u001b[0m\u001b[36m__tests__/components/GlobalChatbot.test.tsx\u001b[39m\u001b[0m\u001b[2m:6:17)\u001b[22m\n","name":"C:\\Projects\\avatar-g-frontend-v3\\__tests__\\components\\GlobalChatbot.test.tsx","startTime":1771795641646,"status":"failed","summary":""},{"assertionResults":[],"coverage":{},"endTime":1771795641646,"message":"  \u001b[1m● \u001b[22mTest suite failed to run\n\n    ReferenceError: Request is not defined\n\n    \u001b[0m \u001b[90m 23 |\u001b[39m\n     \u001b[90m 24 |\u001b[39m \u001b[36mexport\u001b[39m \u001b[36masync\u001b[39m \u001b[36mfunction\u001b[39m \u001b[33mPOST\u001b[39m(request\u001b[33m:\u001b[39m \u001b[33mNextRequest\u001b[39m) {\n    \u001b[31m\u001b[1m>\u001b[22m\u001b[39m\u001b[90m 25 |\u001b[39m   \u001b[36mtry\u001b[39m {\n     \u001b[90m    |\u001b[39m                 \u001b[31m\u001b[1m^\u001b[22m\u001b[39m\n     \u001b[90m 26 |\u001b[39m     \u001b[36mconst\u001b[39m body \u001b[33m=\u001b[39m \u001b[36mawait\u001b[39m request\u001b[33m.\u001b[39mjson()\u001b[33m;\u001b[39m\n     \u001b[90m 27 |\u001b[39m     \u001b[36mconst\u001b[39m parsed \u001b[33m=\u001b[39m \u001b[33mMarketScanRequestSchema\u001b[39m\u001b[33m.\u001b[39msafeParse(body)\u001b[33m;\u001b[39m\n     \u001b[90m 28 |\u001b[39m\u001b[0m\n\n      \u001b[2mat Object.Request (\u001b[22mnode_modules/next/src/server/web/spec-extension/request.ts\u001b[2m:15:34)\u001b[22m\n      \u001b[2mat Object.<anonymous> (\u001b[22mnode_modules/next/server.js\u001b[2m:2:16)\u001b[22m\n      \u001b[2mat Object.<anonymous> (\u001b[22mapp/api/market/scan/route.ts\u001b[2m:25:17)\u001b[22m\n      \u001b[2mat Object.<anonymous> (\u001b[22m\u001b[0m\u001b[36m__tests__/api/market-scan.test.ts\u001b[39m\u001b[0m\u001b[2m:10:16)\u001b[22m\n","name":"C:\\Projects\\avatar-g-frontend-v3\\__tests__\\api\\market-scan.test.ts","startTime":1771795641646,"status":"failed","summary":""},{"assertionResults":[],"coverage":{},"endTime":1771795641646,"message":"  \u001b[1m● \u001b[22mTest suite failed to run\n\n    Cannot find module '../../app/api/generate/text/route' from '__tests__/api/generate.test.ts'\n\n    \u001b[0m \u001b[90m 3 |\u001b[39m \u001b[36mimport\u001b[39m { \u001b[33mNextRequest\u001b[39m } \u001b[36mfrom\u001b[39m \u001b[32m'next/server'\u001b[39m\n     \u001b[90m 4 |\u001b[39m\n    \u001b[31m\u001b[1m>\u001b[22m\u001b[39m\u001b[90m 5 |\u001b[39m describe\u001b[33m.\u001b[39mskip(\u001b[32m'API Routes'\u001b[39m\u001b[33m,\u001b[39m () \u001b[33m=>\u001b[39m {\n     \u001b[90m   |\u001b[39m                \u001b[31m\u001b[1m^\u001b[22m\u001b[39m\n     \u001b[90m 6 |\u001b[39m   describe(\u001b[32m'Text Generation'\u001b[39m\u001b[33m,\u001b[39m () \u001b[33m=>\u001b[39m {\n     \u001b[90m 7 |\u001b[39m     it(\u001b[32m'returns 403 without identity'\u001b[39m\u001b[33m,\u001b[39m \u001b[36masync\u001b[39m () \u001b[33m=>\u001b[39m {\n     \u001b[90m 8 |\u001b[39m       \u001b[36mconst\u001b[39m req \u001b[33m=\u001b[39m \u001b[36mnew\u001b[39m \u001b[33mNextRequest\u001b[39m(\u001b[32m'http://localhost:3000/api/generate/text'\u001b[39m\u001b[33m,\u001b[39m {\u001b[0m\n\n      \u001b[2mat Resolver._throwModNotFoundError (\u001b[22mnode_modules/jest-resolve/build/index.js\u001b[2m:863:11)\u001b[22m\n      \u001b[2mat Object.<anonymous> (\u001b[22m\u001b[0m\u001b[36m__tests__/api/generate.test.ts\u001b[39m\u001b[0m\u001b[2m:5:16)\u001b[22m\n","name":"C:\\Projects\\avatar-g-frontend-v3\\__tests__\\api\\generate.test.ts","startTime":1771795641646,"status":"failed","summary":""}],"wasInterrupted":false}
