{"numFailedTestSuites":0,"numFailedTests":0,"numPassedTestSuites":24,"numPassedTests":124,"numPendingTestSuites":2,"numPendingTests":11,"numRuntimeErrorTestSuites":0,"numTodoTests":0,"numTotalTestSuites":26,"numTotalTests":135,"openHandles":[],"snapshot":{"added":0,"didUpdate":false,"failure":false,"filesAdded":0,"filesRemoved":0,"filesRemovedList":[],"filesUnmatched":0,"filesUpdated":0,"matched":0,"total":0,"unchecked":0,"uncheckedKeysByFile":[],"unmatched":0,"updated":0},"startTime":1771796176540,"success":true,"testResults":[{"assertionResults":[{"ancestorTitles":["Revenue Optimization Integration Suite","Scenario 1: New Product Launch Decision Flow"],"duration":8,"failing":false,"failureDetails":[],"failureMessages":[],"fullName":"Revenue Optimization Integration Suite Scenario 1: New Product Launch Decision Flow should validate product survivability through all gatekeepers","invocations":1,"location":null,"numPassingAsserts":7,"retryReasons":[],"startAt":1771796179139,"status":"passed","title":"should validate product survivability through all gatekeepers"},{"ancestorTitles":["Revenue Optimization Integration Suite","Scenario 2: Underperforming Product Optimization"],"duration":3,"failing":false,"failureDetails":[],"failureMessages":[],"fullName":"Revenue Optimization Integration Suite Scenario 2: Underperforming Product Optimization should diagnose low conversion and apply correction flow","invocations":1,"location":null,"numPassingAsserts":6,"retryReasons":[],"startAt":1771796179150,"status":"passed","title":"should diagnose low conversion and apply correction flow"},{"ancestorTitles":["Revenue Optimization Integration Suite","Scenario 3: High-Margin Premium Product Strategy"],"duration":2,"failing":false,"failureDetails":[],"failureMessages":[],"fullName":"Revenue Optimization Integration Suite Scenario 3: High-Margin Premium Product Strategy should maximize revenue for premium tier offerings","invocations":1,"location":null,"numPassingAsserts":5,"retryReasons":[],"startAt":1771796179154,"status":"passed","title":"should maximize revenue for premium tier offerings"},{"ancestorTitles":["Revenue Optimization Integration Suite","Scenario 4: Risk Mitigation for Volatile Markets"],"duration":1,"failing":false,"failureDetails":[],"failureMessages":[],"fullName":"Revenue Optimization Integration Suite Scenario 4: Risk Mitigation for Volatile Markets should add safety buffers for high-uncertainty products","invocations":1,"location":null,"numPassingAsserts":0,"retryReasons":[],"startAt":1771796179157,"status":"passed","title":"should add safety buffers for high-uncertainty products"},{"ancestorTitles":["Revenue Optimization Integration Suite","Scenario 5: Multi-Product Portfolio Optimization"],"duration":6,"failing":false,"failureDetails":[],"failureMessages":[],"fullName":"Revenue Optimization Integration Suite Scenario 5: Multi-Product Portfolio Optimization should optimize portfolio with mixed margin profiles","invocations":1,"location":null,"numPassingAsserts":5,"retryReasons":[],"startAt":1771796179159,"status":"passed","title":"should optimize portfolio with mixed margin profiles"}],"endTime":1771796179173,"message":"","name":"C:\\Projects\\avatar-g-frontend-v3\\__tests__\\revenue-optimization\\integration.test.ts","startTime":1771796178305,"status":"passed","summary":""},{"assertionResults":[{"ancestorTitles":["Dynamic Pricing Engine"],"duration":3,"failing":false,"failureDetails":[],"failureMessages":[],"fullName":"Dynamic Pricing Engine should increase price when margin below target","invocations":1,"location":null,"numPassingAsserts":2,"retryReasons":[],"startAt":1771796179492,"status":"passed","title":"should increase price when margin below target"},{"ancestorTitles":["Dynamic Pricing Engine"],"duration":1,"failing":false,"failureDetails":[],"failureMessages":[],"fullName":"Dynamic Pricing Engine should decrease price when inventory high","invocations":1,"location":null,"numPassingAsserts":2,"retryReasons":[],"startAt":1771796179496,"status":"passed","title":"should decrease price when inventory high"},{"ancestorTitles":["Dynamic Pricing Engine"],"duration":1,"failing":false,"failureDetails":[],"failureMessages":[],"fullName":"Dynamic Pricing Engine should decrease price for low conversion","invocations":1,"location":null,"numPassingAsserts":2,"retryReasons":[],"startAt":1771796179498,"status":"passed","title":"should decrease price for low conversion"},{"ancestorTitles":["Dynamic Pricing Engine"],"duration":1,"failing":false,"failureDetails":[],"failureMessages":[],"fullName":"Dynamic Pricing Engine should respect minimum margin floor","invocations":1,"location":null,"numPassingAsserts":2,"retryReasons":[],"startAt":1771796179499,"status":"passed","title":"should respect minimum margin floor"},{"ancestorTitles":["Dynamic Pricing Engine"],"duration":0,"failing":false,"failureDetails":[],"failureMessages":[],"fullName":"Dynamic Pricing Engine should estimate conversion after price change","invocations":1,"location":null,"numPassingAsserts":1,"retryReasons":[],"startAt":1771796179501,"status":"passed","title":"should estimate conversion after price change"},{"ancestorTitles":["Dynamic Pricing Engine"],"duration":1,"failing":false,"failureDetails":[],"failureMessages":[],"fullName":"Dynamic Pricing Engine should match competitor price when beneficial","invocations":1,"location":null,"numPassingAsserts":1,"retryReasons":[],"startAt":1771796179502,"status":"passed","title":"should match competitor price when beneficial"},{"ancestorTitles":["Conversion Optimization"],"duration":1,"failing":false,"failureDetails":[],"failureMessages":[],"fullName":"Conversion Optimization should identify awareness bottleneck when CTR low","invocations":1,"location":null,"numPassingAsserts":3,"retryReasons":[],"startAt":1771796179503,"status":"passed","title":"should identify awareness bottleneck when CTR low"},{"ancestorTitles":["Conversion Optimization"],"duration":3,"failing":false,"failureDetails":[],"failureMessages":[],"fullName":"Conversion Optimization should identify interest bottleneck when click-to-cart low","invocations":1,"location":null,"numPassingAsserts":2,"retryReasons":[],"startAt":1771796179505,"status":"passed","title":"should identify interest bottleneck when click-to-cart low"},{"ancestorTitles":["Conversion Optimization"],"duration":1,"failing":false,"failureDetails":[],"failureMessages":[],"fullName":"Conversion Optimization should identify decision bottleneck when cart-to-order low","invocations":1,"location":null,"numPassingAsserts":2,"retryReasons":[],"startAt":1771796179508,"status":"passed","title":"should identify decision bottleneck when cart-to-order low"},{"ancestorTitles":["Conversion Optimization"],"duration":1,"failing":false,"failureDetails":[],"failureMessages":[],"fullName":"Conversion Optimization should diagnose conversion health correctly","invocations":1,"location":null,"numPassingAsserts":2,"retryReasons":[],"startAt":1771796179510,"status":"passed","title":"should diagnose conversion health correctly"},{"ancestorTitles":["Conversion Optimization"],"duration":3,"failing":false,"failureDetails":[],"failureMessages":[],"fullName":"Conversion Optimization should estimate revenue impact of optimization","invocations":1,"location":null,"numPassingAsserts":1,"retryReasons":[],"startAt":1771796179512,"status":"passed","title":"should estimate revenue impact of optimization"},{"ancestorTitles":["Shipping Intelligence"],"duration":1,"failing":false,"failureDetails":[],"failureMessages":[],"fullName":"Shipping Intelligence should score shipping risk correctly","invocations":1,"location":null,"numPassingAsserts":2,"retryReasons":[],"startAt":1771796179515,"status":"passed","title":"should score shipping risk correctly"},{"ancestorTitles":["Shipping Intelligence"],"duration":0,"failing":false,"failureDetails":[],"failureMessages":[],"fullName":"Shipping Intelligence should penalize long delivery times","invocations":1,"location":null,"numPassingAsserts":3,"retryReasons":[],"startAt":1771796179517,"status":"passed","title":"should penalize long delivery times"},{"ancestorTitles":["Shipping Intelligence"],"duration":0,"failing":false,"failureDetails":[],"failureMessages":[],"fullName":"Shipping Intelligence should calculate carrier reliability score","invocations":1,"location":null,"numPassingAsserts":2,"retryReasons":[],"startAt":1771796179518,"status":"passed","title":"should calculate carrier reliability score"},{"ancestorTitles":["Shipping Intelligence"],"duration":1,"failing":false,"failureDetails":[],"failureMessages":[],"fullName":"Shipping Intelligence should optimize shipping strategy","invocations":1,"location":null,"numPassingAsserts":3,"retryReasons":[],"startAt":1771796179519,"status":"passed","title":"should optimize shipping strategy"},{"ancestorTitles":["Auto-Margin Guard"],"duration":1,"failing":false,"failureDetails":[],"failureMessages":[],"fullName":"Auto-Margin Guard should simulate worst-case margin correctly","invocations":1,"location":null,"numPassingAsserts":4,"retryReasons":[],"startAt":1771796179521,"status":"passed","title":"should simulate worst-case margin correctly"},{"ancestorTitles":["Auto-Margin Guard"],"duration":0,"failing":false,"failureDetails":[],"failureMessages":[],"fullName":"Auto-Margin Guard should approve when worst-case margin acceptable","invocations":1,"location":null,"numPassingAsserts":2,"retryReasons":[],"startAt":1771796179523,"status":"passed","title":"should approve when worst-case margin acceptable"},{"ancestorTitles":["Auto-Margin Guard"],"duration":0,"failing":false,"failureDetails":[],"failureMessages":[],"fullName":"Auto-Margin Guard should reject when worst-case margin unacceptable","invocations":1,"location":null,"numPassingAsserts":2,"retryReasons":[],"startAt":1771796179524,"status":"passed","title":"should reject when worst-case margin unacceptable"},{"ancestorTitles":["Auto-Margin Guard"],"duration":4,"failing":false,"failureDetails":[],"failureMessages":[],"fullName":"Auto-Margin Guard should calculate minimum price for worst-case survival","invocations":1,"location":null,"numPassingAsserts":2,"retryReasons":[],"startAt":1771796179525,"status":"passed","title":"should calculate minimum price for worst-case survival"},{"ancestorTitles":["Auto-Margin Guard"],"duration":1,"failing":false,"failureDetails":[],"failureMessages":[],"fullName":"Auto-Margin Guard should provide margin sensitivity analysis","invocations":1,"location":null,"numPassingAsserts":4,"retryReasons":[],"startAt":1771796179530,"status":"passed","title":"should provide margin sensitivity analysis"},{"ancestorTitles":["Integration: Combined Revenue Optimization"],"duration":1,"failing":false,"failureDetails":[],"failureMessages":[],"fullName":"Integration: Combined Revenue Optimization should flow: evaluate → price dynamically → monitor conversion → guard margins","invocations":1,"location":null,"numPassingAsserts":4,"retryReasons":[],"startAt":1771796179532,"status":"passed","title":"should flow: evaluate → price dynamically → monitor conversion → guard margins"}],"endTime":1771796179535,"message":"","name":"C:\\Projects\\avatar-g-frontend-v3\\__tests__\\revenue-optimization\\revenuOptimization.test.ts","startTime":1771796179224,"status":"passed","summary":""},{"assertionResults":[{"ancestorTitles":["Edge Cases: Dynamic Pricing Engine"],"duration":2,"failing":false,"failureDetails":[],"failureMessages":[],"fullName":"Edge Cases: Dynamic Pricing Engine should handle zero price gracefully","invocations":1,"location":null,"numPassingAsserts":1,"retryReasons":[],"startAt":1771796179808,"status":"passed","title":"should handle zero price gracefully"},{"ancestorTitles":["Edge Cases: Dynamic Pricing Engine"],"duration":1,"failing":false,"failureDetails":[],"failureMessages":[],"fullName":"Edge Cases: Dynamic Pricing Engine should handle extreme inventory levels","invocations":1,"location":null,"numPassingAsserts":2,"retryReasons":[],"startAt":1771796179813,"status":"passed","title":"should handle extreme inventory levels"},{"ancestorTitles":["Edge Cases: Dynamic Pricing Engine"],"duration":1,"failing":false,"failureDetails":[],"failureMessages":[],"fullName":"Edge Cases: Dynamic Pricing Engine should handle zero conversion rate","invocations":1,"location":null,"numPassingAsserts":1,"retryReasons":[],"startAt":1771796179814,"status":"passed","title":"should handle zero conversion rate"},{"ancestorTitles":["Edge Cases: Dynamic Pricing Engine"],"duration":1,"failing":false,"failureDetails":[],"failureMessages":[],"fullName":"Edge Cases: Dynamic Pricing Engine should handle extremely high conversion rates","invocations":1,"location":null,"numPassingAsserts":1,"retryReasons":[],"startAt":1771796179815,"status":"passed","title":"should handle extremely high conversion rates"},{"ancestorTitles":["Edge Cases: Dynamic Pricing Engine"],"duration":1,"failing":false,"failureDetails":[],"failureMessages":[],"fullName":"Edge Cases: Dynamic Pricing Engine should estimate non-negative conversion after price change","invocations":1,"location":null,"numPassingAsserts":1,"retryReasons":[],"startAt":1771796179816,"status":"passed","title":"should estimate non-negative conversion after price change"},{"ancestorTitles":["Edge Cases: Dynamic Pricing Engine"],"duration":1,"failing":false,"failureDetails":[],"failureMessages":[],"fullName":"Edge Cases: Dynamic Pricing Engine should batch process multiple products","invocations":1,"location":null,"numPassingAsserts":4,"retryReasons":[],"startAt":1771796179817,"status":"passed","title":"should batch process multiple products"},{"ancestorTitles":["Edge Cases: Conversion Optimization"],"duration":1,"failing":false,"failureDetails":[],"failureMessages":[],"fullName":"Edge Cases: Conversion Optimization should handle funnel with zero traffic","invocations":1,"location":null,"numPassingAsserts":2,"retryReasons":[],"startAt":1771796179819,"status":"passed","title":"should handle funnel with zero traffic"},{"ancestorTitles":["Edge Cases: Conversion Optimization"],"duration":2,"failing":false,"failureDetails":[],"failureMessages":[],"fullName":"Edge Cases: Conversion Optimization should handle funnel with incomplete data","invocations":1,"location":null,"numPassingAsserts":1,"retryReasons":[],"startAt":1771796179820,"status":"passed","title":"should handle funnel with incomplete data"},{"ancestorTitles":["Edge Cases: Conversion Optimization"],"duration":1,"failing":false,"failureDetails":[],"failureMessages":[],"fullName":"Edge Cases: Conversion Optimization should recommend appropriate test duration for low traffic","invocations":1,"location":null,"numPassingAsserts":2,"retryReasons":[],"startAt":1771796179823,"status":"passed","title":"should recommend appropriate test duration for low traffic"},{"ancestorTitles":["Edge Cases: Conversion Optimization"],"duration":0,"failing":false,"failureDetails":[],"failureMessages":[],"fullName":"Edge Cases: Conversion Optimization should recommend test for excellent funnel (for incremental gains)","invocations":1,"location":null,"numPassingAsserts":2,"retryReasons":[],"startAt":1771796179825,"status":"passed","title":"should recommend test for excellent funnel (for incremental gains)"},{"ancestorTitles":["Edge Cases: Shipping Intelligence"],"duration":0,"failing":false,"failureDetails":[],"failureMessages":[],"fullName":"Edge Cases: Shipping Intelligence should handle next-day delivery (extreme speed)","invocations":1,"location":null,"numPassingAsserts":2,"retryReasons":[],"startAt":1771796179826,"status":"passed","title":"should handle next-day delivery (extreme speed)"},{"ancestorTitles":["Edge Cases: Shipping Intelligence"],"duration":1,"failing":false,"failureDetails":[],"failureMessages":[],"fullName":"Edge Cases: Shipping Intelligence should handle worst-case slow delivery","invocations":1,"location":null,"numPassingAsserts":2,"retryReasons":[],"startAt":1771796179828,"status":"passed","title":"should handle worst-case slow delivery"},{"ancestorTitles":["Edge Cases: Shipping Intelligence"],"duration":1,"failing":false,"failureDetails":[],"failureMessages":[],"fullName":"Edge Cases: Shipping Intelligence should handle zero refund rate","invocations":1,"location":null,"numPassingAsserts":1,"retryReasons":[],"startAt":1771796179829,"status":"passed","title":"should handle zero refund rate"},{"ancestorTitles":["Edge Cases: Auto-Margin Guard"],"duration":1,"failing":false,"failureDetails":[],"failureMessages":[],"fullName":"Edge Cases: Auto-Margin Guard should reject product with negative margin potential","invocations":1,"location":null,"numPassingAsserts":2,"retryReasons":[],"startAt":1771796179831,"status":"passed","title":"should reject product with negative margin potential"},{"ancestorTitles":["Edge Cases: Auto-Margin Guard"],"duration":1,"failing":false,"failureDetails":[],"failureMessages":[],"fullName":"Edge Cases: Auto-Margin Guard should handle high-value products correctly","invocations":1,"location":null,"numPassingAsserts":2,"retryReasons":[],"startAt":1771796179832,"status":"passed","title":"should handle high-value products correctly"},{"ancestorTitles":["Edge Cases: Auto-Margin Guard"],"duration":1,"failing":false,"failureDetails":[],"failureMessages":[],"fullName":"Edge Cases: Auto-Margin Guard should provide accurate sensitivity for critical factors","invocations":1,"location":null,"numPassingAsserts":5,"retryReasons":[],"startAt":1771796179833,"status":"passed","title":"should provide accurate sensitivity for critical factors"},{"ancestorTitles":["Edge Cases: Auto-Margin Guard"],"duration":6,"failing":false,"failureDetails":[],"failureMessages":[],"fullName":"Edge Cases: Auto-Margin Guard should calculate min price correctly for extreme scenarios","invocations":1,"location":null,"numPassingAsserts":1,"retryReasons":[],"startAt":1771796179835,"status":"passed","title":"should calculate min price correctly for extreme scenarios"},{"ancestorTitles":["Edge Cases: Auto-Margin Guard"],"duration":14,"failing":false,"failureDetails":[],"failureMessages":[],"fullName":"Edge Cases: Auto-Margin Guard should round min price to nearest 50 cents","invocations":1,"location":null,"numPassingAsserts":1,"retryReasons":[],"startAt":1771796179842,"status":"passed","title":"should round min price to nearest 50 cents"},{"ancestorTitles":["Boundary Conditions: Cross-Module"],"duration":0,"failing":false,"failureDetails":[],"failureMessages":[],"fullName":"Boundary Conditions: Cross-Module should handle products at minimum viable margin threshold","invocations":1,"location":null,"numPassingAsserts":1,"retryReasons":[],"startAt":1771796179857,"status":"passed","title":"should handle products at minimum viable margin threshold"},{"ancestorTitles":["Boundary Conditions: Cross-Module"],"duration":2,"failing":false,"failureDetails":[],"failureMessages":[],"fullName":"Boundary Conditions: Cross-Module should handle products at maximum complexity","invocations":1,"location":null,"numPassingAsserts":4,"retryReasons":[],"startAt":1771796179858,"status":"passed","title":"should handle products at maximum complexity"}],"endTime":1771796179865,"message":"","name":"C:\\Projects\\avatar-g-frontend-v3\\__tests__\\revenue-optimization\\edge-cases.test.ts","startTime":1771796179568,"status":"passed","summary":""},{"assertionResults":[{"ancestorTitles":["Tax Profile"],"duration":2,"failing":false,"failureDetails":[],"failureMessages":[],"fullName":"Tax Profile should create default non-VAT profile for new store","invocations":1,"location":null,"numPassingAsserts":5,"retryReasons":[],"startAt":1771796180153,"status":"passed","title":"should create default non-VAT profile for new store"},{"ancestorTitles":["Tax Profile"],"duration":1,"failing":false,"failureDetails":[],"failureMessages":[],"fullName":"Tax Profile should validate VAT payer status consistency","invocations":1,"location":null,"numPassingAsserts":2,"retryReasons":[],"startAt":1771796180156,"status":"passed","title":"should validate VAT payer status consistency"},{"ancestorTitles":["Tax Profile"],"duration":2,"failing":false,"failureDetails":[],"failureMessages":[],"fullName":"Tax Profile should reject VAT payer without vat_enabled","invocations":1,"location":null,"numPassingAsserts":2,"retryReasons":[],"startAt":1771796180158,"status":"passed","title":"should reject VAT payer without vat_enabled"},{"ancestorTitles":["Tax Profile"],"duration":0,"failing":false,"failureDetails":[],"failureMessages":[],"fullName":"Tax Profile should reject non-VAT payer with vat_enabled","invocations":1,"location":null,"numPassingAsserts":1,"retryReasons":[],"startAt":1771796180163,"status":"passed","title":"should reject non-VAT payer with vat_enabled"},{"ancestorTitles":["Tax Profile"],"duration":0,"failing":false,"failureDetails":[],"failureMessages":[],"fullName":"Tax Profile should return true for isVatEnabled when tax_status is vat_payer","invocations":1,"location":null,"numPassingAsserts":2,"retryReasons":[],"startAt":1771796180164,"status":"passed","title":"should return true for isVatEnabled when tax_status is vat_payer"},{"ancestorTitles":["Order Calculation: VAT Payer"],"duration":2,"failing":false,"failureDetails":[],"failureMessages":[],"fullName":"Order Calculation: VAT Payer should compute VAT when selling to Georgian buyer (VAT payer)","invocations":1,"location":null,"numPassingAsserts":5,"retryReasons":[],"startAt":1771796180165,"status":"passed","title":"should compute VAT when selling to Georgian buyer (VAT payer)"},{"ancestorTitles":["Order Calculation: VAT Payer"],"duration":0,"failing":false,"failureDetails":[],"failureMessages":[],"fullName":"Order Calculation: VAT Payer should compute correct VAT amount for standard 18% rate","invocations":1,"location":null,"numPassingAsserts":1,"retryReasons":[],"startAt":1771796180168,"status":"passed","title":"should compute correct VAT amount for standard 18% rate"},{"ancestorTitles":["Order Calculation: VAT Payer"],"duration":0,"failing":false,"failureDetails":[],"failureMessages":[],"fullName":"Order Calculation: VAT Payer should NOT compute VAT for non-Georgian buyer even if VAT payer","invocations":1,"location":null,"numPassingAsserts":2,"retryReasons":[],"startAt":1771796180169,"status":"passed","title":"should NOT compute VAT for non-Georgian buyer even if VAT payer"},{"ancestorTitles":["Order Calculation: VAT Payer"],"duration":0,"failing":false,"failureDetails":[],"failureMessages":[],"fullName":"Order Calculation: VAT Payer should correctly compute total with all fees for VAT payer","invocations":1,"location":null,"numPassingAsserts":3,"retryReasons":[],"startAt":1771796180170,"status":"passed","title":"should correctly compute total with all fees for VAT payer"},{"ancestorTitles":["Order Calculation: Non-VAT Payer"],"duration":1,"failing":false,"failureDetails":[],"failureMessages":[],"fullName":"Order Calculation: Non-VAT Payer should NOT compute VAT for non-VAT payer (even GE buyer)","invocations":1,"location":null,"numPassingAsserts":3,"retryReasons":[],"startAt":1771796180171,"status":"passed","title":"should NOT compute VAT for non-VAT payer (even GE buyer)"},{"ancestorTitles":["Order Calculation: Non-VAT Payer"],"duration":1,"failing":false,"failureDetails":[],"failureMessages":[],"fullName":"Order Calculation: Non-VAT Payer should still charge fees for non-VAT payer","invocations":1,"location":null,"numPassingAsserts":3,"retryReasons":[],"startAt":1771796180172,"status":"passed","title":"should still charge fees for non-VAT payer"},{"ancestorTitles":["Order Calculation: Edge Cases"],"duration":2,"failing":false,"failureDetails":[],"failureMessages":[],"fullName":"Order Calculation: Edge Cases should handle zero subtotal","invocations":1,"location":null,"numPassingAsserts":4,"retryReasons":[],"startAt":1771796180173,"status":"passed","title":"should handle zero subtotal"},{"ancestorTitles":["Order Calculation: Edge Cases"],"duration":1,"failing":false,"failureDetails":[],"failureMessages":[],"fullName":"Order Calculation: Edge Cases should handle very high subtotal","invocations":1,"location":null,"numPassingAsserts":3,"retryReasons":[],"startAt":1771796180178,"status":"passed","title":"should handle very high subtotal"},{"ancestorTitles":["Order Calculation: Edge Cases"],"duration":1,"failing":false,"failureDetails":[],"failureMessages":[],"fullName":"Order Calculation: Edge Cases should handle negative inputs gracefully (convert to 0)","invocations":1,"location":null,"numPassingAsserts":3,"retryReasons":[],"startAt":1771796180179,"status":"passed","title":"should handle negative inputs gracefully (convert to 0)"},{"ancestorTitles":["Order Calculation: Validation"],"duration":1,"failing":false,"failureDetails":[],"failureMessages":[],"fullName":"Order Calculation: Validation should validate successful calculation","invocations":1,"location":null,"numPassingAsserts":2,"retryReasons":[],"startAt":1771796180181,"status":"passed","title":"should validate successful calculation"},{"ancestorTitles":["Order Calculation: Validation"],"duration":0,"failing":false,"failureDetails":[],"failureMessages":[],"fullName":"Order Calculation: Validation should reject calculation with negative values","invocations":1,"location":null,"numPassingAsserts":2,"retryReasons":[],"startAt":1771796180183,"status":"passed","title":"should reject calculation with negative values"},{"ancestorTitles":["Order Calculation: Formatting"],"duration":1,"failing":false,"failureDetails":[],"failureMessages":[],"fullName":"Order Calculation: Formatting should format totals with currency symbol","invocations":1,"location":null,"numPassingAsserts":3,"retryReasons":[],"startAt":1771796180184,"status":"passed","title":"should format totals with currency symbol"},{"ancestorTitles":["Standard VAT Included Rounding"],"duration":1,"failing":false,"failureDetails":[],"failureMessages":[],"fullName":"Standard VAT Included Rounding should properly round VAT amount using included formula","invocations":1,"location":null,"numPassingAsserts":2,"retryReasons":[],"startAt":1771796180186,"status":"passed","title":"should properly round VAT amount using included formula"},{"ancestorTitles":["Standard VAT Included Rounding"],"duration":1,"failing":false,"failureDetails":[],"failureMessages":[],"fullName":"Standard VAT Included Rounding should handle VAT rounding for various amounts","invocations":1,"location":null,"numPassingAsserts":4,"retryReasons":[],"startAt":1771796180188,"status":"passed","title":"should handle VAT rounding for various amounts"}],"endTime":1771796180223,"message":"","name":"C:\\Projects\\avatar-g-frontend-v3\\__tests__\\finance\\taxStatus.test.ts","startTime":1771796179896,"status":"passed","summary":""},{"assertionResults":[{"ancestorTitles":["Market Scan API Route"],"duration":null,"failing":false,"failureDetails":[],"failureMessages":[],"fullName":"Market Scan API Route should reject invalid niche parameter","invocations":1,"location":null,"numPassingAsserts":0,"retryReasons":[],"startAt":1771796180728,"status":"pending","title":"should reject invalid niche parameter"},{"ancestorTitles":["Market Scan API Route"],"duration":null,"failing":false,"failureDetails":[],"failureMessages":[],"fullName":"Market Scan API Route should reject missing price range","invocations":1,"location":null,"numPassingAsserts":0,"retryReasons":[],"startAt":1771796180728,"status":"pending","title":"should reject missing price range"},{"ancestorTitles":["Market Scan API Route"],"duration":null,"failing":false,"failureDetails":[],"failureMessages":[],"fullName":"Market Scan API Route should reject unauthorized request","invocations":1,"location":null,"numPassingAsserts":0,"retryReasons":[],"startAt":1771796180729,"status":"pending","title":"should reject unauthorized request"},{"ancestorTitles":["Market Scan API Route"],"duration":null,"failing":false,"failureDetails":[],"failureMessages":[],"fullName":"Market Scan API Route should return approved products sorted by margin","invocations":1,"location":null,"numPassingAsserts":0,"retryReasons":[],"startAt":1771796180729,"status":"pending","title":"should return approved products sorted by margin"},{"ancestorTitles":["Market Scan API Route"],"duration":null,"failing":false,"failureDetails":[],"failureMessages":[],"fullName":"Market Scan API Route should handle invalid JSON parsing error","invocations":1,"location":null,"numPassingAsserts":0,"retryReasons":[],"startAt":1771796180729,"status":"pending","title":"should handle invalid JSON parsing error"},{"ancestorTitles":["Market Scan API Route"],"duration":null,"failing":false,"failureDetails":[],"failureMessages":[],"fullName":"Market Scan API Route should default country to GE when not provided","invocations":1,"location":null,"numPassingAsserts":0,"retryReasons":[],"startAt":1771796180729,"status":"pending","title":"should default country to GE when not provided"},{"ancestorTitles":["Market Scan API Route"],"duration":null,"failing":false,"failureDetails":[],"failureMessages":[],"fullName":"Market Scan API Route should accept optional competitor URL","invocations":1,"location":null,"numPassingAsserts":0,"retryReasons":[],"startAt":1771796180729,"status":"pending","title":"should accept optional competitor URL"},{"ancestorTitles":["Market Scan API Route"],"duration":null,"failing":false,"failureDetails":[],"failureMessages":[],"fullName":"Market Scan API Route should reject invalid URL format","invocations":1,"location":null,"numPassingAsserts":0,"retryReasons":[],"startAt":1771796180729,"status":"pending","title":"should reject invalid URL format"},{"ancestorTitles":["Market Scan API Route"],"duration":null,"failing":false,"failureDetails":[],"failureMessages":[],"fullName":"Market Scan API Route should limit response to top 20 products","invocations":1,"location":null,"numPassingAsserts":0,"retryReasons":[],"startAt":1771796180729,"status":"pending","title":"should limit response to top 20 products"},{"ancestorTitles":["Market Scan API Route"],"duration":null,"failing":false,"failureDetails":[],"failureMessages":[],"fullName":"Market Scan API Route should include scan timestamp","invocations":1,"location":null,"numPassingAsserts":0,"retryReasons":[],"startAt":1771796180729,"status":"pending","title":"should include scan timestamp"}],"coverage":{},"endTime":1771796190078,"message":"","name":"C:\\Projects\\avatar-g-frontend-v3\\__tests__\\api\\market-scan.test.ts","startTime":1771796190078,"status":"skipped","summary":""},{"assertionResults":[{"ancestorTitles":["Decision Engine"],"duration":2,"failing":false,"failureDetails":[],"failureMessages":[],"fullName":"Decision Engine publish profitable standard product","invocations":1,"location":null,"numPassingAsserts":3,"retryReasons":[],"startAt":1771796181057,"status":"passed","title":"publish profitable standard product"},{"ancestorTitles":["Decision Engine"],"duration":2,"failing":false,"failureDetails":[],"failureMessages":[],"fullName":"Decision Engine reject unprofitable product","invocations":1,"location":null,"numPassingAsserts":3,"retryReasons":[],"startAt":1771796181060,"status":"passed","title":"reject unprofitable product"},{"ancestorTitles":["Decision Engine"],"duration":1,"failing":false,"failureDetails":[],"failureMessages":[],"fullName":"Decision Engine reject low-margin product below standard threshold","invocations":1,"location":null,"numPassingAsserts":2,"retryReasons":[],"startAt":1771796181063,"status":"passed","title":"reject low-margin product below standard threshold"},{"ancestorTitles":["Decision Engine"],"duration":1,"failing":false,"failureDetails":[],"failureMessages":[],"fullName":"Decision Engine reject digital product below 70% margin","invocations":1,"location":null,"numPassingAsserts":2,"retryReasons":[],"startAt":1771796181064,"status":"passed","title":"reject digital product below 70% margin"},{"ancestorTitles":["Decision Engine"],"duration":1,"failing":false,"failureDetails":[],"failureMessages":[],"fullName":"Decision Engine provide price recommendation when rejected for margin","invocations":1,"location":null,"numPassingAsserts":3,"retryReasons":[],"startAt":1771796181065,"status":"passed","title":"provide price recommendation when rejected for margin"},{"ancestorTitles":["Decision Engine"],"duration":1,"failing":false,"failureDetails":[],"failureMessages":[],"fullName":"Decision Engine warn on high shipping days","invocations":1,"location":null,"numPassingAsserts":1,"retryReasons":[],"startAt":1771796181067,"status":"passed","title":"warn on high shipping days"},{"ancestorTitles":["Decision Engine"],"duration":1,"failing":false,"failureDetails":[],"failureMessages":[],"fullName":"Decision Engine warn on low refund reserve","invocations":1,"location":null,"numPassingAsserts":1,"retryReasons":[],"startAt":1771796181068,"status":"passed","title":"warn on low refund reserve"},{"ancestorTitles":["Decision Engine"],"duration":0,"failing":false,"failureDetails":[],"failureMessages":[],"fullName":"Decision Engine reject dropshipping with insufficient effective margin","invocations":1,"location":null,"numPassingAsserts":1,"retryReasons":[],"startAt":1771796181070,"status":"passed","title":"reject dropshipping with insufficient effective margin"}],"endTime":1771796181072,"message":"","name":"C:\\Projects\\avatar-g-frontend-v3\\__tests__\\decision-engine\\decisionEngine.test.ts","startTime":1771796180773,"status":"passed","summary":""},{"assertionResults":[{"ancestorTitles":["/api/agent-g/telegram/webhook voice path"],"duration":52,"failing":false,"failureDetails":[],"failureMessages":[],"fullName":"/api/agent-g/telegram/webhook voice path transcribes voice and sends audio response","invocations":1,"location":null,"numPassingAsserts":6,"retryReasons":[],"startAt":1771796181588,"status":"passed","title":"transcribes voice and sends audio response"}],"endTime":1771796181644,"message":"","name":"C:\\Projects\\avatar-g-frontend-v3\\__tests__\\api\\agent-g-telegram-voice-webhook.test.ts","startTime":1771796181137,"status":"passed","summary":""},{"assertionResults":[{"ancestorTitles":["finance simulator"],"duration":2,"failing":false,"failureDetails":[],"failureMessages":[],"fullName":"finance simulator simulateScenario returns basic projections","invocations":1,"location":null,"numPassingAsserts":4,"retryReasons":[],"startAt":1771796182017,"status":"passed","title":"simulateScenario returns basic projections"},{"ancestorTitles":["finance simulator"],"duration":1,"failing":false,"failureDetails":[],"failureMessages":[],"fullName":"finance simulator simulateScenario calculates break-even orders","invocations":1,"location":null,"numPassingAsserts":1,"retryReasons":[],"startAt":1771796182020,"status":"passed","title":"simulateScenario calculates break-even orders"},{"ancestorTitles":["finance simulator"],"duration":1,"failing":false,"failureDetails":[],"failureMessages":[],"fullName":"finance simulator simulateScenario returns null break-even on negative margin","invocations":1,"location":null,"numPassingAsserts":1,"retryReasons":[],"startAt":1771796182021,"status":"passed","title":"simulateScenario returns null break-even on negative margin"},{"ancestorTitles":["finance simulator"],"duration":1,"failing":false,"failureDetails":[],"failureMessages":[],"fullName":"finance simulator simulateScenario daily profit calculation","invocations":1,"location":null,"numPassingAsserts":2,"retryReasons":[],"startAt":1771796182022,"status":"passed","title":"simulateScenario daily profit calculation"},{"ancestorTitles":["finance simulator"],"duration":0,"failing":false,"failureDetails":[],"failureMessages":[],"fullName":"finance simulator simulateScenario with zero ad spend","invocations":1,"location":null,"numPassingAsserts":1,"retryReasons":[],"startAt":1771796182024,"status":"passed","title":"simulateScenario with zero ad spend"}],"endTime":1771796182025,"message":"","name":"C:\\Projects\\avatar-g-frontend-v3\\__tests__\\finance\\simulator.test.ts","startTime":1771796181733,"status":"passed","summary":""},{"assertionResults":[{"ancestorTitles":["/api/agent-g/telegram/webhook"],"duration":2,"failing":false,"failureDetails":[],"failureMessages":[],"fullName":"/api/agent-g/telegram/webhook returns 403 when webhook secret is invalid","invocations":1,"location":null,"numPassingAsserts":1,"retryReasons":[],"startAt":1771796182367,"status":"passed","title":"returns 403 when webhook secret is invalid"},{"ancestorTitles":["/api/agent-g/telegram/webhook"],"duration":18,"failing":false,"failureDetails":[],"failureMessages":[],"fullName":"/api/agent-g/telegram/webhook returns 200 and schedules sendMessage on valid request","invocations":1,"location":null,"numPassingAsserts":4,"retryReasons":[],"startAt":1771796182371,"status":"passed","title":"returns 200 and schedules sendMessage on valid request"}],"endTime":1771796182391,"message":"","name":"C:\\Projects\\avatar-g-frontend-v3\\__tests__\\api\\agent-g-telegram-webhook.test.ts","startTime":1771796182076,"status":"passed","summary":""},{"assertionResults":[{"ancestorTitles":["margin calculation"],"duration":3,"failing":false,"failureDetails":[],"failureMessages":[],"fullName":"margin calculation computeMargin with VAT enabled calculates fees on net of VAT","invocations":1,"location":null,"numPassingAsserts":4,"retryReasons":[],"startAt":1771796183255,"status":"passed","title":"computeMargin with VAT enabled calculates fees on net of VAT"},{"ancestorTitles":["margin calculation"],"duration":1,"failing":false,"failureDetails":[],"failureMessages":[],"fullName":"margin calculation computeMargin with VAT disabled","invocations":1,"location":null,"numPassingAsserts":3,"retryReasons":[],"startAt":1771796183286,"status":"passed","title":"computeMargin with VAT disabled"},{"ancestorTitles":["margin calculation"],"duration":0,"failing":false,"failureDetails":[],"failureMessages":[],"fullName":"margin calculation computeMargin zero affiliate fee","invocations":1,"location":null,"numPassingAsserts":1,"retryReasons":[],"startAt":1771796183289,"status":"passed","title":"computeMargin zero affiliate fee"},{"ancestorTitles":["margin calculation"],"duration":15,"failing":false,"failureDetails":[],"failureMessages":[],"fullName":"margin calculation assertPositiveMargin throws on negative profit","invocations":1,"location":null,"numPassingAsserts":1,"retryReasons":[],"startAt":1771796183290,"status":"passed","title":"assertPositiveMargin throws on negative profit"},{"ancestorTitles":["margin calculation"],"duration":0,"failing":false,"failureDetails":[],"failureMessages":[],"fullName":"margin calculation assertPositiveMargin succeeds on positive profit","invocations":1,"location":null,"numPassingAsserts":1,"retryReasons":[],"startAt":1771796183306,"status":"passed","title":"assertPositiveMargin succeeds on positive profit"}],"endTime":1771796183310,"message":"","name":"C:\\Projects\\avatar-g-frontend-v3\\__tests__\\finance\\margin.test.ts","startTime":1771796182441,"status":"passed","summary":""},{"assertionResults":[{"ancestorTitles":["OTP routes"],"duration":4,"failing":false,"failureDetails":[],"failureMessages":[],"fullName":"OTP routes send route validates phone and returns 400 for invalid input","invocations":1,"location":null,"numPassingAsserts":1,"retryReasons":[],"startAt":1771796183578,"status":"passed","title":"send route validates phone and returns 400 for invalid input"},{"ancestorTitles":["OTP routes"],"duration":5,"failing":false,"failureDetails":[],"failureMessages":[],"fullName":"OTP routes check route returns approved and triggers telegram notification","invocations":1,"location":null,"numPassingAsserts":8,"retryReasons":[],"startAt":1771796183585,"status":"passed","title":"check route returns approved and triggers telegram notification"}],"endTime":1771796183592,"message":"","name":"C:\\Projects\\avatar-g-frontend-v3\\__tests__\\api\\auth-otp-routes.test.ts","startTime":1771796183324,"status":"passed","summary":""},{"assertionResults":[{"ancestorTitles":["getOpenAIReply"],"duration":10,"failing":false,"failureDetails":[],"failureMessages":[],"fullName":"getOpenAIReply throws clear error when OPENAI_API_KEY is missing","invocations":1,"location":null,"numPassingAsserts":1,"retryReasons":[],"startAt":1771796184071,"status":"passed","title":"throws clear error when OPENAI_API_KEY is missing"},{"ancestorTitles":["getOpenAIReply"],"duration":1,"failing":false,"failureDetails":[],"failureMessages":[],"fullName":"getOpenAIReply returns concise trimmed response up to 1500 chars","invocations":1,"location":null,"numPassingAsserts":2,"retryReasons":[],"startAt":1771796184083,"status":"passed","title":"returns concise trimmed response up to 1500 chars"},{"ancestorTitles":["getOpenAIReply"],"duration":1,"failing":false,"failureDetails":[],"failureMessages":[],"fullName":"getOpenAIReply returns fallback text when OpenAI returns empty content","invocations":1,"location":null,"numPassingAsserts":1,"retryReasons":[],"startAt":1771796184084,"status":"passed","title":"returns fallback text when OpenAI returns empty content"}],"endTime":1771796184086,"message":"","name":"C:\\Projects\\avatar-g-frontend-v3\\__tests__\\lib\\openai.test.ts","startTime":1771796183655,"status":"passed","summary":""},{"assertionResults":[{"ancestorTitles":["/api/agent-g/chat"],"duration":14,"failing":false,"failureDetails":[],"failureMessages":[],"fullName":"/api/agent-g/chat returns reply, tone and meta payload","invocations":1,"location":null,"numPassingAsserts":6,"retryReasons":[],"startAt":1771796184466,"status":"passed","title":"returns reply, tone and meta payload"}],"endTime":1771796184482,"message":"","name":"C:\\Projects\\avatar-g-frontend-v3\\__tests__\\api\\agent-g-chat.test.ts","startTime":1771796184124,"status":"passed","summary":""},{"assertionResults":[{"ancestorTitles":["/api/webhooks/whatsapp"],"duration":2,"failing":false,"failureDetails":[],"failureMessages":[],"fullName":"/api/webhooks/whatsapp returns challenge for valid verify token","invocations":1,"location":null,"numPassingAsserts":2,"retryReasons":[],"startAt":1771796184817,"status":"passed","title":"returns challenge for valid verify token"},{"ancestorTitles":["/api/webhooks/whatsapp"],"duration":1,"failing":false,"failureDetails":[],"failureMessages":[],"fullName":"/api/webhooks/whatsapp returns 403 for invalid token","invocations":1,"location":null,"numPassingAsserts":2,"retryReasons":[],"startAt":1771796184820,"status":"passed","title":"returns 403 for invalid token"},{"ancestorTitles":["/api/webhooks/whatsapp"],"duration":8,"failing":false,"failureDetails":[],"failureMessages":[],"fullName":"/api/webhooks/whatsapp POST returns { ok: true } even for unexpected payload","invocations":1,"location":null,"numPassingAsserts":2,"retryReasons":[],"startAt":1771796184822,"status":"passed","title":"POST returns { ok: true } even for unexpected payload"}],"endTime":1771796184832,"message":"","name":"C:\\Projects\\avatar-g-frontend-v3\\__tests__\\api\\whatsapp-webhook-route.test.ts","startTime":1771796184499,"status":"passed","summary":""},{"assertionResults":[{"ancestorTitles":["Identity Flow"],"duration":63,"failing":false,"failureDetails":[],"failureMessages":[],"fullName":"Identity Flow starts with no identity","invocations":1,"location":null,"numPassingAsserts":2,"retryReasons":[],"startAt":1771796185636,"status":"passed","title":"starts with no identity"},{"ancestorTitles":["Identity Flow"],"duration":34,"failing":false,"failureDetails":[],"failureMessages":[],"fullName":"Identity Flow sets avatar id and persists to localStorage","invocations":1,"location":null,"numPassingAsserts":2,"retryReasons":[],"startAt":1771796185700,"status":"passed","title":"sets avatar id and persists to localStorage"},{"ancestorTitles":["Identity Flow"],"duration":55,"failing":false,"failureDetails":[],"failureMessages":[],"fullName":"Identity Flow clears identity","invocations":1,"location":null,"numPassingAsserts":2,"retryReasons":[],"startAt":1771796185736,"status":"passed","title":"clears identity"}],"endTime":1771796185799,"message":"","name":"C:\\Projects\\avatar-g-frontend-v3\\__tests__\\integration\\identity-flow.test.tsx","startTime":1771796184870,"status":"passed","summary":""},{"assertionResults":[{"ancestorTitles":["/api/telegram/send"],"duration":2,"failing":false,"failureDetails":[],"failureMessages":[],"fullName":"/api/telegram/send returns 401 when admin key is missing","invocations":1,"location":null,"numPassingAsserts":1,"retryReasons":[],"startAt":1771796186080,"status":"passed","title":"returns 401 when admin key is missing"},{"ancestorTitles":["/api/telegram/send"],"duration":2,"failing":false,"failureDetails":[],"failureMessages":[],"fullName":"/api/telegram/send sends telegram message with valid admin key","invocations":1,"location":null,"numPassingAsserts":3,"retryReasons":[],"startAt":1771796186083,"status":"passed","title":"sends telegram message with valid admin key"}],"endTime":1771796186086,"message":"","name":"C:\\Projects\\avatar-g-frontend-v3\\__tests__\\api\\telegram-send-route.test.ts","startTime":1771796185814,"status":"passed","summary":""},{"assertionResults":[{"ancestorTitles":["Agent G memory feature flag safety"],"duration":2,"failing":false,"failureDetails":[],"failureMessages":[],"fullName":"Agent G memory feature flag safety defaults to disabled when env is missing","invocations":1,"location":null,"numPassingAsserts":1,"retryReasons":[],"startAt":1771796186390,"status":"passed","title":"defaults to disabled when env is missing"},{"ancestorTitles":["Agent G memory feature flag safety"],"duration":1,"failing":false,"failureDetails":[],"failureMessages":[],"fullName":"Agent G memory feature flag safety enables only on truthy flag values","invocations":1,"location":null,"numPassingAsserts":2,"retryReasons":[],"startAt":1771796186394,"status":"passed","title":"enables only on truthy flag values"},{"ancestorTitles":["Agent G memory feature flag safety"],"duration":2,"failing":false,"failureDetails":[],"failureMessages":[],"fullName":"Agent G memory feature flag safety safe wrappers short-circuit when disabled","invocations":1,"location":null,"numPassingAsserts":3,"retryReasons":[],"startAt":1771796186396,"status":"passed","title":"safe wrappers short-circuit when disabled"}],"endTime":1771796186399,"message":"","name":"C:\\Projects\\avatar-g-frontend-v3\\__tests__\\lib\\agentg.memory.test.ts","startTime":1771796186109,"status":"passed","summary":""},{"assertionResults":[{"ancestorTitles":["Agent G personality emotion detection"],"duration":2,"failing":false,"failureDetails":[],"failureMessages":[],"fullName":"Agent G personality emotion detection maps stressed georgian text to calm tone","invocations":1,"location":null,"numPassingAsserts":3,"retryReasons":[],"startAt":1771796186715,"status":"passed","title":"maps stressed georgian text to calm tone"},{"ancestorTitles":["Agent G personality emotion detection"],"duration":1,"failing":false,"failureDetails":[],"failureMessages":[],"fullName":"Agent G personality emotion detection maps excited text to excited tone","invocations":1,"location":null,"numPassingAsserts":3,"retryReasons":[],"startAt":1771796186719,"status":"passed","title":"maps excited text to excited tone"},{"ancestorTitles":["Agent G personality emotion detection"],"duration":1,"failing":false,"failureDetails":[],"failureMessages":[],"fullName":"Agent G personality emotion detection maps neutral text to friendly tone","invocations":1,"location":null,"numPassingAsserts":2,"retryReasons":[],"startAt":1771796186720,"status":"passed","title":"maps neutral text to friendly tone"}],"endTime":1771796186722,"message":"","name":"C:\\Projects\\avatar-g-frontend-v3\\__tests__\\lib\\agentg.personality.test.ts","startTime":1771796186442,"status":"passed","summary":""},{"assertionResults":[{"ancestorTitles":["agent-g memory feature flag"],"duration":2,"failing":false,"failureDetails":[],"failureMessages":[],"fullName":"agent-g memory feature flag is disabled by default","invocations":1,"location":null,"numPassingAsserts":1,"retryReasons":[],"startAt":1771796187063,"status":"passed","title":"is disabled by default"},{"ancestorTitles":["agent-g memory feature flag"],"duration":1,"failing":false,"failureDetails":[],"failureMessages":[],"fullName":"agent-g memory feature flag short-circuits reads and writes when disabled","invocations":1,"location":null,"numPassingAsserts":4,"retryReasons":[],"startAt":1771796187066,"status":"passed","title":"short-circuits reads and writes when disabled"}],"endTime":1771796187069,"message":"","name":"C:\\Projects\\avatar-g-frontend-v3\\__tests__\\lib\\agent-g.memory-flag.test.ts","startTime":1771796186814,"status":"passed","summary":""},{"assertionResults":[{"ancestorTitles":["detectTone"],"duration":2,"failing":false,"failureDetails":[],"failureMessages":[],"fullName":"detectTone detects stressed tone from georgian keyword","invocations":1,"location":null,"numPassingAsserts":2,"retryReasons":[],"startAt":1771796187338,"status":"passed","title":"detects stressed tone from georgian keyword"},{"ancestorTitles":["detectTone"],"duration":0,"failing":false,"failureDetails":[],"failureMessages":[],"fullName":"detectTone detects happy tone from gratitude keyword","invocations":1,"location":null,"numPassingAsserts":1,"retryReasons":[],"startAt":1771796187341,"status":"passed","title":"detects happy tone from gratitude keyword"},{"ancestorTitles":["detectTone"],"duration":0,"failing":false,"failureDetails":[],"failureMessages":[],"fullName":"detectTone detects angry tone from punctuation and caps","invocations":1,"location":null,"numPassingAsserts":1,"retryReasons":[],"startAt":1771796187342,"status":"passed","title":"detects angry tone from punctuation and caps"},{"ancestorTitles":["detectTone"],"duration":1,"failing":false,"failureDetails":[],"failureMessages":[],"fullName":"detectTone falls back to neutral for plain text","invocations":1,"location":null,"numPassingAsserts":1,"retryReasons":[],"startAt":1771796187343,"status":"passed","title":"falls back to neutral for plain text"}],"endTime":1771796187345,"message":"","name":"C:\\Projects\\avatar-g-frontend-v3\\__tests__\\lib\\agent-g.tone.test.ts","startTime":1771796187091,"status":"passed","summary":""},{"assertionResults":[{"ancestorTitles":["Navigation"],"duration":198,"failing":false,"failureDetails":[],"failureMessages":[],"fullName":"Navigation renders logo and brand name","invocations":1,"location":null,"numPassingAsserts":1,"retryReasons":[],"startAt":1771796187809,"status":"passed","title":"renders logo and brand name"},{"ancestorTitles":["Navigation"],"duration":160,"failing":false,"failureDetails":[],"failureMessages":[],"fullName":"Navigation renders navigation links","invocations":1,"location":null,"numPassingAsserts":2,"retryReasons":[],"startAt":1771796188009,"status":"passed","title":"renders navigation links"},{"ancestorTitles":["Navigation"],"duration":127,"failing":false,"failureDetails":[],"failureMessages":[],"fullName":"Navigation shows create identity button when no identity","invocations":1,"location":null,"numPassingAsserts":1,"retryReasons":[],"startAt":1771796188170,"status":"passed","title":"shows create identity button when no identity"}],"endTime":1771796188299,"message":"","name":"C:\\Projects\\avatar-g-frontend-v3\\__tests__\\components\\Navigation.test.tsx","startTime":1771796187364,"status":"passed","summary":""},{"assertionResults":[{"ancestorTitles":["agent-g voice feature flag"],"duration":1,"failing":false,"failureDetails":[],"failureMessages":[],"fullName":"agent-g voice feature flag defaults to disabled","invocations":1,"location":null,"numPassingAsserts":1,"retryReasons":[],"startAt":1771796188528,"status":"passed","title":"defaults to disabled"},{"ancestorTitles":["agent-g voice feature flag"],"duration":1,"failing":false,"failureDetails":[],"failureMessages":[],"fullName":"agent-g voice feature flag enabled only when true","invocations":1,"location":null,"numPassingAsserts":2,"retryReasons":[],"startAt":1771796188530,"status":"passed","title":"enabled only when true"}],"endTime":1771796188532,"message":"","name":"C:\\Projects\\avatar-g-frontend-v3\\__tests__\\lib\\agent-g.voice-flag.test.ts","startTime":1771796188318,"status":"passed","summary":""},{"assertionResults":[{"ancestorTitles":["money helpers"],"duration":3,"failing":false,"failureDetails":[],"failureMessages":[],"fullName":"money helpers toCents and fromCents round correctly","invocations":1,"location":null,"numPassingAsserts":3,"retryReasons":[],"startAt":1771796188831,"status":"passed","title":"toCents and fromCents round correctly"},{"ancestorTitles":["money helpers"],"duration":2,"failing":false,"failureDetails":[],"failureMessages":[],"fullName":"money helpers percentageOf uses basis points","invocations":1,"location":null,"numPassingAsserts":2,"retryReasons":[],"startAt":1771796188836,"status":"passed","title":"percentageOf uses basis points"},{"ancestorTitles":["money helpers"],"duration":1,"failing":false,"failureDetails":[],"failureMessages":[],"fullName":"money helpers safeRound rounds to nearest int","invocations":1,"location":null,"numPassingAsserts":2,"retryReasons":[],"startAt":1771796188838,"status":"passed","title":"safeRound rounds to nearest int"}],"endTime":1771796188840,"message":"","name":"C:\\Projects\\avatar-g-frontend-v3\\__tests__\\finance\\money.test.ts","startTime":1771796188550,"status":"passed","summary":""},{"assertionResults":[{"ancestorTitles":["GlobalChatbot"],"duration":95,"failing":false,"failureDetails":[],"failureMessages":[],"fullName":"GlobalChatbot renders floating button","invocations":1,"location":null,"numPassingAsserts":1,"retryReasons":[],"startAt":1771796189293,"status":"passed","title":"renders floating button"},{"ancestorTitles":["GlobalChatbot"],"duration":68,"failing":false,"failureDetails":[],"failureMessages":[],"fullName":"GlobalChatbot opens chat window when clicked","invocations":1,"location":null,"numPassingAsserts":1,"retryReasons":[],"startAt":1771796189389,"status":"passed","title":"opens chat window when clicked"}],"endTime":1771796189462,"message":"","name":"C:\\Projects\\avatar-g-frontend-v3\\__tests__\\components\\GlobalChatbot.test.tsx","startTime":1771796188890,"status":"passed","summary":""},{"assertionResults":[{"ancestorTitles":["vat helpers"],"duration":2,"failing":false,"failureDetails":[],"failureMessages":[],"fullName":"vat helpers computeVatInclusive for 18% uses floor","invocations":1,"location":null,"numPassingAsserts":2,"retryReasons":[],"startAt":1771796189774,"status":"passed","title":"computeVatInclusive for 18% uses floor"},{"ancestorTitles":["vat helpers"],"duration":1,"failing":false,"failureDetails":[],"failureMessages":[],"fullName":"vat helpers computeVatInclusive handles zero rate","invocations":1,"location":null,"numPassingAsserts":2,"retryReasons":[],"startAt":1771796189779,"status":"passed","title":"computeVatInclusive handles zero rate"}],"endTime":1771796189781,"message":"","name":"C:\\Projects\\avatar-g-frontend-v3\\__tests__\\finance\\vat.test.ts","startTime":1771796189495,"status":"passed","summary":""},{"assertionResults":[{"ancestorTitles":["Legacy /api/generate routes"],"duration":null,"failing":false,"failureDetails":[],"failureMessages":[],"fullName":"Legacy /api/generate routes placeholder","invocations":1,"location":null,"numPassingAsserts":0,"retryReasons":[],"startAt":1771796190032,"status":"pending","title":"placeholder"}],"coverage":{},"endTime":1771796190078,"message":"","name":"C:\\Projects\\avatar-g-frontend-v3\\__tests__\\api\\generate.test.ts","startTime":1771796190078,"status":"skipped","summary":""}],"wasInterrupted":false}
