{"numFailedTestSuites":0,"numFailedTests":0,"numPassedTestSuites":34,"numPassedTests":147,"numPendingTestSuites":2,"numPendingTests":11,"numRuntimeErrorTestSuites":0,"numTodoTests":0,"numTotalTestSuites":36,"numTotalTests":158,"openHandles":[],"snapshot":{"added":0,"didUpdate":false,"failure":false,"filesAdded":0,"filesRemoved":0,"filesRemovedList":[],"filesUnmatched":0,"filesUpdated":0,"matched":0,"total":0,"unchecked":0,"uncheckedKeysByFile":[],"unmatched":0,"updated":0},"startTime":1771844130390,"success":true,"testResults":[{"assertionResults":[{"ancestorTitles":["Market Scan API Route"],"duration":null,"failing":false,"failureDetails":[],"failureMessages":[],"fullName":"Market Scan API Route should reject invalid niche parameter","invocations":1,"location":null,"numPassingAsserts":0,"retryReasons":[],"startAt":1771844134597,"status":"pending","title":"should reject invalid niche parameter"},{"ancestorTitles":["Market Scan API Route"],"duration":null,"failing":false,"failureDetails":[],"failureMessages":[],"fullName":"Market Scan API Route should reject missing price range","invocations":1,"location":null,"numPassingAsserts":0,"retryReasons":[],"startAt":1771844134597,"status":"pending","title":"should reject missing price range"},{"ancestorTitles":["Market Scan API Route"],"duration":null,"failing":false,"failureDetails":[],"failureMessages":[],"fullName":"Market Scan API Route should reject unauthorized request","invocations":1,"location":null,"numPassingAsserts":0,"retryReasons":[],"startAt":1771844134597,"status":"pending","title":"should reject unauthorized request"},{"ancestorTitles":["Market Scan API Route"],"duration":null,"failing":false,"failureDetails":[],"failureMessages":[],"fullName":"Market Scan API Route should return approved products sorted by margin","invocations":1,"location":null,"numPassingAsserts":0,"retryReasons":[],"startAt":1771844134597,"status":"pending","title":"should return approved products sorted by margin"},{"ancestorTitles":["Market Scan API Route"],"duration":null,"failing":false,"failureDetails":[],"failureMessages":[],"fullName":"Market Scan API Route should handle invalid JSON parsing error","invocations":1,"location":null,"numPassingAsserts":0,"retryReasons":[],"startAt":1771844134597,"status":"pending","title":"should handle invalid JSON parsing error"},{"ancestorTitles":["Market Scan API Route"],"duration":null,"failing":false,"failureDetails":[],"failureMessages":[],"fullName":"Market Scan API Route should default country to GE when not provided","invocations":1,"location":null,"numPassingAsserts":0,"retryReasons":[],"startAt":1771844134597,"status":"pending","title":"should default country to GE when not provided"},{"ancestorTitles":["Market Scan API Route"],"duration":null,"failing":false,"failureDetails":[],"failureMessages":[],"fullName":"Market Scan API Route should accept optional competitor URL","invocations":1,"location":null,"numPassingAsserts":0,"retryReasons":[],"startAt":1771844134597,"status":"pending","title":"should accept optional competitor URL"},{"ancestorTitles":["Market Scan API Route"],"duration":null,"failing":false,"failureDetails":[],"failureMessages":[],"fullName":"Market Scan API Route should reject invalid URL format","invocations":1,"location":null,"numPassingAsserts":0,"retryReasons":[],"startAt":1771844134597,"status":"pending","title":"should reject invalid URL format"},{"ancestorTitles":["Market Scan API Route"],"duration":null,"failing":false,"failureDetails":[],"failureMessages":[],"fullName":"Market Scan API Route should limit response to top 20 products","invocations":1,"location":null,"numPassingAsserts":0,"retryReasons":[],"startAt":1771844134597,"status":"pending","title":"should limit response to top 20 products"},{"ancestorTitles":["Market Scan API Route"],"duration":null,"failing":false,"failureDetails":[],"failureMessages":[],"fullName":"Market Scan API Route should include scan timestamp","invocations":1,"location":null,"numPassingAsserts":0,"retryReasons":[],"startAt":1771844134597,"status":"pending","title":"should include scan timestamp"}],"coverage":{},"endTime":1771844152213,"message":"","name":"C:\\Projects\\avatar-g-frontend-v3\\__tests__\\api\\market-scan.test.ts","startTime":1771844152213,"status":"skipped","summary":""},{"assertionResults":[{"ancestorTitles":["Legacy /api/generate routes"],"duration":null,"failing":false,"failureDetails":[],"failureMessages":[],"fullName":"Legacy /api/generate routes placeholder","invocations":1,"location":null,"numPassingAsserts":0,"retryReasons":[],"startAt":1771844134977,"status":"pending","title":"placeholder"}],"coverage":{},"endTime":1771844152213,"message":"","name":"C:\\Projects\\avatar-g-frontend-v3\\__tests__\\api\\generate.test.ts","startTime":1771844152213,"status":"skipped","summary":""},{"assertionResults":[{"ancestorTitles":["Navigation"],"duration":523,"failing":false,"failureDetails":[],"failureMessages":[],"fullName":"Navigation renders logo and brand name","invocations":1,"location":null,"numPassingAsserts":1,"retryReasons":[],"startAt":1771844136802,"status":"passed","title":"renders logo and brand name"},{"ancestorTitles":["Navigation"],"duration":685,"failing":false,"failureDetails":[],"failureMessages":[],"fullName":"Navigation renders navigation links","invocations":1,"location":null,"numPassingAsserts":2,"retryReasons":[],"startAt":1771844137611,"status":"passed","title":"renders navigation links"},{"ancestorTitles":["Navigation"],"duration":155,"failing":false,"failureDetails":[],"failureMessages":[],"fullName":"Navigation shows create identity button when no identity","invocations":1,"location":null,"numPassingAsserts":1,"retryReasons":[],"startAt":1771844138308,"status":"passed","title":"shows create identity button when no identity"}],"endTime":1771844138466,"message":"","name":"C:\\Projects\\avatar-g-frontend-v3\\__tests__\\components\\Navigation.test.tsx","startTime":1771844135001,"status":"passed","summary":""},{"assertionResults":[{"ancestorTitles":["/api/agent-g/telegram/webhook"],"duration":11,"failing":false,"failureDetails":[],"failureMessages":[],"fullName":"/api/agent-g/telegram/webhook returns 403 when webhook secret is invalid","invocations":1,"location":null,"numPassingAsserts":1,"retryReasons":[],"startAt":1771844139165,"status":"passed","title":"returns 403 when webhook secret is invalid"},{"ancestorTitles":["/api/agent-g/telegram/webhook"],"duration":110,"failing":false,"failureDetails":[],"failureMessages":[],"fullName":"/api/agent-g/telegram/webhook returns 200 and schedules sendMessage on valid request","invocations":1,"location":null,"numPassingAsserts":4,"retryReasons":[],"startAt":1771844139187,"status":"passed","title":"returns 200 and schedules sendMessage on valid request"}],"endTime":1771844139304,"message":"","name":"C:\\Projects\\avatar-g-frontend-v3\\__tests__\\api\\agent-g-telegram-webhook.test.ts","startTime":1771844138534,"status":"passed","summary":""},{"assertionResults":[{"ancestorTitles":["Workflow Tier Policy"],"duration":95,"failing":false,"failureDetails":[],"failureMessages":[],"fullName":"Workflow Tier Policy enforces Free plan restriction","invocations":1,"location":null,"numPassingAsserts":2,"retryReasons":[],"startAt":1771844139840,"status":"passed","title":"enforces Free plan restriction"},{"ancestorTitles":["Workflow Tier Policy"],"duration":3,"failing":false,"failureDetails":[],"failureMessages":[],"fullName":"Workflow Tier Policy enforces Basic plan max 2 steps","invocations":1,"location":null,"numPassingAsserts":2,"retryReasons":[],"startAt":1771844139951,"status":"passed","title":"enforces Basic plan max 2 steps"},{"ancestorTitles":["Workflow Tier Policy"],"duration":2,"failing":false,"failureDetails":[],"failureMessages":[],"fullName":"Workflow Tier Policy enforces Premium plan max 5 steps","invocations":1,"location":null,"numPassingAsserts":2,"retryReasons":[],"startAt":1771844139978,"status":"passed","title":"enforces Premium plan max 5 steps"},{"ancestorTitles":["Workflow Tier Policy"],"duration":3,"failing":false,"failureDetails":[],"failureMessages":[],"fullName":"Workflow Tier Policy allows Full plan parallel branches","invocations":1,"location":null,"numPassingAsserts":2,"retryReasons":[],"startAt":1771844139982,"status":"passed","title":"allows Full plan parallel branches"},{"ancestorTitles":["Workflow Tier Policy"],"duration":3,"failing":false,"failureDetails":[],"failureMessages":[],"fullName":"Workflow Tier Policy enterprise downgrade safety blocks previously valid parallel workflow","invocations":1,"location":null,"numPassingAsserts":3,"retryReasons":[],"startAt":1771844139987,"status":"passed","title":"enterprise downgrade safety blocks previously valid parallel workflow"},{"ancestorTitles":["Workflow Tier Policy"],"duration":9,"failing":false,"failureDetails":[],"failureMessages":[],"fullName":"Workflow Tier Policy upgrade path coverage from FREE to PRO to PREMIUM","invocations":1,"location":null,"numPassingAsserts":4,"retryReasons":[],"startAt":1771844139992,"status":"passed","title":"upgrade path coverage from FREE to PRO to PREMIUM"},{"ancestorTitles":["Workflow Tier Policy"],"duration":2,"failing":false,"failureDetails":[],"failureMessages":[],"fullName":"Workflow Tier Policy tier upgrade/downgrade simulation","invocations":1,"location":null,"numPassingAsserts":3,"retryReasons":[],"startAt":1771844140017,"status":"passed","title":"tier upgrade/downgrade simulation"}],"endTime":1771844140023,"message":"","name":"C:\\Projects\\avatar-g-frontend-v3\\__tests__\\workflow\\policy.test.ts","startTime":1771844139393,"status":"passed","summary":""},{"assertionResults":[{"ancestorTitles":["GlobalChatbot"],"duration":271,"failing":false,"failureDetails":[],"failureMessages":[],"fullName":"GlobalChatbot renders floating button","invocations":1,"location":null,"numPassingAsserts":1,"retryReasons":[],"startAt":1771844140513,"status":"passed","title":"renders floating button"},{"ancestorTitles":["GlobalChatbot"],"duration":102,"failing":false,"failureDetails":[],"failureMessages":[],"fullName":"GlobalChatbot opens chat window when clicked","invocations":1,"location":null,"numPassingAsserts":1,"retryReasons":[],"startAt":1771844140800,"status":"passed","title":"opens chat window when clicked"}],"endTime":1771844140911,"message":"","name":"C:\\Projects\\avatar-g-frontend-v3\\__tests__\\components\\GlobalChatbot.test.tsx","startTime":1771844140092,"status":"passed","summary":""},{"assertionResults":[{"ancestorTitles":["Identity Flow"],"duration":31,"failing":false,"failureDetails":[],"failureMessages":[],"fullName":"Identity Flow starts with no identity","invocations":1,"location":null,"numPassingAsserts":2,"retryReasons":[],"startAt":1771844141431,"status":"passed","title":"starts with no identity"},{"ancestorTitles":["Identity Flow"],"duration":31,"failing":false,"failureDetails":[],"failureMessages":[],"fullName":"Identity Flow sets avatar id and persists to localStorage","invocations":1,"location":null,"numPassingAsserts":2,"retryReasons":[],"startAt":1771844141465,"status":"passed","title":"sets avatar id and persists to localStorage"},{"ancestorTitles":["Identity Flow"],"duration":24,"failing":false,"failureDetails":[],"failureMessages":[],"fullName":"Identity Flow clears identity","invocations":1,"location":null,"numPassingAsserts":2,"retryReasons":[],"startAt":1771844141500,"status":"passed","title":"clears identity"}],"endTime":1771844141531,"message":"","name":"C:\\Projects\\avatar-g-frontend-v3\\__tests__\\integration\\identity-flow.test.tsx","startTime":1771844140994,"status":"passed","summary":""},{"assertionResults":[{"ancestorTitles":["/api/agent-g/chat"],"duration":19,"failing":false,"failureDetails":[],"failureMessages":[],"fullName":"/api/agent-g/chat returns reply, tone and meta payload","invocations":1,"location":null,"numPassingAsserts":6,"retryReasons":[],"startAt":1771844141894,"status":"passed","title":"returns reply, tone and meta payload"}],"endTime":1771844141930,"message":"","name":"C:\\Projects\\avatar-g-frontend-v3\\__tests__\\api\\agent-g-chat.test.ts","startTime":1771844141559,"status":"passed","summary":""},{"assertionResults":[{"ancestorTitles":["/api/agent-g/router/execute"],"duration":8,"failing":false,"failureDetails":[],"failureMessages":[],"fullName":"/api/agent-g/router/execute routes request and returns selected execution plan","invocations":1,"location":null,"numPassingAsserts":3,"retryReasons":[],"startAt":1771844142270,"status":"passed","title":"routes request and returns selected execution plan"}],"endTime":1771844142282,"message":"","name":"C:\\Projects\\avatar-g-frontend-v3\\__tests__\\api\\agent-g-router-execute-route.test.ts","startTime":1771844142037,"status":"passed","summary":""},{"assertionResults":[{"ancestorTitles":["Monetization enforcement"],"duration":2,"failing":false,"failureDetails":[],"failureMessages":[],"fullName":"Monetization enforcement normalizes legacy plans to canonical plans","invocations":1,"location":null,"numPassingAsserts":3,"retryReasons":[],"startAt":1771844142674,"status":"passed","title":"normalizes legacy plans to canonical plans"},{"ancestorTitles":["Monetization enforcement"],"duration":0,"failing":false,"failureDetails":[],"failureMessages":[],"fullName":"Monetization enforcement has canonical BASIC and AGENT_G_FULL pricing","invocations":1,"location":null,"numPassingAsserts":2,"retryReasons":[],"startAt":1771844142690,"status":"passed","title":"has canonical BASIC and AGENT_G_FULL pricing"},{"ancestorTitles":["Monetization enforcement"],"duration":4,"failing":false,"failureDetails":[],"failureMessages":[],"fullName":"Monetization enforcement enforces plan rate limits","invocations":1,"location":null,"numPassingAsserts":2,"retryReasons":[],"startAt":1771844142697,"status":"passed","title":"enforces plan rate limits"}],"endTime":1771844142709,"message":"","name":"C:\\Projects\\avatar-g-frontend-v3\\__tests__\\lib\\monetization.enforcement.test.ts","startTime":1771844142300,"status":"passed","summary":""},{"assertionResults":[{"ancestorTitles":["Agent G personality emotion detection"],"duration":2,"failing":false,"failureDetails":[],"failureMessages":[],"fullName":"Agent G personality emotion detection maps stressed georgian text to calm tone","invocations":1,"location":null,"numPassingAsserts":3,"retryReasons":[],"startAt":1771844142970,"status":"passed","title":"maps stressed georgian text to calm tone"},{"ancestorTitles":["Agent G personality emotion detection"],"duration":1,"failing":false,"failureDetails":[],"failureMessages":[],"fullName":"Agent G personality emotion detection maps excited text to excited tone","invocations":1,"location":null,"numPassingAsserts":3,"retryReasons":[],"startAt":1771844142979,"status":"passed","title":"maps excited text to excited tone"},{"ancestorTitles":["Agent G personality emotion detection"],"duration":1,"failing":false,"failureDetails":[],"failureMessages":[],"fullName":"Agent G personality emotion detection maps neutral text to friendly tone","invocations":1,"location":null,"numPassingAsserts":2,"retryReasons":[],"startAt":1771844142990,"status":"passed","title":"maps neutral text to friendly tone"}],"endTime":1771844142995,"message":"","name":"C:\\Projects\\avatar-g-frontend-v3\\__tests__\\lib\\agentg.personality.test.ts","startTime":1771844142754,"status":"passed","summary":""},{"assertionResults":[{"ancestorTitles":["/api/webhooks/whatsapp"],"duration":4,"failing":false,"failureDetails":[],"failureMessages":[],"fullName":"/api/webhooks/whatsapp returns challenge for valid verify token","invocations":1,"location":null,"numPassingAsserts":2,"retryReasons":[],"startAt":1771844143347,"status":"passed","title":"returns challenge for valid verify token"},{"ancestorTitles":["/api/webhooks/whatsapp"],"duration":2,"failing":false,"failureDetails":[],"failureMessages":[],"fullName":"/api/webhooks/whatsapp returns 403 for invalid token","invocations":1,"location":null,"numPassingAsserts":2,"retryReasons":[],"startAt":1771844143490,"status":"passed","title":"returns 403 for invalid token"},{"ancestorTitles":["/api/webhooks/whatsapp"],"duration":8,"failing":false,"failureDetails":[],"failureMessages":[],"fullName":"/api/webhooks/whatsapp POST returns { ok: true } even for unexpected payload","invocations":1,"location":null,"numPassingAsserts":2,"retryReasons":[],"startAt":1771844143500,"status":"passed","title":"POST returns { ok: true } even for unexpected payload"}],"endTime":1771844143517,"message":"","name":"C:\\Projects\\avatar-g-frontend-v3\\__tests__\\api\\whatsapp-webhook-route.test.ts","startTime":1771844143023,"status":"passed","summary":""},{"assertionResults":[{"ancestorTitles":["Revenue Optimization Integration Suite","Scenario 1: New Product Launch Decision Flow"],"duration":4,"failing":false,"failureDetails":[],"failureMessages":[],"fullName":"Revenue Optimization Integration Suite Scenario 1: New Product Launch Decision Flow should validate product survivability through all gatekeepers","invocations":1,"location":null,"numPassingAsserts":7,"retryReasons":[],"startAt":1771844143850,"status":"passed","title":"should validate product survivability through all gatekeepers"},{"ancestorTitles":["Revenue Optimization Integration Suite","Scenario 2: Underperforming Product Optimization"],"duration":7,"failing":false,"failureDetails":[],"failureMessages":[],"fullName":"Revenue Optimization Integration Suite Scenario 2: Underperforming Product Optimization should diagnose low conversion and apply correction flow","invocations":1,"location":null,"numPassingAsserts":6,"retryReasons":[],"startAt":1771844143858,"status":"passed","title":"should diagnose low conversion and apply correction flow"},{"ancestorTitles":["Revenue Optimization Integration Suite","Scenario 3: High-Margin Premium Product Strategy"],"duration":3,"failing":false,"failureDetails":[],"failureMessages":[],"fullName":"Revenue Optimization Integration Suite Scenario 3: High-Margin Premium Product Strategy should maximize revenue for premium tier offerings","invocations":1,"location":null,"numPassingAsserts":5,"retryReasons":[],"startAt":1771844143874,"status":"passed","title":"should maximize revenue for premium tier offerings"},{"ancestorTitles":["Revenue Optimization Integration Suite","Scenario 4: Risk Mitigation for Volatile Markets"],"duration":1,"failing":false,"failureDetails":[],"failureMessages":[],"fullName":"Revenue Optimization Integration Suite Scenario 4: Risk Mitigation for Volatile Markets should add safety buffers for high-uncertainty products","invocations":1,"location":null,"numPassingAsserts":0,"retryReasons":[],"startAt":1771844143881,"status":"passed","title":"should add safety buffers for high-uncertainty products"},{"ancestorTitles":["Revenue Optimization Integration Suite","Scenario 5: Multi-Product Portfolio Optimization"],"duration":3,"failing":false,"failureDetails":[],"failureMessages":[],"fullName":"Revenue Optimization Integration Suite Scenario 5: Multi-Product Portfolio Optimization should optimize portfolio with mixed margin profiles","invocations":1,"location":null,"numPassingAsserts":5,"retryReasons":[],"startAt":1771844143884,"status":"passed","title":"should optimize portfolio with mixed margin profiles"}],"endTime":1771844143891,"message":"","name":"C:\\Projects\\avatar-g-frontend-v3\\__tests__\\revenue-optimization\\integration.test.ts","startTime":1771844143596,"status":"passed","summary":""},{"assertionResults":[{"ancestorTitles":["money helpers"],"duration":3,"failing":false,"failureDetails":[],"failureMessages":[],"fullName":"money helpers toCents and fromCents round correctly","invocations":1,"location":null,"numPassingAsserts":3,"retryReasons":[],"startAt":1771844144175,"status":"passed","title":"toCents and fromCents round correctly"},{"ancestorTitles":["money helpers"],"duration":0,"failing":false,"failureDetails":[],"failureMessages":[],"fullName":"money helpers percentageOf uses basis points","invocations":1,"location":null,"numPassingAsserts":2,"retryReasons":[],"startAt":1771844144184,"status":"passed","title":"percentageOf uses basis points"},{"ancestorTitles":["money helpers"],"duration":1,"failing":false,"failureDetails":[],"failureMessages":[],"fullName":"money helpers safeRound rounds to nearest int","invocations":1,"location":null,"numPassingAsserts":2,"retryReasons":[],"startAt":1771844144186,"status":"passed","title":"safeRound rounds to nearest int"}],"endTime":1771844144190,"message":"","name":"C:\\Projects\\avatar-g-frontend-v3\\__tests__\\finance\\money.test.ts","startTime":1771844143938,"status":"passed","summary":""},{"assertionResults":[{"ancestorTitles":["AI Router"],"duration":5,"failing":false,"failureDetails":[],"failureMessages":[],"fullName":"AI Router selects low-cost provider on FREE plan","invocations":1,"location":null,"numPassingAsserts":2,"retryReasons":[],"startAt":1771844144472,"status":"passed","title":"selects low-cost provider on FREE plan"},{"ancestorTitles":["AI Router"],"duration":1,"failing":false,"failureDetails":[],"failureMessages":[],"fullName":"AI Router selects high-quality provider on AGENT_G_FULL plan","invocations":1,"location":null,"numPassingAsserts":2,"retryReasons":[],"startAt":1771844144481,"status":"passed","title":"selects high-quality provider on AGENT_G_FULL plan"}],"endTime":1771844144485,"message":"","name":"C:\\Projects\\avatar-g-frontend-v3\\__tests__\\lib\\ai-router.test.ts","startTime":1771844144211,"status":"passed","summary":""},{"assertionResults":[{"ancestorTitles":["getOpenAIReply"],"duration":12,"failing":false,"failureDetails":[],"failureMessages":[],"fullName":"getOpenAIReply throws clear error when OPENAI_API_KEY is missing","invocations":1,"location":null,"numPassingAsserts":1,"retryReasons":[],"startAt":1771844144883,"status":"passed","title":"throws clear error when OPENAI_API_KEY is missing"},{"ancestorTitles":["getOpenAIReply"],"duration":1,"failing":false,"failureDetails":[],"failureMessages":[],"fullName":"getOpenAIReply returns concise trimmed response up to 1500 chars","invocations":1,"location":null,"numPassingAsserts":2,"retryReasons":[],"startAt":1771844144898,"status":"passed","title":"returns concise trimmed response up to 1500 chars"},{"ancestorTitles":["getOpenAIReply"],"duration":4,"failing":false,"failureDetails":[],"failureMessages":[],"fullName":"getOpenAIReply returns fallback text when OpenAI returns empty content","invocations":1,"location":null,"numPassingAsserts":1,"retryReasons":[],"startAt":1771844144907,"status":"passed","title":"returns fallback text when OpenAI returns empty content"}],"endTime":1771844144914,"message":"","name":"C:\\Projects\\avatar-g-frontend-v3\\__tests__\\lib\\openai.test.ts","startTime":1771844144553,"status":"passed","summary":""},{"assertionResults":[{"ancestorTitles":["Metering aggregation utilities"],"duration":2,"failing":false,"failureDetails":[],"failureMessages":[],"fullName":"Metering aggregation utilities produces CSV with expected headers","invocations":1,"location":null,"numPassingAsserts":2,"retryReasons":[],"startAt":1771844145219,"status":"passed","title":"produces CSV with expected headers"},{"ancestorTitles":["Metering aggregation utilities"],"duration":1,"failing":false,"failureDetails":[],"failureMessages":[],"fullName":"Metering aggregation utilities returns valid ISO start time for month range","invocations":1,"location":null,"numPassingAsserts":1,"retryReasons":[],"startAt":1771844145240,"status":"passed","title":"returns valid ISO start time for month range"}],"endTime":1771844145245,"message":"","name":"C:\\Projects\\avatar-g-frontend-v3\\__tests__\\lib\\metering-aggregation.test.ts","startTime":1771844144934,"status":"passed","summary":""},{"assertionResults":[{"ancestorTitles":["Tenant isolation"],"duration":2,"failing":false,"failureDetails":[],"failureMessages":[],"fullName":"Tenant isolation allows matching tenant org","invocations":1,"location":null,"numPassingAsserts":1,"retryReasons":[],"startAt":1771844145512,"status":"passed","title":"allows matching tenant org"},{"ancestorTitles":["Tenant isolation"],"duration":13,"failing":false,"failureDetails":[],"failureMessages":[],"fullName":"Tenant isolation blocks cross-tenant access","invocations":1,"location":null,"numPassingAsserts":1,"retryReasons":[],"startAt":1771844145517,"status":"passed","title":"blocks cross-tenant access"}],"endTime":1771844145533,"message":"","name":"C:\\Projects\\avatar-g-frontend-v3\\__tests__\\lib\\tenant-isolation.test.ts","startTime":1771844145265,"status":"passed","summary":""},{"assertionResults":[{"ancestorTitles":["margin calculation"],"duration":2,"failing":false,"failureDetails":[],"failureMessages":[],"fullName":"margin calculation computeMargin with VAT enabled calculates fees on net of VAT","invocations":1,"location":null,"numPassingAsserts":4,"retryReasons":[],"startAt":1771844145834,"status":"passed","title":"computeMargin with VAT enabled calculates fees on net of VAT"},{"ancestorTitles":["margin calculation"],"duration":1,"failing":false,"failureDetails":[],"failureMessages":[],"fullName":"margin calculation computeMargin with VAT disabled","invocations":1,"location":null,"numPassingAsserts":3,"retryReasons":[],"startAt":1771844145844,"status":"passed","title":"computeMargin with VAT disabled"},{"ancestorTitles":["margin calculation"],"duration":1,"failing":false,"failureDetails":[],"failureMessages":[],"fullName":"margin calculation computeMargin zero affiliate fee","invocations":1,"location":null,"numPassingAsserts":1,"retryReasons":[],"startAt":1771844145850,"status":"passed","title":"computeMargin zero affiliate fee"},{"ancestorTitles":["margin calculation"],"duration":20,"failing":false,"failureDetails":[],"failureMessages":[],"fullName":"margin calculation assertPositiveMargin throws on negative profit","invocations":1,"location":null,"numPassingAsserts":1,"retryReasons":[],"startAt":1771844145856,"status":"passed","title":"assertPositiveMargin throws on negative profit"},{"ancestorTitles":["margin calculation"],"duration":0,"failing":false,"failureDetails":[],"failureMessages":[],"fullName":"margin calculation assertPositiveMargin succeeds on positive profit","invocations":1,"location":null,"numPassingAsserts":1,"retryReasons":[],"startAt":1771844145879,"status":"passed","title":"assertPositiveMargin succeeds on positive profit"}],"endTime":1771844145881,"message":"","name":"C:\\Projects\\avatar-g-frontend-v3\\__tests__\\finance\\margin.test.ts","startTime":1771844145566,"status":"passed","summary":""},{"assertionResults":[{"ancestorTitles":["vat helpers"],"duration":2,"failing":false,"failureDetails":[],"failureMessages":[],"fullName":"vat helpers computeVatInclusive for 18% uses floor","invocations":1,"location":null,"numPassingAsserts":2,"retryReasons":[],"startAt":1771844146232,"status":"passed","title":"computeVatInclusive for 18% uses floor"},{"ancestorTitles":["vat helpers"],"duration":1,"failing":false,"failureDetails":[],"failureMessages":[],"fullName":"vat helpers computeVatInclusive handles zero rate","invocations":1,"location":null,"numPassingAsserts":2,"retryReasons":[],"startAt":1771844146246,"status":"passed","title":"computeVatInclusive handles zero rate"}],"endTime":1771844146252,"message":"","name":"C:\\Projects\\avatar-g-frontend-v3\\__tests__\\finance\\vat.test.ts","startTime":1771844145944,"status":"passed","summary":""},{"assertionResults":[{"ancestorTitles":["Edge Cases: Dynamic Pricing Engine"],"duration":1,"failing":false,"failureDetails":[],"failureMessages":[],"fullName":"Edge Cases: Dynamic Pricing Engine should handle zero price gracefully","invocations":1,"location":null,"numPassingAsserts":1,"retryReasons":[],"startAt":1771844146521,"status":"passed","title":"should handle zero price gracefully"},{"ancestorTitles":["Edge Cases: Dynamic Pricing Engine"],"duration":2,"failing":false,"failureDetails":[],"failureMessages":[],"fullName":"Edge Cases: Dynamic Pricing Engine should handle extreme inventory levels","invocations":1,"location":null,"numPassingAsserts":2,"retryReasons":[],"startAt":1771844146525,"status":"passed","title":"should handle extreme inventory levels"},{"ancestorTitles":["Edge Cases: Dynamic Pricing Engine"],"duration":1,"failing":false,"failureDetails":[],"failureMessages":[],"fullName":"Edge Cases: Dynamic Pricing Engine should handle zero conversion rate","invocations":1,"location":null,"numPassingAsserts":1,"retryReasons":[],"startAt":1771844146529,"status":"passed","title":"should handle zero conversion rate"},{"ancestorTitles":["Edge Cases: Dynamic Pricing Engine"],"duration":0,"failing":false,"failureDetails":[],"failureMessages":[],"fullName":"Edge Cases: Dynamic Pricing Engine should handle extremely high conversion rates","invocations":1,"location":null,"numPassingAsserts":1,"retryReasons":[],"startAt":1771844146532,"status":"passed","title":"should handle extremely high conversion rates"},{"ancestorTitles":["Edge Cases: Dynamic Pricing Engine"],"duration":1,"failing":false,"failureDetails":[],"failureMessages":[],"fullName":"Edge Cases: Dynamic Pricing Engine should estimate non-negative conversion after price change","invocations":1,"location":null,"numPassingAsserts":1,"retryReasons":[],"startAt":1771844146534,"status":"passed","title":"should estimate non-negative conversion after price change"},{"ancestorTitles":["Edge Cases: Dynamic Pricing Engine"],"duration":2,"failing":false,"failureDetails":[],"failureMessages":[],"fullName":"Edge Cases: Dynamic Pricing Engine should batch process multiple products","invocations":1,"location":null,"numPassingAsserts":4,"retryReasons":[],"startAt":1771844146538,"status":"passed","title":"should batch process multiple products"},{"ancestorTitles":["Edge Cases: Conversion Optimization"],"duration":1,"failing":false,"failureDetails":[],"failureMessages":[],"fullName":"Edge Cases: Conversion Optimization should handle funnel with zero traffic","invocations":1,"location":null,"numPassingAsserts":2,"retryReasons":[],"startAt":1771844146550,"status":"passed","title":"should handle funnel with zero traffic"},{"ancestorTitles":["Edge Cases: Conversion Optimization"],"duration":2,"failing":false,"failureDetails":[],"failureMessages":[],"fullName":"Edge Cases: Conversion Optimization should handle funnel with incomplete data","invocations":1,"location":null,"numPassingAsserts":1,"retryReasons":[],"startAt":1771844146553,"status":"passed","title":"should handle funnel with incomplete data"},{"ancestorTitles":["Edge Cases: Conversion Optimization"],"duration":3,"failing":false,"failureDetails":[],"failureMessages":[],"fullName":"Edge Cases: Conversion Optimization should recommend appropriate test duration for low traffic","invocations":1,"location":null,"numPassingAsserts":2,"retryReasons":[],"startAt":1771844146558,"status":"passed","title":"should recommend appropriate test duration for low traffic"},{"ancestorTitles":["Edge Cases: Conversion Optimization"],"duration":1,"failing":false,"failureDetails":[],"failureMessages":[],"fullName":"Edge Cases: Conversion Optimization should recommend test for excellent funnel (for incremental gains)","invocations":1,"location":null,"numPassingAsserts":2,"retryReasons":[],"startAt":1771844146567,"status":"passed","title":"should recommend test for excellent funnel (for incremental gains)"},{"ancestorTitles":["Edge Cases: Shipping Intelligence"],"duration":1,"failing":false,"failureDetails":[],"failureMessages":[],"fullName":"Edge Cases: Shipping Intelligence should handle next-day delivery (extreme speed)","invocations":1,"location":null,"numPassingAsserts":2,"retryReasons":[],"startAt":1771844146571,"status":"passed","title":"should handle next-day delivery (extreme speed)"},{"ancestorTitles":["Edge Cases: Shipping Intelligence"],"duration":1,"failing":false,"failureDetails":[],"failureMessages":[],"fullName":"Edge Cases: Shipping Intelligence should handle worst-case slow delivery","invocations":1,"location":null,"numPassingAsserts":2,"retryReasons":[],"startAt":1771844146577,"status":"passed","title":"should handle worst-case slow delivery"},{"ancestorTitles":["Edge Cases: Shipping Intelligence"],"duration":1,"failing":false,"failureDetails":[],"failureMessages":[],"fullName":"Edge Cases: Shipping Intelligence should handle zero refund rate","invocations":1,"location":null,"numPassingAsserts":1,"retryReasons":[],"startAt":1771844146580,"status":"passed","title":"should handle zero refund rate"},{"ancestorTitles":["Edge Cases: Auto-Margin Guard"],"duration":1,"failing":false,"failureDetails":[],"failureMessages":[],"fullName":"Edge Cases: Auto-Margin Guard should reject product with negative margin potential","invocations":1,"location":null,"numPassingAsserts":2,"retryReasons":[],"startAt":1771844146583,"status":"passed","title":"should reject product with negative margin potential"},{"ancestorTitles":["Edge Cases: Auto-Margin Guard"],"duration":1,"failing":false,"failureDetails":[],"failureMessages":[],"fullName":"Edge Cases: Auto-Margin Guard should handle high-value products correctly","invocations":1,"location":null,"numPassingAsserts":2,"retryReasons":[],"startAt":1771844146586,"status":"passed","title":"should handle high-value products correctly"},{"ancestorTitles":["Edge Cases: Auto-Margin Guard"],"duration":1,"failing":false,"failureDetails":[],"failureMessages":[],"fullName":"Edge Cases: Auto-Margin Guard should provide accurate sensitivity for critical factors","invocations":1,"location":null,"numPassingAsserts":5,"retryReasons":[],"startAt":1771844146589,"status":"passed","title":"should provide accurate sensitivity for critical factors"},{"ancestorTitles":["Edge Cases: Auto-Margin Guard"],"duration":8,"failing":false,"failureDetails":[],"failureMessages":[],"fullName":"Edge Cases: Auto-Margin Guard should calculate min price correctly for extreme scenarios","invocations":1,"location":null,"numPassingAsserts":1,"retryReasons":[],"startAt":1771844146594,"status":"passed","title":"should calculate min price correctly for extreme scenarios"},{"ancestorTitles":["Edge Cases: Auto-Margin Guard"],"duration":5,"failing":false,"failureDetails":[],"failureMessages":[],"fullName":"Edge Cases: Auto-Margin Guard should round min price to nearest 50 cents","invocations":1,"location":null,"numPassingAsserts":1,"retryReasons":[],"startAt":1771844146606,"status":"passed","title":"should round min price to nearest 50 cents"},{"ancestorTitles":["Boundary Conditions: Cross-Module"],"duration":0,"failing":false,"failureDetails":[],"failureMessages":[],"fullName":"Boundary Conditions: Cross-Module should handle products at minimum viable margin threshold","invocations":1,"location":null,"numPassingAsserts":1,"retryReasons":[],"startAt":1771844146614,"status":"passed","title":"should handle products at minimum viable margin threshold"},{"ancestorTitles":["Boundary Conditions: Cross-Module"],"duration":2,"failing":false,"failureDetails":[],"failureMessages":[],"fullName":"Boundary Conditions: Cross-Module should handle products at maximum complexity","invocations":1,"location":null,"numPassingAsserts":4,"retryReasons":[],"startAt":1771844146616,"status":"passed","title":"should handle products at maximum complexity"}],"endTime":1771844146625,"message":"","name":"C:\\Projects\\avatar-g-frontend-v3\\__tests__\\revenue-optimization\\edge-cases.test.ts","startTime":1771844146279,"status":"passed","summary":""},{"assertionResults":[{"ancestorTitles":["Agent G memory feature flag safety"],"duration":3,"failing":false,"failureDetails":[],"failureMessages":[],"fullName":"Agent G memory feature flag safety defaults to disabled when env is missing","invocations":1,"location":null,"numPassingAsserts":1,"retryReasons":[],"startAt":1771844146913,"status":"passed","title":"defaults to disabled when env is missing"},{"ancestorTitles":["Agent G memory feature flag safety"],"duration":1,"failing":false,"failureDetails":[],"failureMessages":[],"fullName":"Agent G memory feature flag safety enables only on truthy flag values","invocations":1,"location":null,"numPassingAsserts":2,"retryReasons":[],"startAt":1771844146927,"status":"passed","title":"enables only on truthy flag values"},{"ancestorTitles":["Agent G memory feature flag safety"],"duration":1,"failing":false,"failureDetails":[],"failureMessages":[],"fullName":"Agent G memory feature flag safety safe wrappers short-circuit when disabled","invocations":1,"location":null,"numPassingAsserts":3,"retryReasons":[],"startAt":1771844146932,"status":"passed","title":"safe wrappers short-circuit when disabled"}],"endTime":1771844146936,"message":"","name":"C:\\Projects\\avatar-g-frontend-v3\\__tests__\\lib\\agentg.memory.test.ts","startTime":1771844146652,"status":"passed","summary":""},{"assertionResults":[{"ancestorTitles":["Tax Profile"],"duration":4,"failing":false,"failureDetails":[],"failureMessages":[],"fullName":"Tax Profile should create default non-VAT profile for new store","invocations":1,"location":null,"numPassingAsserts":5,"retryReasons":[],"startAt":1771844147273,"status":"passed","title":"should create default non-VAT profile for new store"},{"ancestorTitles":["Tax Profile"],"duration":1,"failing":false,"failureDetails":[],"failureMessages":[],"fullName":"Tax Profile should validate VAT payer status consistency","invocations":1,"location":null,"numPassingAsserts":2,"retryReasons":[],"startAt":1771844147279,"status":"passed","title":"should validate VAT payer status consistency"},{"ancestorTitles":["Tax Profile"],"duration":1,"failing":false,"failureDetails":[],"failureMessages":[],"fullName":"Tax Profile should reject VAT payer without vat_enabled","invocations":1,"location":null,"numPassingAsserts":2,"retryReasons":[],"startAt":1771844147282,"status":"passed","title":"should reject VAT payer without vat_enabled"},{"ancestorTitles":["Tax Profile"],"duration":1,"failing":false,"failureDetails":[],"failureMessages":[],"fullName":"Tax Profile should reject non-VAT payer with vat_enabled","invocations":1,"location":null,"numPassingAsserts":1,"retryReasons":[],"startAt":1771844147285,"status":"passed","title":"should reject non-VAT payer with vat_enabled"},{"ancestorTitles":["Tax Profile"],"duration":1,"failing":false,"failureDetails":[],"failureMessages":[],"fullName":"Tax Profile should return true for isVatEnabled when tax_status is vat_payer","invocations":1,"location":null,"numPassingAsserts":2,"retryReasons":[],"startAt":1771844147288,"status":"passed","title":"should return true for isVatEnabled when tax_status is vat_payer"},{"ancestorTitles":["Order Calculation: VAT Payer"],"duration":4,"failing":false,"failureDetails":[],"failureMessages":[],"fullName":"Order Calculation: VAT Payer should compute VAT when selling to Georgian buyer (VAT payer)","invocations":1,"location":null,"numPassingAsserts":5,"retryReasons":[],"startAt":1771844147297,"status":"passed","title":"should compute VAT when selling to Georgian buyer (VAT payer)"},{"ancestorTitles":["Order Calculation: VAT Payer"],"duration":0,"failing":false,"failureDetails":[],"failureMessages":[],"fullName":"Order Calculation: VAT Payer should compute correct VAT amount for standard 18% rate","invocations":1,"location":null,"numPassingAsserts":1,"retryReasons":[],"startAt":1771844147303,"status":"passed","title":"should compute correct VAT amount for standard 18% rate"},{"ancestorTitles":["Order Calculation: VAT Payer"],"duration":1,"failing":false,"failureDetails":[],"failureMessages":[],"fullName":"Order Calculation: VAT Payer should NOT compute VAT for non-Georgian buyer even if VAT payer","invocations":1,"location":null,"numPassingAsserts":2,"retryReasons":[],"startAt":1771844147305,"status":"passed","title":"should NOT compute VAT for non-Georgian buyer even if VAT payer"},{"ancestorTitles":["Order Calculation: VAT Payer"],"duration":0,"failing":false,"failureDetails":[],"failureMessages":[],"fullName":"Order Calculation: VAT Payer should correctly compute total with all fees for VAT payer","invocations":1,"location":null,"numPassingAsserts":3,"retryReasons":[],"startAt":1771844147308,"status":"passed","title":"should correctly compute total with all fees for VAT payer"},{"ancestorTitles":["Order Calculation: Non-VAT Payer"],"duration":1,"failing":false,"failureDetails":[],"failureMessages":[],"fullName":"Order Calculation: Non-VAT Payer should NOT compute VAT for non-VAT payer (even GE buyer)","invocations":1,"location":null,"numPassingAsserts":3,"retryReasons":[],"startAt":1771844147312,"status":"passed","title":"should NOT compute VAT for non-VAT payer (even GE buyer)"},{"ancestorTitles":["Order Calculation: Non-VAT Payer"],"duration":1,"failing":false,"failureDetails":[],"failureMessages":[],"fullName":"Order Calculation: Non-VAT Payer should still charge fees for non-VAT payer","invocations":1,"location":null,"numPassingAsserts":3,"retryReasons":[],"startAt":1771844147315,"status":"passed","title":"should still charge fees for non-VAT payer"},{"ancestorTitles":["Order Calculation: Edge Cases"],"duration":1,"failing":false,"failureDetails":[],"failureMessages":[],"fullName":"Order Calculation: Edge Cases should handle zero subtotal","invocations":1,"location":null,"numPassingAsserts":4,"retryReasons":[],"startAt":1771844147317,"status":"passed","title":"should handle zero subtotal"},{"ancestorTitles":["Order Calculation: Edge Cases"],"duration":1,"failing":false,"failureDetails":[],"failureMessages":[],"fullName":"Order Calculation: Edge Cases should handle very high subtotal","invocations":1,"location":null,"numPassingAsserts":3,"retryReasons":[],"startAt":1771844147320,"status":"passed","title":"should handle very high subtotal"},{"ancestorTitles":["Order Calculation: Edge Cases"],"duration":0,"failing":false,"failureDetails":[],"failureMessages":[],"fullName":"Order Calculation: Edge Cases should handle negative inputs gracefully (convert to 0)","invocations":1,"location":null,"numPassingAsserts":3,"retryReasons":[],"startAt":1771844147323,"status":"passed","title":"should handle negative inputs gracefully (convert to 0)"},{"ancestorTitles":["Order Calculation: Validation"],"duration":1,"failing":false,"failureDetails":[],"failureMessages":[],"fullName":"Order Calculation: Validation should validate successful calculation","invocations":1,"location":null,"numPassingAsserts":2,"retryReasons":[],"startAt":1771844147328,"status":"passed","title":"should validate successful calculation"},{"ancestorTitles":["Order Calculation: Validation"],"duration":1,"failing":false,"failureDetails":[],"failureMessages":[],"fullName":"Order Calculation: Validation should reject calculation with negative values","invocations":1,"location":null,"numPassingAsserts":2,"retryReasons":[],"startAt":1771844147331,"status":"passed","title":"should reject calculation with negative values"},{"ancestorTitles":["Order Calculation: Formatting"],"duration":1,"failing":false,"failureDetails":[],"failureMessages":[],"fullName":"Order Calculation: Formatting should format totals with currency symbol","invocations":1,"location":null,"numPassingAsserts":3,"retryReasons":[],"startAt":1771844147335,"status":"passed","title":"should format totals with currency symbol"},{"ancestorTitles":["Standard VAT Included Rounding"],"duration":1,"failing":false,"failureDetails":[],"failureMessages":[],"fullName":"Standard VAT Included Rounding should properly round VAT amount using included formula","invocations":1,"location":null,"numPassingAsserts":2,"retryReasons":[],"startAt":1771844147337,"status":"passed","title":"should properly round VAT amount using included formula"},{"ancestorTitles":["Standard VAT Included Rounding"],"duration":2,"failing":false,"failureDetails":[],"failureMessages":[],"fullName":"Standard VAT Included Rounding should handle VAT rounding for various amounts","invocations":1,"location":null,"numPassingAsserts":4,"retryReasons":[],"startAt":1771844147341,"status":"passed","title":"should handle VAT rounding for various amounts"}],"endTime":1771844147346,"message":"","name":"C:\\Projects\\avatar-g-frontend-v3\\__tests__\\finance\\taxStatus.test.ts","startTime":1771844147028,"status":"passed","summary":""},{"assertionResults":[{"ancestorTitles":["Dynamic Pricing Engine"],"duration":3,"failing":false,"failureDetails":[],"failureMessages":[],"fullName":"Dynamic Pricing Engine should increase price when margin below target","invocations":1,"location":null,"numPassingAsserts":2,"retryReasons":[],"startAt":1771844147590,"status":"passed","title":"should increase price when margin below target"},{"ancestorTitles":["Dynamic Pricing Engine"],"duration":1,"failing":false,"failureDetails":[],"failureMessages":[],"fullName":"Dynamic Pricing Engine should decrease price when inventory high","invocations":1,"location":null,"numPassingAsserts":2,"retryReasons":[],"startAt":1771844147601,"status":"passed","title":"should decrease price when inventory high"},{"ancestorTitles":["Dynamic Pricing Engine"],"duration":1,"failing":false,"failureDetails":[],"failureMessages":[],"fullName":"Dynamic Pricing Engine should decrease price for low conversion","invocations":1,"location":null,"numPassingAsserts":2,"retryReasons":[],"startAt":1771844147606,"status":"passed","title":"should decrease price for low conversion"},{"ancestorTitles":["Dynamic Pricing Engine"],"duration":1,"failing":false,"failureDetails":[],"failureMessages":[],"fullName":"Dynamic Pricing Engine should respect minimum margin floor","invocations":1,"location":null,"numPassingAsserts":2,"retryReasons":[],"startAt":1771844147617,"status":"passed","title":"should respect minimum margin floor"},{"ancestorTitles":["Dynamic Pricing Engine"],"duration":1,"failing":false,"failureDetails":[],"failureMessages":[],"fullName":"Dynamic Pricing Engine should estimate conversion after price change","invocations":1,"location":null,"numPassingAsserts":1,"retryReasons":[],"startAt":1771844147619,"status":"passed","title":"should estimate conversion after price change"},{"ancestorTitles":["Dynamic Pricing Engine"],"duration":0,"failing":false,"failureDetails":[],"failureMessages":[],"fullName":"Dynamic Pricing Engine should match competitor price when beneficial","invocations":1,"location":null,"numPassingAsserts":1,"retryReasons":[],"startAt":1771844147622,"status":"passed","title":"should match competitor price when beneficial"},{"ancestorTitles":["Conversion Optimization"],"duration":5,"failing":false,"failureDetails":[],"failureMessages":[],"fullName":"Conversion Optimization should identify awareness bottleneck when CTR low","invocations":1,"location":null,"numPassingAsserts":3,"retryReasons":[],"startAt":1771844147624,"status":"passed","title":"should identify awareness bottleneck when CTR low"},{"ancestorTitles":["Conversion Optimization"],"duration":1,"failing":false,"failureDetails":[],"failureMessages":[],"fullName":"Conversion Optimization should identify interest bottleneck when click-to-cart low","invocations":1,"location":null,"numPassingAsserts":2,"retryReasons":[],"startAt":1771844147631,"status":"passed","title":"should identify interest bottleneck when click-to-cart low"},{"ancestorTitles":["Conversion Optimization"],"duration":1,"failing":false,"failureDetails":[],"failureMessages":[],"fullName":"Conversion Optimization should identify decision bottleneck when cart-to-order low","invocations":1,"location":null,"numPassingAsserts":2,"retryReasons":[],"startAt":1771844147634,"status":"passed","title":"should identify decision bottleneck when cart-to-order low"},{"ancestorTitles":["Conversion Optimization"],"duration":0,"failing":false,"failureDetails":[],"failureMessages":[],"fullName":"Conversion Optimization should diagnose conversion health correctly","invocations":1,"location":null,"numPassingAsserts":2,"retryReasons":[],"startAt":1771844147637,"status":"passed","title":"should diagnose conversion health correctly"},{"ancestorTitles":["Conversion Optimization"],"duration":1,"failing":false,"failureDetails":[],"failureMessages":[],"fullName":"Conversion Optimization should estimate revenue impact of optimization","invocations":1,"location":null,"numPassingAsserts":1,"retryReasons":[],"startAt":1771844147639,"status":"passed","title":"should estimate revenue impact of optimization"},{"ancestorTitles":["Shipping Intelligence"],"duration":1,"failing":false,"failureDetails":[],"failureMessages":[],"fullName":"Shipping Intelligence should score shipping risk correctly","invocations":1,"location":null,"numPassingAsserts":2,"retryReasons":[],"startAt":1771844147643,"status":"passed","title":"should score shipping risk correctly"},{"ancestorTitles":["Shipping Intelligence"],"duration":1,"failing":false,"failureDetails":[],"failureMessages":[],"fullName":"Shipping Intelligence should penalize long delivery times","invocations":1,"location":null,"numPassingAsserts":3,"retryReasons":[],"startAt":1771844147646,"status":"passed","title":"should penalize long delivery times"},{"ancestorTitles":["Shipping Intelligence"],"duration":0,"failing":false,"failureDetails":[],"failureMessages":[],"fullName":"Shipping Intelligence should calculate carrier reliability score","invocations":1,"location":null,"numPassingAsserts":2,"retryReasons":[],"startAt":1771844147649,"status":"passed","title":"should calculate carrier reliability score"},{"ancestorTitles":["Shipping Intelligence"],"duration":1,"failing":false,"failureDetails":[],"failureMessages":[],"fullName":"Shipping Intelligence should optimize shipping strategy","invocations":1,"location":null,"numPassingAsserts":3,"retryReasons":[],"startAt":1771844147651,"status":"passed","title":"should optimize shipping strategy"},{"ancestorTitles":["Auto-Margin Guard"],"duration":1,"failing":false,"failureDetails":[],"failureMessages":[],"fullName":"Auto-Margin Guard should simulate worst-case margin correctly","invocations":1,"location":null,"numPassingAsserts":4,"retryReasons":[],"startAt":1771844147654,"status":"passed","title":"should simulate worst-case margin correctly"},{"ancestorTitles":["Auto-Margin Guard"],"duration":5,"failing":false,"failureDetails":[],"failureMessages":[],"fullName":"Auto-Margin Guard should approve when worst-case margin acceptable","invocations":1,"location":null,"numPassingAsserts":2,"retryReasons":[],"startAt":1771844147657,"status":"passed","title":"should approve when worst-case margin acceptable"},{"ancestorTitles":["Auto-Margin Guard"],"duration":1,"failing":false,"failureDetails":[],"failureMessages":[],"fullName":"Auto-Margin Guard should reject when worst-case margin unacceptable","invocations":1,"location":null,"numPassingAsserts":2,"retryReasons":[],"startAt":1771844147665,"status":"passed","title":"should reject when worst-case margin unacceptable"},{"ancestorTitles":["Auto-Margin Guard"],"duration":4,"failing":false,"failureDetails":[],"failureMessages":[],"fullName":"Auto-Margin Guard should calculate minimum price for worst-case survival","invocations":1,"location":null,"numPassingAsserts":2,"retryReasons":[],"startAt":1771844147668,"status":"passed","title":"should calculate minimum price for worst-case survival"},{"ancestorTitles":["Auto-Margin Guard"],"duration":2,"failing":false,"failureDetails":[],"failureMessages":[],"fullName":"Auto-Margin Guard should provide margin sensitivity analysis","invocations":1,"location":null,"numPassingAsserts":4,"retryReasons":[],"startAt":1771844147675,"status":"passed","title":"should provide margin sensitivity analysis"},{"ancestorTitles":["Integration: Combined Revenue Optimization"],"duration":2,"failing":false,"failureDetails":[],"failureMessages":[],"fullName":"Integration: Combined Revenue Optimization should flow: evaluate → price dynamically → monitor conversion → guard margins","invocations":1,"location":null,"numPassingAsserts":4,"retryReasons":[],"startAt":1771844147679,"status":"passed","title":"should flow: evaluate → price dynamically → monitor conversion → guard margins"}],"endTime":1771844147684,"message":"","name":"C:\\Projects\\avatar-g-frontend-v3\\__tests__\\revenue-optimization\\revenuOptimization.test.ts","startTime":1771844147371,"status":"passed","summary":""},{"assertionResults":[{"ancestorTitles":["detectTone"],"duration":3,"failing":false,"failureDetails":[],"failureMessages":[],"fullName":"detectTone detects stressed tone from georgian keyword","invocations":1,"location":null,"numPassingAsserts":2,"retryReasons":[],"startAt":1771844147982,"status":"passed","title":"detects stressed tone from georgian keyword"},{"ancestorTitles":["detectTone"],"duration":2,"failing":false,"failureDetails":[],"failureMessages":[],"fullName":"detectTone detects happy tone from gratitude keyword","invocations":1,"location":null,"numPassingAsserts":1,"retryReasons":[],"startAt":1771844147992,"status":"passed","title":"detects happy tone from gratitude keyword"},{"ancestorTitles":["detectTone"],"duration":1,"failing":false,"failureDetails":[],"failureMessages":[],"fullName":"detectTone detects angry tone from punctuation and caps","invocations":1,"location":null,"numPassingAsserts":1,"retryReasons":[],"startAt":1771844147997,"status":"passed","title":"detects angry tone from punctuation and caps"},{"ancestorTitles":["detectTone"],"duration":0,"failing":false,"failureDetails":[],"failureMessages":[],"fullName":"detectTone falls back to neutral for plain text","invocations":1,"location":null,"numPassingAsserts":1,"retryReasons":[],"startAt":1771844148000,"status":"passed","title":"falls back to neutral for plain text"}],"endTime":1771844148016,"message":"","name":"C:\\Projects\\avatar-g-frontend-v3\\__tests__\\lib\\agent-g.tone.test.ts","startTime":1771844147706,"status":"passed","summary":""},{"assertionResults":[{"ancestorTitles":["/api/agent-g/telegram/webhook voice path"],"duration":32,"failing":false,"failureDetails":[],"failureMessages":[],"fullName":"/api/agent-g/telegram/webhook voice path transcribes voice and sends audio response","invocations":1,"location":null,"numPassingAsserts":6,"retryReasons":[],"startAt":1771844148380,"status":"passed","title":"transcribes voice and sends audio response"}],"endTime":1771844148415,"message":"","name":"C:\\Projects\\avatar-g-frontend-v3\\__tests__\\api\\agent-g-telegram-voice-webhook.test.ts","startTime":1771844148070,"status":"passed","summary":""},{"assertionResults":[{"ancestorTitles":["OTP routes"],"duration":6,"failing":false,"failureDetails":[],"failureMessages":[],"fullName":"OTP routes send route validates phone and returns 400 for invalid input","invocations":1,"location":null,"numPassingAsserts":1,"retryReasons":[],"startAt":1771844148656,"status":"passed","title":"send route validates phone and returns 400 for invalid input"},{"ancestorTitles":["OTP routes"],"duration":3,"failing":false,"failureDetails":[],"failureMessages":[],"fullName":"OTP routes check route returns approved and triggers telegram notification","invocations":1,"location":null,"numPassingAsserts":8,"retryReasons":[],"startAt":1771844148665,"status":"passed","title":"check route returns approved and triggers telegram notification"}],"endTime":1771844148671,"message":"","name":"C:\\Projects\\avatar-g-frontend-v3\\__tests__\\api\\auth-otp-routes.test.ts","startTime":1771844148441,"status":"passed","summary":""},{"assertionResults":[{"ancestorTitles":["/api/billing/usage"],"duration":4,"failing":false,"failureDetails":[],"failureMessages":[],"fullName":"/api/billing/usage returns usage payload for authenticated user","invocations":1,"location":null,"numPassingAsserts":3,"retryReasons":[],"startAt":1771844148913,"status":"passed","title":"returns usage payload for authenticated user"}],"endTime":1771844148922,"message":"","name":"C:\\Projects\\avatar-g-frontend-v3\\__tests__\\api\\billing-usage-route.test.ts","startTime":1771844148688,"status":"passed","summary":""},{"assertionResults":[{"ancestorTitles":["/api/telegram/send"],"duration":3,"failing":false,"failureDetails":[],"failureMessages":[],"fullName":"/api/telegram/send returns 401 when admin key is missing","invocations":1,"location":null,"numPassingAsserts":1,"retryReasons":[],"startAt":1771844149476,"status":"passed","title":"returns 401 when admin key is missing"},{"ancestorTitles":["/api/telegram/send"],"duration":2,"failing":false,"failureDetails":[],"failureMessages":[],"fullName":"/api/telegram/send sends telegram message with valid admin key","invocations":1,"location":null,"numPassingAsserts":3,"retryReasons":[],"startAt":1771844149779,"status":"passed","title":"sends telegram message with valid admin key"}],"endTime":1771844149963,"message":"","name":"C:\\Projects\\avatar-g-frontend-v3\\__tests__\\api\\telegram-send-route.test.ts","startTime":1771844148938,"status":"passed","summary":""},{"assertionResults":[{"ancestorTitles":["finance simulator"],"duration":4,"failing":false,"failureDetails":[],"failureMessages":[],"fullName":"finance simulator simulateScenario returns basic projections","invocations":1,"location":null,"numPassingAsserts":4,"retryReasons":[],"startAt":1771844150224,"status":"passed","title":"simulateScenario returns basic projections"},{"ancestorTitles":["finance simulator"],"duration":1,"failing":false,"failureDetails":[],"failureMessages":[],"fullName":"finance simulator simulateScenario calculates break-even orders","invocations":1,"location":null,"numPassingAsserts":1,"retryReasons":[],"startAt":1771844150231,"status":"passed","title":"simulateScenario calculates break-even orders"},{"ancestorTitles":["finance simulator"],"duration":0,"failing":false,"failureDetails":[],"failureMessages":[],"fullName":"finance simulator simulateScenario returns null break-even on negative margin","invocations":1,"location":null,"numPassingAsserts":1,"retryReasons":[],"startAt":1771844150234,"status":"passed","title":"simulateScenario returns null break-even on negative margin"},{"ancestorTitles":["finance simulator"],"duration":2,"failing":false,"failureDetails":[],"failureMessages":[],"fullName":"finance simulator simulateScenario daily profit calculation","invocations":1,"location":null,"numPassingAsserts":2,"retryReasons":[],"startAt":1771844150236,"status":"passed","title":"simulateScenario daily profit calculation"},{"ancestorTitles":["finance simulator"],"duration":1,"failing":false,"failureDetails":[],"failureMessages":[],"fullName":"finance simulator simulateScenario with zero ad spend","invocations":1,"location":null,"numPassingAsserts":1,"retryReasons":[],"startAt":1771844150242,"status":"passed","title":"simulateScenario with zero ad spend"}],"endTime":1771844150246,"message":"","name":"C:\\Projects\\avatar-g-frontend-v3\\__tests__\\finance\\simulator.test.ts","startTime":1771844149985,"status":"passed","summary":""},{"assertionResults":[{"ancestorTitles":["Decision Engine"],"duration":57,"failing":false,"failureDetails":[],"failureMessages":[],"fullName":"Decision Engine publish profitable standard product","invocations":1,"location":null,"numPassingAsserts":3,"retryReasons":[],"startAt":1771844150529,"status":"passed","title":"publish profitable standard product"},{"ancestorTitles":["Decision Engine"],"duration":2,"failing":false,"failureDetails":[],"failureMessages":[],"fullName":"Decision Engine reject unprofitable product","invocations":1,"location":null,"numPassingAsserts":3,"retryReasons":[],"startAt":1771844150592,"status":"passed","title":"reject unprofitable product"},{"ancestorTitles":["Decision Engine"],"duration":1,"failing":false,"failureDetails":[],"failureMessages":[],"fullName":"Decision Engine reject low-margin product below standard threshold","invocations":1,"location":null,"numPassingAsserts":2,"retryReasons":[],"startAt":1771844150596,"status":"passed","title":"reject low-margin product below standard threshold"},{"ancestorTitles":["Decision Engine"],"duration":1,"failing":false,"failureDetails":[],"failureMessages":[],"fullName":"Decision Engine reject digital product below 70% margin","invocations":1,"location":null,"numPassingAsserts":2,"retryReasons":[],"startAt":1771844150599,"status":"passed","title":"reject digital product below 70% margin"},{"ancestorTitles":["Decision Engine"],"duration":3,"failing":false,"failureDetails":[],"failureMessages":[],"fullName":"Decision Engine provide price recommendation when rejected for margin","invocations":1,"location":null,"numPassingAsserts":3,"retryReasons":[],"startAt":1771844150602,"status":"passed","title":"provide price recommendation when rejected for margin"},{"ancestorTitles":["Decision Engine"],"duration":1,"failing":false,"failureDetails":[],"failureMessages":[],"fullName":"Decision Engine warn on high shipping days","invocations":1,"location":null,"numPassingAsserts":1,"retryReasons":[],"startAt":1771844150614,"status":"passed","title":"warn on high shipping days"},{"ancestorTitles":["Decision Engine"],"duration":1,"failing":false,"failureDetails":[],"failureMessages":[],"fullName":"Decision Engine warn on low refund reserve","invocations":1,"location":null,"numPassingAsserts":1,"retryReasons":[],"startAt":1771844150620,"status":"passed","title":"warn on low refund reserve"},{"ancestorTitles":["Decision Engine"],"duration":1,"failing":false,"failureDetails":[],"failureMessages":[],"fullName":"Decision Engine reject dropshipping with insufficient effective margin","invocations":1,"location":null,"numPassingAsserts":1,"retryReasons":[],"startAt":1771844150627,"status":"passed","title":"reject dropshipping with insufficient effective margin"}],"endTime":1771844150630,"message":"","name":"C:\\Projects\\avatar-g-frontend-v3\\__tests__\\decision-engine\\decisionEngine.test.ts","startTime":1771844150302,"status":"passed","summary":""},{"assertionResults":[{"ancestorTitles":["agent-g memory feature flag"],"duration":2,"failing":false,"failureDetails":[],"failureMessages":[],"fullName":"agent-g memory feature flag is disabled by default","invocations":1,"location":null,"numPassingAsserts":1,"retryReasons":[],"startAt":1771844150851,"status":"passed","title":"is disabled by default"},{"ancestorTitles":["agent-g memory feature flag"],"duration":5,"failing":false,"failureDetails":[],"failureMessages":[],"fullName":"agent-g memory feature flag short-circuits reads and writes when disabled","invocations":1,"location":null,"numPassingAsserts":4,"retryReasons":[],"startAt":1771844150856,"status":"passed","title":"short-circuits reads and writes when disabled"}],"endTime":1771844150865,"message":"","name":"C:\\Projects\\avatar-g-frontend-v3\\__tests__\\lib\\agent-g.memory-flag.test.ts","startTime":1771844150655,"status":"passed","summary":""},{"assertionResults":[{"ancestorTitles":["/api/org/branding"],"duration":3,"failing":false,"failureDetails":[],"failureMessages":[],"fullName":"/api/org/branding returns default branding when user has no tenant context","invocations":1,"location":null,"numPassingAsserts":3,"retryReasons":[],"startAt":1771844151133,"status":"passed","title":"returns default branding when user has no tenant context"}],"endTime":1771844151140,"message":"","name":"C:\\Projects\\avatar-g-frontend-v3\\__tests__\\api\\org-branding-route.test.ts","startTime":1771844150882,"status":"passed","summary":""},{"assertionResults":[{"ancestorTitles":["Billing Plan Enforcement"],"duration":3,"failing":false,"failureDetails":[],"failureMessages":[],"fullName":"Billing Plan Enforcement normalizes incoming plan names","invocations":1,"location":null,"numPassingAsserts":5,"retryReasons":[],"startAt":1771844151417,"status":"passed","title":"normalizes incoming plan names"},{"ancestorTitles":["Billing Plan Enforcement"],"duration":4,"failing":false,"failureDetails":[],"failureMessages":[],"fullName":"Billing Plan Enforcement supports rank comparisons for gating","invocations":1,"location":null,"numPassingAsserts":6,"retryReasons":[],"startAt":1771844151424,"status":"passed","title":"supports rank comparisons for gating"},{"ancestorTitles":["Billing Plan Enforcement"],"duration":2,"failing":false,"failureDetails":[],"failureMessages":[],"fullName":"Billing Plan Enforcement reads plan definitions safely","invocations":1,"location":null,"numPassingAsserts":2,"retryReasons":[],"startAt":1771844151433,"status":"passed","title":"reads plan definitions safely"}],"endTime":1771844151438,"message":"","name":"C:\\Projects\\avatar-g-frontend-v3\\__tests__\\billing\\plan-enforcement.test.ts","startTime":1771844151183,"status":"passed","summary":""},{"assertionResults":[{"ancestorTitles":["agent-g voice feature flag"],"duration":3,"failing":false,"failureDetails":[],"failureMessages":[],"fullName":"agent-g voice feature flag defaults to disabled","invocations":1,"location":null,"numPassingAsserts":1,"retryReasons":[],"startAt":1771844151790,"status":"passed","title":"defaults to disabled"},{"ancestorTitles":["agent-g voice feature flag"],"duration":1,"failing":false,"failureDetails":[],"failureMessages":[],"fullName":"agent-g voice feature flag enabled only when true","invocations":1,"location":null,"numPassingAsserts":2,"retryReasons":[],"startAt":1771844151800,"status":"passed","title":"enabled only when true"}],"endTime":1771844151803,"message":"","name":"C:\\Projects\\avatar-g-frontend-v3\\__tests__\\lib\\agent-g.voice-flag.test.ts","startTime":1771844151503,"status":"passed","summary":""},{"assertionResults":[{"ancestorTitles":["Sliding window rate limiting"],"duration":2,"failing":false,"failureDetails":[],"failureMessages":[],"fullName":"Sliding window rate limiting denies requests after limit is exceeded","invocations":1,"location":null,"numPassingAsserts":3,"retryReasons":[],"startAt":1771844152170,"status":"passed","title":"denies requests after limit is exceeded"}],"endTime":1771844152177,"message":"","name":"C:\\Projects\\avatar-g-frontend-v3\\__tests__\\lib\\rate-limit-window.test.ts","startTime":1771844151976,"status":"passed","summary":""}],"wasInterrupted":false}
